23:01:19 INFO  : Registering command handlers for SDK TCF services
23:01:21 INFO  : Launching XSCT server: xsct.bat -interactive F:\Egyetem\mikrorendszerek\ddr3_dma\ddr3_dma.sdk\temp_xsdb_launch_script.tcl
23:01:24 INFO  : XSCT server has started successfully.
23:01:28 INFO  : Successfully done setting XSCT server connection channel  
23:01:28 INFO  : Successfully done setting SDK workspace  
23:01:28 INFO  : Processing command line option -hwspec F:/Egyetem/mikrorendszerek/ddr3_dma/ddr3_dma.sdk/cpu_system_wrapper.hdf.
23:04:50 INFO  : Successfully generated F:\Egyetem\mikrorendszerek\ddr3_dma\ddr3_dma.sdk\dma_test\src\lscript.ld.
23:04:50 INFO  : Applying linker script to all configurations of project dma_test.
23:04:50 INFO  : Setting rebuild state to true for all configurations of project dma_test.
23:32:30 INFO  : 'targets -set -filter {jtag_cable_name =~ "Digilent Arty 210319754849A" && level==0} -index 0' command is executed.
23:32:30 INFO  : 'fpga -state' command is executed.
23:32:30 INFO  : Connected to target on host '127.0.0.1' and port '3121'.
23:32:30 INFO  : Jtag cable 'Digilent Arty 210319754849A' is selected.
23:32:30 INFO  : 'jtag frequency' command is executed.
23:32:30 INFO  : 'configparams mdm-detect-bscan-mask 2' command is executed.
23:32:30 INFO  : Context for processor 'microblaze_0' is selected.
23:32:30 INFO  : Processor reset is completed for 'microblaze_0'.
23:32:30 INFO  : Context for processor 'microblaze_0' is selected.
23:32:38 INFO  : The application 'F:/Egyetem/mikrorendszerek/ddr3_dma/ddr3_dma.sdk/dma_test/Debug/dma_test.elf' is downloaded to processor 'microblaze_0'.
23:32:38 INFO  : ----------------XSDB Script----------------
connect -url tcp:127.0.0.1:3121
configparams mdm-detect-bscan-mask 2
targets -set -nocase -filter {name =~ "microblaze*#0" && bscan=="USER2"  && jtag_cable_name =~ "Digilent Arty 210319754849A"} -index 0
rst -processor
targets -set -nocase -filter {name =~ "microblaze*#0" && bscan=="USER2"  && jtag_cable_name =~ "Digilent Arty 210319754849A"} -index 0
dow F:/Egyetem/mikrorendszerek/ddr3_dma/ddr3_dma.sdk/dma_test/Debug/dma_test.elf
----------------End of Script----------------

23:32:38 INFO  : Memory regions updated for context PA
23:32:38 INFO  : Memory regions updated for context PA
23:32:38 INFO  : Context for processor 'microblaze_0' is selected.
23:32:38 INFO  : 'con' command is executed.
23:32:38 INFO  : ----------------XSDB Script (After Launch)----------------
targets -set -nocase -filter {name =~ "microblaze*#0" && bscan=="USER2"  && jtag_cable_name =~ "Digilent Arty 210319754849A"} -index 0
con
----------------End of Script----------------

23:32:38 INFO  : Launch script is exported to file 'F:\Egyetem\mikrorendszerek\ddr3_dma\ddr3_dma.sdk\.sdk\launch_scripts\xilinx_c-c++_application_(system_debugger)\system_debugger_using_debug_dma_test.elf_on_local.tcl'
23:33:04 INFO  : Disconnected from the channel tcfchan#1.
23:33:05 INFO  : 'targets -set -filter {jtag_cable_name =~ "Digilent Arty 210319754849A" && level==0} -index 0' command is executed.
23:33:05 INFO  : 'fpga -state' command is executed.
23:33:05 INFO  : Connected to target on host '127.0.0.1' and port '3121'.
23:33:05 INFO  : Jtag cable 'Digilent Arty 210319754849A' is selected.
23:33:05 INFO  : 'jtag frequency' command is executed.
23:33:05 INFO  : 'configparams mdm-detect-bscan-mask 2' command is executed.
23:33:05 INFO  : Context for processor 'microblaze_0' is selected.
23:33:05 INFO  : Processor reset is completed for 'microblaze_0'.
23:33:05 INFO  : Context for processor 'microblaze_0' is selected.
23:33:14 INFO  : The application 'F:/Egyetem/mikrorendszerek/ddr3_dma/ddr3_dma.sdk/dma_test/Debug/dma_test.elf' is downloaded to processor 'microblaze_0'.
23:33:14 INFO  : ----------------XSDB Script----------------
connect -url tcp:127.0.0.1:3121
configparams mdm-detect-bscan-mask 2
targets -set -nocase -filter {name =~ "microblaze*#0" && bscan=="USER2"  && jtag_cable_name =~ "Digilent Arty 210319754849A"} -index 0
rst -processor
targets -set -nocase -filter {name =~ "microblaze*#0" && bscan=="USER2"  && jtag_cable_name =~ "Digilent Arty 210319754849A"} -index 0
dow F:/Egyetem/mikrorendszerek/ddr3_dma/ddr3_dma.sdk/dma_test/Debug/dma_test.elf
----------------End of Script----------------

23:33:14 INFO  : Memory regions updated for context PA
23:33:14 INFO  : Memory regions updated for context PA
23:33:14 INFO  : Context for processor 'microblaze_0' is selected.
23:33:14 INFO  : 'con' command is executed.
23:33:14 INFO  : ----------------XSDB Script (After Launch)----------------
targets -set -nocase -filter {name =~ "microblaze*#0" && bscan=="USER2"  && jtag_cable_name =~ "Digilent Arty 210319754849A"} -index 0
con
----------------End of Script----------------

23:33:14 INFO  : Launch script is exported to file 'F:\Egyetem\mikrorendszerek\ddr3_dma\ddr3_dma.sdk\.sdk\launch_scripts\xilinx_c-c++_application_(system_debugger)\system_debugger_using_debug_dma_test.elf_on_local.tcl'
23:33:54 INFO  : Disconnected from the channel tcfchan#2.
23:33:56 INFO  : 'targets -set -filter {jtag_cable_name =~ "Digilent Arty 210319754849A" && level==0} -index 0' command is executed.
23:33:56 INFO  : 'fpga -state' command is executed.
23:33:56 INFO  : Connected to target on host '127.0.0.1' and port '3121'.
23:33:56 INFO  : Jtag cable 'Digilent Arty 210319754849A' is selected.
23:33:56 INFO  : 'jtag frequency' command is executed.
23:33:56 INFO  : 'configparams mdm-detect-bscan-mask 2' command is executed.
23:33:56 INFO  : Context for processor 'microblaze_0' is selected.
23:33:56 INFO  : Processor reset is completed for 'microblaze_0'.
23:33:56 INFO  : Context for processor 'microblaze_0' is selected.
23:34:04 INFO  : The application 'F:/Egyetem/mikrorendszerek/ddr3_dma/ddr3_dma.sdk/dma_test/Debug/dma_test.elf' is downloaded to processor 'microblaze_0'.
23:34:04 INFO  : ----------------XSDB Script----------------
connect -url tcp:127.0.0.1:3121
configparams mdm-detect-bscan-mask 2
targets -set -nocase -filter {name =~ "microblaze*#0" && bscan=="USER2"  && jtag_cable_name =~ "Digilent Arty 210319754849A"} -index 0
rst -processor
targets -set -nocase -filter {name =~ "microblaze*#0" && bscan=="USER2"  && jtag_cable_name =~ "Digilent Arty 210319754849A"} -index 0
dow F:/Egyetem/mikrorendszerek/ddr3_dma/ddr3_dma.sdk/dma_test/Debug/dma_test.elf
----------------End of Script----------------

23:34:04 INFO  : Memory regions updated for context PA
23:34:04 INFO  : Memory regions updated for context PA
23:34:04 INFO  : Context for processor 'microblaze_0' is selected.
23:34:04 INFO  : 'con' command is executed.
23:34:04 INFO  : ----------------XSDB Script (After Launch)----------------
targets -set -nocase -filter {name =~ "microblaze*#0" && bscan=="USER2"  && jtag_cable_name =~ "Digilent Arty 210319754849A"} -index 0
con
----------------End of Script----------------

23:34:04 INFO  : Launch script is exported to file 'F:\Egyetem\mikrorendszerek\ddr3_dma\ddr3_dma.sdk\.sdk\launch_scripts\xilinx_c-c++_application_(system_debugger)\system_debugger_using_debug_dma_test.elf_on_local.tcl'
23:37:35 INFO  : Disconnected from the channel tcfchan#3.
13:56:31 INFO  : Registering command handlers for SDK TCF services
13:56:33 INFO  : Launching XSCT server: xsct.bat -interactive D:\D_Strabi\D_Dokumentumai\BME\MikrorendszerekTevezese\HF\K-gy-j-t-k\ddr3_dma\ddr3_dma.sdk\temp_xsdb_launch_script.tcl
13:56:39 INFO  : XSCT server has started successfully.
13:56:41 INFO  : Successfully done setting XSCT server connection channel  
13:56:41 INFO  : Successfully done setting SDK workspace  
13:56:41 INFO  : Processing command line option -hwspec D:/D_Strabi/D_Dokumentumai/BME/MikrorendszerekTevezese/HF/K-gy-j-t-k/ddr3_dma/ddr3_dma.sdk/cpu_system_wrapper.hdf.
14:06:33 INFO  : Launching XSCT server: xsct.bat -interactive D:\D_Strabi\D_Dokumentumai\BME\MikrorendszerekTevezese\HF\K-gy-j-t-k\ddr3_dma\ddr3_dma.sdk\temp_xsdb_launch_script.tcl
14:06:41 INFO  : XSCT server has started successfully.
14:06:41 INFO  : Successfully done setting XSCT server connection channel  
14:06:49 INFO  : Successfully done setting SDK workspace  
14:06:55 INFO  : Registering command handlers for SDK TCF services
14:06:58 INFO  : Processing command line option -hwspec D:/D_Strabi/D_Dokumentumai/BME/MikrorendszerekTevezese/HF/K-gy-j-t-k/ddr3_dma/ddr3_dma.sdk/cpu_system_wrapper.hdf.
14:06:59 INFO  : Checking for hwspec changes in the project cpu_system_wrapper_hw_platform_1.
14:06:59 INFO  : SDK has detected change in the last modified timestamps for source hardware specification file Source:1544101273634,  Project:1541794662633
14:06:59 INFO  : The hardware specification for project 'cpu_system_wrapper_hw_platform_1' is different from D:/D_Strabi/D_Dokumentumai/BME/MikrorendszerekTevezese/HF/K-gy-j-t-k/ddr3_dma/ddr3_dma.sdk/cpu_system_wrapper.hdf.
14:07:01 INFO  : Copied contents of D:/D_Strabi/D_Dokumentumai/BME/MikrorendszerekTevezese/HF/K-gy-j-t-k/ddr3_dma/ddr3_dma.sdk/cpu_system_wrapper.hdf into \cpu_system_wrapper_hw_platform_1\system.hdf.
14:07:07 INFO  : Synchronizing projects in the workspace with the hardware platform specification changes.
14:07:11 INFO  : Clearing existing target manager status.
14:07:11 INFO  : Workspace synchronized with the new hardware specification file. Cleaning dependent projects...
14:07:11 WARN  : Linker script will not be updated automatically. Users need to update it manually.
