15:45:08 INFO  : Registering command handlers for SDK TCF services
15:45:10 INFO  : Launching XSCT server: xsct.bat -interactive D:\Lab\AXI_DMA_Lab\AXI_DMA_Lab.sdk\temp_xsdb_launch_script.tcl
15:45:19 INFO  : XSCT server has started successfully.
15:45:28 INFO  : Successfully done setting XSCT server connection channel  
15:45:28 INFO  : Successfully done setting SDK workspace  
15:45:28 INFO  : Processing command line option -hwspec D:/Lab/AXI_DMA_Lab/AXI_DMA_Lab.sdk/design_1_wrapper.hdf.
15:51:33 INFO  : Launching XSCT server: xsct.bat -interactive D:\Lab\AXI_DMA_Lab\AXI_DMA_Lab.sdk\temp_xsdb_launch_script.tcl
15:51:35 INFO  : XSCT server has started successfully.
15:51:35 INFO  : Successfully done setting XSCT server connection channel  
15:51:35 INFO  : Successfully done setting SDK workspace  
15:51:39 INFO  : Registering command handlers for SDK TCF services
15:51:39 INFO  : Processing command line option -hwspec D:/Lab/AXI_DMA_Lab/AXI_DMA_Lab.sdk/design_1_wrapper.hdf.
15:51:40 INFO  : Checking for hwspec changes in the project design_1_wrapper_hw_platform_0.
15:54:19 INFO  : Registering command handlers for SDK TCF services
15:54:20 INFO  : Launching XSCT server: xsct.bat -interactive D:\Lab\AXI_DMA_Lab\AXI_DMA_Lab.sdk\temp_xsdb_launch_script.tcl
15:54:22 INFO  : XSCT server has started successfully.
15:54:22 INFO  : Processing command line option -hwspec D:/Lab/AXI_DMA_Lab/AXI_DMA_Lab.sdk/design_1_wrapper.hdf.
15:54:22 INFO  : Successfully done setting XSCT server connection channel  
15:54:22 INFO  : Checking for hwspec changes in the project design_1_wrapper_hw_platform_0.
15:54:24 INFO  : Successfully done setting SDK workspace  
15:57:09 INFO  : Inferring section assignments and sizes from elf file: D:\Lab\AXI_DMA_Lab\AXI_DMA_Lab.sdk\axi_dma\Debug\axi_dma.elf
15:57:56 INFO  : Successfully generated D:\Lab\AXI_DMA_Lab\AXI_DMA_Lab.sdk\axi_dma\src\lscript.ld.
15:57:56 INFO  : Applying linker script to all configurations of project axi_dma.
15:57:56 INFO  : Setting rebuild state to true for all configurations of project axi_dma.
16:02:47 INFO  : 'targets -set -filter {jtag_cable_name =~ "Digilent Arty 210319754849A" && level==0} -index 0' command is executed.
16:02:47 INFO  : 'fpga -state' command is executed.
16:02:47 INFO  : Connected to target on host '127.0.0.1' and port '3121'.
16:02:47 INFO  : Jtag cable 'Digilent Arty 210319754849A' is selected.
16:02:47 INFO  : 'jtag frequency' command is executed.
16:02:47 INFO  : 'configparams mdm-detect-bscan-mask 2' command is executed.
16:02:47 INFO  : Context for processor 'microblaze_0' is selected.
16:02:47 INFO  : Processor reset is completed for 'microblaze_0'.
16:02:47 INFO  : Context for processor 'microblaze_0' is selected.
16:02:56 INFO  : The application 'D:/Lab/AXI_DMA_Lab/AXI_DMA_Lab.sdk/axi_dma/Debug/axi_dma.elf' is downloaded to processor 'microblaze_0'.
16:02:56 INFO  : ----------------XSDB Script----------------
connect -url tcp:127.0.0.1:3121
configparams mdm-detect-bscan-mask 2
targets -set -nocase -filter {name =~ "microblaze*#0" && bscan=="USER2"  && jtag_cable_name =~ "Digilent Arty 210319754849A"} -index 0
rst -processor
targets -set -nocase -filter {name =~ "microblaze*#0" && bscan=="USER2"  && jtag_cable_name =~ "Digilent Arty 210319754849A"} -index 0
dow D:/Lab/AXI_DMA_Lab/AXI_DMA_Lab.sdk/axi_dma/Debug/axi_dma.elf
----------------End of Script----------------

16:02:56 INFO  : Memory regions updated for context PA
16:02:56 INFO  : Memory regions updated for context PA
16:02:56 INFO  : Context for processor 'microblaze_0' is selected.
16:02:56 INFO  : 'con' command is executed.
16:02:56 INFO  : ----------------XSDB Script (After Launch)----------------
targets -set -nocase -filter {name =~ "microblaze*#0" && bscan=="USER2"  && jtag_cable_name =~ "Digilent Arty 210319754849A"} -index 0
con
----------------End of Script----------------

16:02:56 INFO  : Launch script is exported to file 'D:\Lab\AXI_DMA_Lab\AXI_DMA_Lab.sdk\.sdk\launch_scripts\xilinx_c-c++_application_(system_debugger)\system_debugger_using_debug_axi_dma.elf_on_local.tcl'
16:03:22 INFO  : Disconnected from the channel tcfchan#1.
16:04:30 INFO  : 'targets -set -filter {jtag_cable_name =~ "Digilent Arty 210319754849A" && level==0} -index 0' command is executed.
16:04:30 INFO  : 'fpga -state' command is executed.
16:04:30 INFO  : Connected to target on host '127.0.0.1' and port '3121'.
16:04:30 INFO  : Jtag cable 'Digilent Arty 210319754849A' is selected.
16:04:30 INFO  : 'jtag frequency' command is executed.
16:04:30 INFO  : 'configparams mdm-detect-bscan-mask 2' command is executed.
16:04:30 INFO  : Context for processor 'microblaze_0' is selected.
16:04:30 INFO  : Processor reset is completed for 'microblaze_0'.
16:04:30 INFO  : Context for processor 'microblaze_0' is selected.
16:04:39 INFO  : The application 'D:/Lab/AXI_DMA_Lab/AXI_DMA_Lab.sdk/axi_dma/Debug/axi_dma.elf' is downloaded to processor 'microblaze_0'.
16:04:39 INFO  : ----------------XSDB Script----------------
connect -url tcp:127.0.0.1:3121
configparams mdm-detect-bscan-mask 2
targets -set -nocase -filter {name =~ "microblaze*#0" && bscan=="USER2"  && jtag_cable_name =~ "Digilent Arty 210319754849A"} -index 0
rst -processor
targets -set -nocase -filter {name =~ "microblaze*#0" && bscan=="USER2"  && jtag_cable_name =~ "Digilent Arty 210319754849A"} -index 0
dow D:/Lab/AXI_DMA_Lab/AXI_DMA_Lab.sdk/axi_dma/Debug/axi_dma.elf
----------------End of Script----------------

16:04:39 INFO  : Memory regions updated for context PA
16:04:39 INFO  : Memory regions updated for context PA
16:04:39 INFO  : Context for processor 'microblaze_0' is selected.
16:04:39 INFO  : 'con' command is executed.
16:04:39 INFO  : ----------------XSDB Script (After Launch)----------------
targets -set -nocase -filter {name =~ "microblaze*#0" && bscan=="USER2"  && jtag_cable_name =~ "Digilent Arty 210319754849A"} -index 0
con
----------------End of Script----------------

16:04:39 INFO  : Launch script is exported to file 'D:\Lab\AXI_DMA_Lab\AXI_DMA_Lab.sdk\.sdk\launch_scripts\xilinx_c-c++_application_(system_debugger)\system_debugger_using_debug_axi_dma.elf_on_local.tcl'
16:08:48 INFO  : Disconnected from the channel tcfchan#2.
16:08:49 INFO  : 'targets -set -filter {jtag_cable_name =~ "Digilent Arty 210319754849A" && level==0} -index 0' command is executed.
16:08:49 INFO  : 'fpga -state' command is executed.
16:08:49 INFO  : Connected to target on host '127.0.0.1' and port '3121'.
16:08:49 INFO  : Jtag cable 'Digilent Arty 210319754849A' is selected.
16:08:49 INFO  : 'jtag frequency' command is executed.
16:08:49 INFO  : 'configparams mdm-detect-bscan-mask 2' command is executed.
16:08:49 INFO  : Context for processor 'microblaze_0' is selected.
16:08:49 INFO  : Processor reset is completed for 'microblaze_0'.
16:08:49 INFO  : Context for processor 'microblaze_0' is selected.
16:08:58 INFO  : The application 'D:/Lab/AXI_DMA_Lab/AXI_DMA_Lab.sdk/axi_dma/Debug/axi_dma.elf' is downloaded to processor 'microblaze_0'.
16:08:58 INFO  : ----------------XSDB Script----------------
connect -url tcp:127.0.0.1:3121
configparams mdm-detect-bscan-mask 2
targets -set -nocase -filter {name =~ "microblaze*#0" && bscan=="USER2"  && jtag_cable_name =~ "Digilent Arty 210319754849A"} -index 0
rst -processor
targets -set -nocase -filter {name =~ "microblaze*#0" && bscan=="USER2"  && jtag_cable_name =~ "Digilent Arty 210319754849A"} -index 0
dow D:/Lab/AXI_DMA_Lab/AXI_DMA_Lab.sdk/axi_dma/Debug/axi_dma.elf
----------------End of Script----------------

16:08:58 INFO  : Memory regions updated for context PA
16:08:58 INFO  : Memory regions updated for context PA
16:08:58 INFO  : Context for processor 'microblaze_0' is selected.
16:08:58 INFO  : 'con' command is executed.
16:08:58 INFO  : ----------------XSDB Script (After Launch)----------------
targets -set -nocase -filter {name =~ "microblaze*#0" && bscan=="USER2"  && jtag_cable_name =~ "Digilent Arty 210319754849A"} -index 0
con
----------------End of Script----------------

16:08:58 INFO  : Launch script is exported to file 'D:\Lab\AXI_DMA_Lab\AXI_DMA_Lab.sdk\.sdk\launch_scripts\xilinx_c-c++_application_(system_debugger)\system_debugger_using_debug_axi_dma.elf_on_local.tcl'
16:09:28 INFO  : Disconnected from the channel tcfchan#3.
