00:48:22 INFO  : Registering command handlers for SDK TCF services
00:48:24 INFO  : Launching XSCT server: xsct.bat -interactive C:\Users\Janos\Documents\Vivado\Lab\AXI_DMA_Lab\AXI_DMA_Lab.sdk\temp_xsdb_launch_script.tcl
00:48:28 INFO  : XSCT server has started successfully.
00:48:29 INFO  : Successfully done setting XSCT server connection channel  
00:48:29 INFO  : Successfully done setting SDK workspace  
00:48:29 INFO  : Processing command line option -hwspec C:/Users/Janos/Documents/Vivado/Lab/AXI_DMA_Lab/AXI_DMA_Lab.sdk/design_1_wrapper.hdf.
00:51:04 INFO  : 'targets -set -filter {jtag_cable_name =~ "Digilent Arty 210319754849A" && level==0} -index 0' command is executed.
00:51:04 INFO  : 'fpga -state' command is executed.
00:51:35 INFO  : Connected to target on host '127.0.0.1' and port '3121'.
00:51:35 INFO  : 'targets -set -filter {jtag_cable_name =~ "Digilent Arty 210319754849A" && level==0} -index 0' command is executed.
00:51:37 INFO  : FPGA configured successfully with bitstream "C:/Users/Janos/Documents/Vivado/Lab/AXI_DMA_Lab/AXI_DMA_Lab.sdk/design_1_wrapper_hw_platform_0/download.bit"
00:51:43 INFO  : 'targets -set -filter {jtag_cable_name =~ "Digilent Arty 210319754849A" && level==0} -index 0' command is executed.
00:51:43 INFO  : 'fpga -state' command is executed.
00:51:43 INFO  : Connected to target on host '127.0.0.1' and port '3121'.
00:51:43 INFO  : Jtag cable 'Digilent Arty 210319754849A' is selected.
00:51:43 INFO  : 'jtag frequency' command is executed.
00:51:43 INFO  : 'configparams mdm-detect-bscan-mask 2' command is executed.
00:51:43 INFO  : Context for processor 'microblaze_0' is selected.
00:51:43 INFO  : Processor reset is completed for 'microblaze_0'.
00:51:43 INFO  : Context for processor 'microblaze_0' is selected.
00:51:46 INFO  : The application 'C:/Users/Janos/Documents/Vivado/Lab/AXI_DMA_Lab/AXI_DMA_Lab.sdk/Snake/Debug/Snake.elf' is downloaded to processor 'microblaze_0'.
00:51:46 INFO  : ----------------XSDB Script----------------
connect -url tcp:127.0.0.1:3121
configparams mdm-detect-bscan-mask 2
targets -set -nocase -filter {name =~ "microblaze*#0" && bscan=="USER2"  && jtag_cable_name =~ "Digilent Arty 210319754849A"} -index 0
rst -processor
targets -set -nocase -filter {name =~ "microblaze*#0" && bscan=="USER2"  && jtag_cable_name =~ "Digilent Arty 210319754849A"} -index 0
dow C:/Users/Janos/Documents/Vivado/Lab/AXI_DMA_Lab/AXI_DMA_Lab.sdk/Snake/Debug/Snake.elf
----------------End of Script----------------

00:51:46 INFO  : Memory regions updated for context PA
00:51:46 INFO  : Memory regions updated for context PA
00:51:46 INFO  : Context for processor 'microblaze_0' is selected.
00:51:47 INFO  : 'con' command is executed.
00:51:47 INFO  : ----------------XSDB Script (After Launch)----------------
targets -set -nocase -filter {name =~ "microblaze*#0" && bscan=="USER2"  && jtag_cable_name =~ "Digilent Arty 210319754849A"} -index 0
con
----------------End of Script----------------

00:51:47 INFO  : Launch script is exported to file 'C:\Users\Janos\Documents\Vivado\Lab\AXI_DMA_Lab\AXI_DMA_Lab.sdk\.sdk\launch_scripts\xilinx_c-c++_application_(system_debugger)\system_debugger_using_debug_snake.elf_on_local.tcl'
00:52:54 INFO  : Disconnected from the channel tcfchan#1.
00:52:55 INFO  : 'targets -set -filter {jtag_cable_name =~ "Digilent Arty 210319754849A" && level==0} -index 0' command is executed.
00:52:55 INFO  : 'fpga -state' command is executed.
00:52:55 INFO  : Connected to target on host '127.0.0.1' and port '3121'.
00:52:55 INFO  : Jtag cable 'Digilent Arty 210319754849A' is selected.
00:52:55 INFO  : 'jtag frequency' command is executed.
00:52:55 INFO  : 'configparams mdm-detect-bscan-mask 2' command is executed.
00:52:55 INFO  : Context for processor 'microblaze_0' is selected.
00:52:55 INFO  : Processor reset is completed for 'microblaze_0'.
00:52:55 INFO  : Context for processor 'microblaze_0' is selected.
00:52:58 INFO  : The application 'C:/Users/Janos/Documents/Vivado/Lab/AXI_DMA_Lab/AXI_DMA_Lab.sdk/Snake/Debug/Snake.elf' is downloaded to processor 'microblaze_0'.
00:52:58 INFO  : ----------------XSDB Script----------------
connect -url tcp:127.0.0.1:3121
configparams mdm-detect-bscan-mask 2
targets -set -nocase -filter {name =~ "microblaze*#0" && bscan=="USER2"  && jtag_cable_name =~ "Digilent Arty 210319754849A"} -index 0
rst -processor
targets -set -nocase -filter {name =~ "microblaze*#0" && bscan=="USER2"  && jtag_cable_name =~ "Digilent Arty 210319754849A"} -index 0
dow C:/Users/Janos/Documents/Vivado/Lab/AXI_DMA_Lab/AXI_DMA_Lab.sdk/Snake/Debug/Snake.elf
----------------End of Script----------------

00:52:58 INFO  : Memory regions updated for context PA
00:52:58 INFO  : Memory regions updated for context PA
00:52:58 INFO  : Context for processor 'microblaze_0' is selected.
00:52:58 INFO  : 'con' command is executed.
00:52:58 INFO  : ----------------XSDB Script (After Launch)----------------
targets -set -nocase -filter {name =~ "microblaze*#0" && bscan=="USER2"  && jtag_cable_name =~ "Digilent Arty 210319754849A"} -index 0
con
----------------End of Script----------------

00:52:58 INFO  : Launch script is exported to file 'C:\Users\Janos\Documents\Vivado\Lab\AXI_DMA_Lab\AXI_DMA_Lab.sdk\.sdk\launch_scripts\xilinx_c-c++_application_(system_debugger)\system_debugger_using_debug_snake.elf_on_local.tcl'
00:53:24 INFO  : Disconnected from the channel tcfchan#2.
00:53:25 INFO  : 'targets -set -filter {jtag_cable_name =~ "Digilent Arty 210319754849A" && level==0} -index 0' command is executed.
00:53:25 INFO  : 'fpga -state' command is executed.
00:53:25 INFO  : Connected to target on host '127.0.0.1' and port '3121'.
00:53:25 INFO  : Jtag cable 'Digilent Arty 210319754849A' is selected.
00:53:25 INFO  : 'jtag frequency' command is executed.
00:53:25 INFO  : 'configparams mdm-detect-bscan-mask 2' command is executed.
00:53:25 INFO  : Context for processor 'microblaze_0' is selected.
00:53:25 INFO  : Processor reset is completed for 'microblaze_0'.
00:53:25 INFO  : Context for processor 'microblaze_0' is selected.
00:53:28 INFO  : The application 'C:/Users/Janos/Documents/Vivado/Lab/AXI_DMA_Lab/AXI_DMA_Lab.sdk/Snake/Debug/Snake.elf' is downloaded to processor 'microblaze_0'.
00:53:28 INFO  : ----------------XSDB Script----------------
connect -url tcp:127.0.0.1:3121
configparams mdm-detect-bscan-mask 2
targets -set -nocase -filter {name =~ "microblaze*#0" && bscan=="USER2"  && jtag_cable_name =~ "Digilent Arty 210319754849A"} -index 0
rst -processor
targets -set -nocase -filter {name =~ "microblaze*#0" && bscan=="USER2"  && jtag_cable_name =~ "Digilent Arty 210319754849A"} -index 0
dow C:/Users/Janos/Documents/Vivado/Lab/AXI_DMA_Lab/AXI_DMA_Lab.sdk/Snake/Debug/Snake.elf
----------------End of Script----------------

00:53:28 INFO  : Memory regions updated for context PA
00:53:28 INFO  : Memory regions updated for context PA
00:53:28 INFO  : Context for processor 'microblaze_0' is selected.
00:53:28 INFO  : 'con' command is executed.
00:53:28 INFO  : ----------------XSDB Script (After Launch)----------------
targets -set -nocase -filter {name =~ "microblaze*#0" && bscan=="USER2"  && jtag_cable_name =~ "Digilent Arty 210319754849A"} -index 0
con
----------------End of Script----------------

00:53:28 INFO  : Launch script is exported to file 'C:\Users\Janos\Documents\Vivado\Lab\AXI_DMA_Lab\AXI_DMA_Lab.sdk\.sdk\launch_scripts\xilinx_c-c++_application_(system_debugger)\system_debugger_using_debug_snake.elf_on_local.tcl'
00:53:52 INFO  : Disconnected from the channel tcfchan#3.
00:53:53 INFO  : 'targets -set -filter {jtag_cable_name =~ "Digilent Arty 210319754849A" && level==0} -index 0' command is executed.
00:53:53 INFO  : 'fpga -state' command is executed.
00:53:53 INFO  : Connected to target on host '127.0.0.1' and port '3121'.
00:53:53 INFO  : Jtag cable 'Digilent Arty 210319754849A' is selected.
00:53:53 INFO  : 'jtag frequency' command is executed.
00:53:53 INFO  : 'configparams mdm-detect-bscan-mask 2' command is executed.
00:53:53 INFO  : Context for processor 'microblaze_0' is selected.
00:53:53 INFO  : Processor reset is completed for 'microblaze_0'.
00:53:53 INFO  : Context for processor 'microblaze_0' is selected.
00:53:56 INFO  : The application 'C:/Users/Janos/Documents/Vivado/Lab/AXI_DMA_Lab/AXI_DMA_Lab.sdk/Snake/Debug/Snake.elf' is downloaded to processor 'microblaze_0'.
00:53:56 INFO  : ----------------XSDB Script----------------
connect -url tcp:127.0.0.1:3121
configparams mdm-detect-bscan-mask 2
targets -set -nocase -filter {name =~ "microblaze*#0" && bscan=="USER2"  && jtag_cable_name =~ "Digilent Arty 210319754849A"} -index 0
rst -processor
targets -set -nocase -filter {name =~ "microblaze*#0" && bscan=="USER2"  && jtag_cable_name =~ "Digilent Arty 210319754849A"} -index 0
dow C:/Users/Janos/Documents/Vivado/Lab/AXI_DMA_Lab/AXI_DMA_Lab.sdk/Snake/Debug/Snake.elf
----------------End of Script----------------

00:53:56 INFO  : Memory regions updated for context PA
00:53:56 INFO  : Memory regions updated for context PA
00:53:56 INFO  : Context for processor 'microblaze_0' is selected.
00:53:56 INFO  : 'con' command is executed.
00:53:56 INFO  : ----------------XSDB Script (After Launch)----------------
targets -set -nocase -filter {name =~ "microblaze*#0" && bscan=="USER2"  && jtag_cable_name =~ "Digilent Arty 210319754849A"} -index 0
con
----------------End of Script----------------

00:53:56 INFO  : Launch script is exported to file 'C:\Users\Janos\Documents\Vivado\Lab\AXI_DMA_Lab\AXI_DMA_Lab.sdk\.sdk\launch_scripts\xilinx_c-c++_application_(system_debugger)\system_debugger_using_debug_snake.elf_on_local.tcl'
01:01:16 INFO  : Disconnected from the channel tcfchan#4.
09:58:02 INFO  : Registering command handlers for SDK TCF services
09:58:03 INFO  : Launching XSCT server: xsct.bat -interactive C:\Users\Janos\Documents\Vivado\Lab\AXI_DMA_Lab\AXI_DMA_Lab.sdk\temp_xsdb_launch_script.tcl
09:58:08 INFO  : XSCT server has started successfully.
09:58:09 INFO  : Successfully done setting XSCT server connection channel  
09:58:09 INFO  : Successfully done setting SDK workspace  
09:58:09 INFO  : Processing command line option -hwspec C:/Users/Janos/Documents/Vivado/Lab/AXI_DMA_Lab/AXI_DMA_Lab.sdk/design_1_wrapper.hdf.
09:58:09 INFO  : Checking for hwspec changes in the project design_1_wrapper_hw_platform_0.
09:58:55 INFO  : Connected to target on host '127.0.0.1' and port '3121'.
09:58:57 INFO  : 'targets -set -filter {jtag_cable_name =~ "Digilent Arty 210319754849A" && level==0} -index 0' command is executed.
09:58:59 INFO  : FPGA configured successfully with bitstream "C:/Users/Janos/Documents/Vivado/Lab/AXI_DMA_Lab/AXI_DMA_Lab.sdk/design_1_wrapper_hw_platform_0/download.bit"
10:01:21 INFO  : 'targets -set -filter {jtag_cable_name =~ "Digilent Arty 210319754849A" && level==0} -index 0' command is executed.
10:01:21 INFO  : 'fpga -state' command is executed.
10:01:21 INFO  : Connected to target on host '127.0.0.1' and port '3121'.
10:01:22 INFO  : Jtag cable 'Digilent Arty 210319754849A' is selected.
10:01:22 INFO  : 'jtag frequency' command is executed.
10:01:22 INFO  : 'configparams mdm-detect-bscan-mask 2' command is executed.
10:01:22 INFO  : Context for processor 'microblaze_0' is selected.
10:01:22 INFO  : Processor reset is completed for 'microblaze_0'.
10:01:22 INFO  : Context for processor 'microblaze_0' is selected.
10:01:25 INFO  : The application 'C:/Users/Janos/Documents/Vivado/Lab/AXI_DMA_Lab/AXI_DMA_Lab.sdk/Snake/Debug/Snake.elf' is downloaded to processor 'microblaze_0'.
10:01:25 INFO  : ----------------XSDB Script----------------
connect -url tcp:127.0.0.1:3121
configparams mdm-detect-bscan-mask 2
targets -set -nocase -filter {name =~ "microblaze*#0" && bscan=="USER2"  && jtag_cable_name =~ "Digilent Arty 210319754849A"} -index 0
rst -processor
targets -set -nocase -filter {name =~ "microblaze*#0" && bscan=="USER2"  && jtag_cable_name =~ "Digilent Arty 210319754849A"} -index 0
dow C:/Users/Janos/Documents/Vivado/Lab/AXI_DMA_Lab/AXI_DMA_Lab.sdk/Snake/Debug/Snake.elf
----------------End of Script----------------

10:01:25 INFO  : Memory regions updated for context PA
10:01:25 INFO  : Memory regions updated for context PA
10:01:25 INFO  : Context for processor 'microblaze_0' is selected.
10:01:25 INFO  : 'con' command is executed.
10:01:25 INFO  : ----------------XSDB Script (After Launch)----------------
targets -set -nocase -filter {name =~ "microblaze*#0" && bscan=="USER2"  && jtag_cable_name =~ "Digilent Arty 210319754849A"} -index 0
con
----------------End of Script----------------

10:01:25 INFO  : Launch script is exported to file 'C:\Users\Janos\Documents\Vivado\Lab\AXI_DMA_Lab\AXI_DMA_Lab.sdk\.sdk\launch_scripts\xilinx_c-c++_application_(system_debugger)\system_debugger_using_debug_snake.elf_on_local.tcl'
10:09:53 INFO  : Disconnected from the channel tcfchan#1.
10:09:54 INFO  : 'targets -set -filter {jtag_cable_name =~ "Digilent Arty 210319754849A" && level==0} -index 0' command is executed.
10:09:54 INFO  : 'fpga -state' command is executed.
10:09:54 INFO  : Connected to target on host '127.0.0.1' and port '3121'.
10:09:54 INFO  : Jtag cable 'Digilent Arty 210319754849A' is selected.
10:09:54 INFO  : 'jtag frequency' command is executed.
10:09:54 INFO  : 'configparams mdm-detect-bscan-mask 2' command is executed.
10:09:54 INFO  : Context for processor 'microblaze_0' is selected.
10:09:54 INFO  : Processor reset is completed for 'microblaze_0'.
10:09:55 INFO  : Context for processor 'microblaze_0' is selected.
10:09:57 INFO  : The application 'C:/Users/Janos/Documents/Vivado/Lab/AXI_DMA_Lab/AXI_DMA_Lab.sdk/Snake/Debug/Snake.elf' is downloaded to processor 'microblaze_0'.
10:09:57 INFO  : ----------------XSDB Script----------------
connect -url tcp:127.0.0.1:3121
configparams mdm-detect-bscan-mask 2
targets -set -nocase -filter {name =~ "microblaze*#0" && bscan=="USER2"  && jtag_cable_name =~ "Digilent Arty 210319754849A"} -index 0
rst -processor
targets -set -nocase -filter {name =~ "microblaze*#0" && bscan=="USER2"  && jtag_cable_name =~ "Digilent Arty 210319754849A"} -index 0
dow C:/Users/Janos/Documents/Vivado/Lab/AXI_DMA_Lab/AXI_DMA_Lab.sdk/Snake/Debug/Snake.elf
----------------End of Script----------------

10:09:57 INFO  : Memory regions updated for context PA
10:09:57 INFO  : Memory regions updated for context PA
10:09:57 INFO  : Context for processor 'microblaze_0' is selected.
10:09:57 INFO  : 'con' command is executed.
10:09:57 INFO  : ----------------XSDB Script (After Launch)----------------
targets -set -nocase -filter {name =~ "microblaze*#0" && bscan=="USER2"  && jtag_cable_name =~ "Digilent Arty 210319754849A"} -index 0
con
----------------End of Script----------------

10:09:57 INFO  : Launch script is exported to file 'C:\Users\Janos\Documents\Vivado\Lab\AXI_DMA_Lab\AXI_DMA_Lab.sdk\.sdk\launch_scripts\xilinx_c-c++_application_(system_debugger)\system_debugger_using_debug_snake.elf_on_local.tcl'
10:26:07 INFO  : Disconnected from the channel tcfchan#2.
10:26:09 INFO  : 'targets -set -filter {jtag_cable_name =~ "Digilent Arty 210319754849A" && level==0} -index 0' command is executed.
10:26:09 INFO  : 'fpga -state' command is executed.
10:26:09 INFO  : Connected to target on host '127.0.0.1' and port '3121'.
10:26:09 INFO  : Jtag cable 'Digilent Arty 210319754849A' is selected.
10:26:09 INFO  : 'jtag frequency' command is executed.
10:26:10 INFO  : 'configparams mdm-detect-bscan-mask 2' command is executed.
10:26:10 INFO  : Context for processor 'microblaze_0' is selected.
10:26:10 INFO  : Processor reset is completed for 'microblaze_0'.
10:26:10 INFO  : Context for processor 'microblaze_0' is selected.
10:26:13 INFO  : The application 'C:/Users/Janos/Documents/Vivado/Lab/AXI_DMA_Lab/AXI_DMA_Lab.sdk/Snake/Debug/Snake.elf' is downloaded to processor 'microblaze_0'.
10:26:13 INFO  : ----------------XSDB Script----------------
connect -url tcp:127.0.0.1:3121
configparams mdm-detect-bscan-mask 2
targets -set -nocase -filter {name =~ "microblaze*#0" && bscan=="USER2"  && jtag_cable_name =~ "Digilent Arty 210319754849A"} -index 0
rst -processor
targets -set -nocase -filter {name =~ "microblaze*#0" && bscan=="USER2"  && jtag_cable_name =~ "Digilent Arty 210319754849A"} -index 0
dow C:/Users/Janos/Documents/Vivado/Lab/AXI_DMA_Lab/AXI_DMA_Lab.sdk/Snake/Debug/Snake.elf
----------------End of Script----------------

10:26:13 INFO  : Memory regions updated for context PA
10:26:13 INFO  : Memory regions updated for context PA
10:26:13 INFO  : Context for processor 'microblaze_0' is selected.
10:26:13 INFO  : 'con' command is executed.
10:26:13 INFO  : ----------------XSDB Script (After Launch)----------------
targets -set -nocase -filter {name =~ "microblaze*#0" && bscan=="USER2"  && jtag_cable_name =~ "Digilent Arty 210319754849A"} -index 0
con
----------------End of Script----------------

10:26:13 INFO  : Launch script is exported to file 'C:\Users\Janos\Documents\Vivado\Lab\AXI_DMA_Lab\AXI_DMA_Lab.sdk\.sdk\launch_scripts\xilinx_c-c++_application_(system_debugger)\system_debugger_using_debug_snake.elf_on_local.tcl'
10:30:40 INFO  : Disconnected from the channel tcfchan#3.
10:30:41 INFO  : 'targets -set -filter {jtag_cable_name =~ "Digilent Arty 210319754849A" && level==0} -index 0' command is executed.
10:30:41 INFO  : 'fpga -state' command is executed.
10:30:41 INFO  : Connected to target on host '127.0.0.1' and port '3121'.
10:30:41 INFO  : Jtag cable 'Digilent Arty 210319754849A' is selected.
10:30:41 INFO  : 'jtag frequency' command is executed.
10:30:41 INFO  : 'configparams mdm-detect-bscan-mask 2' command is executed.
10:30:41 INFO  : Context for processor 'microblaze_0' is selected.
10:30:41 INFO  : Processor reset is completed for 'microblaze_0'.
10:30:42 INFO  : Context for processor 'microblaze_0' is selected.
10:30:45 INFO  : The application 'C:/Users/Janos/Documents/Vivado/Lab/AXI_DMA_Lab/AXI_DMA_Lab.sdk/Snake/Debug/Snake.elf' is downloaded to processor 'microblaze_0'.
10:30:45 INFO  : ----------------XSDB Script----------------
connect -url tcp:127.0.0.1:3121
configparams mdm-detect-bscan-mask 2
targets -set -nocase -filter {name =~ "microblaze*#0" && bscan=="USER2"  && jtag_cable_name =~ "Digilent Arty 210319754849A"} -index 0
rst -processor
targets -set -nocase -filter {name =~ "microblaze*#0" && bscan=="USER2"  && jtag_cable_name =~ "Digilent Arty 210319754849A"} -index 0
dow C:/Users/Janos/Documents/Vivado/Lab/AXI_DMA_Lab/AXI_DMA_Lab.sdk/Snake/Debug/Snake.elf
----------------End of Script----------------

10:30:45 INFO  : Memory regions updated for context PA
10:30:45 INFO  : Memory regions updated for context PA
10:30:45 INFO  : Context for processor 'microblaze_0' is selected.
10:30:45 INFO  : 'con' command is executed.
10:30:45 INFO  : ----------------XSDB Script (After Launch)----------------
targets -set -nocase -filter {name =~ "microblaze*#0" && bscan=="USER2"  && jtag_cable_name =~ "Digilent Arty 210319754849A"} -index 0
con
----------------End of Script----------------

10:30:45 INFO  : Launch script is exported to file 'C:\Users\Janos\Documents\Vivado\Lab\AXI_DMA_Lab\AXI_DMA_Lab.sdk\.sdk\launch_scripts\xilinx_c-c++_application_(system_debugger)\system_debugger_using_debug_snake.elf_on_local.tcl'
10:32:09 INFO  : Disconnected from the channel tcfchan#4.
10:32:52 INFO  : Registering command handlers for SDK TCF services
10:32:54 INFO  : Launching XSCT server: xsct.bat -interactive C:\Users\Janos\Documents\Vivado\Lab\AXI_DMA_Lab\AXI_DMA_Lab.sdk\temp_xsdb_launch_script.tcl
10:33:07 INFO  : XSCT server has started successfully.
10:33:08 INFO  : Processing command line option -hwspec C:/Users/Janos/Documents/Vivado/Lab/AXI_DMA_Lab/AXI_DMA_Lab.sdk/design_1_wrapper.hdf.
10:33:08 INFO  : Checking for hwspec changes in the project design_1_wrapper_hw_platform_0.
10:33:08 INFO  : Successfully done setting XSCT server connection channel  
10:33:19 INFO  : Successfully done setting SDK workspace  
11:11:05 INFO  : 'targets -set -filter {jtag_cable_name =~ "Digilent Arty 210319754849A" && level==0} -index 0' command is executed.
11:11:05 INFO  : 'fpga -state' command is executed.
11:11:05 INFO  : Connected to target on host '127.0.0.1' and port '3121'.
11:11:06 INFO  : Jtag cable 'Digilent Arty 210319754849A' is selected.
11:11:06 INFO  : 'jtag frequency' command is executed.
11:11:06 INFO  : 'configparams mdm-detect-bscan-mask 2' command is executed.
11:11:06 INFO  : Context for processor 'microblaze_0' is selected.
11:11:06 INFO  : Processor reset is completed for 'microblaze_0'.
11:11:06 INFO  : Context for processor 'microblaze_0' is selected.
11:11:10 INFO  : The application 'C:/Users/Janos/Documents/Vivado/Lab/AXI_DMA_Lab/AXI_DMA_Lab.sdk/Snake/Debug/Snake.elf' is downloaded to processor 'microblaze_0'.
11:11:10 INFO  : ----------------XSDB Script----------------
connect -url tcp:127.0.0.1:3121
configparams mdm-detect-bscan-mask 2
targets -set -nocase -filter {name =~ "microblaze*#0" && bscan=="USER2"  && jtag_cable_name =~ "Digilent Arty 210319754849A"} -index 0
rst -processor
targets -set -nocase -filter {name =~ "microblaze*#0" && bscan=="USER2"  && jtag_cable_name =~ "Digilent Arty 210319754849A"} -index 0
dow C:/Users/Janos/Documents/Vivado/Lab/AXI_DMA_Lab/AXI_DMA_Lab.sdk/Snake/Debug/Snake.elf
----------------End of Script----------------

11:11:10 INFO  : Memory regions updated for context PA
11:11:10 INFO  : Memory regions updated for context PA
11:11:10 INFO  : Context for processor 'microblaze_0' is selected.
11:11:10 INFO  : 'con' command is executed.
11:11:10 INFO  : ----------------XSDB Script (After Launch)----------------
targets -set -nocase -filter {name =~ "microblaze*#0" && bscan=="USER2"  && jtag_cable_name =~ "Digilent Arty 210319754849A"} -index 0
con
----------------End of Script----------------

11:11:10 INFO  : Launch script is exported to file 'C:\Users\Janos\Documents\Vivado\Lab\AXI_DMA_Lab\AXI_DMA_Lab.sdk\.sdk\launch_scripts\xilinx_c-c++_application_(system_debugger)\system_debugger_using_debug_snake.elf_on_local.tcl'
11:11:57 INFO  : Disconnected from the channel tcfchan#1.
11:11:58 INFO  : 'targets -set -filter {jtag_cable_name =~ "Digilent Arty 210319754849A" && level==0} -index 0' command is executed.
11:11:58 INFO  : 'fpga -state' command is executed.
11:11:58 INFO  : Connected to target on host '127.0.0.1' and port '3121'.
11:11:59 INFO  : Jtag cable 'Digilent Arty 210319754849A' is selected.
11:11:59 INFO  : 'jtag frequency' command is executed.
11:11:59 INFO  : 'configparams mdm-detect-bscan-mask 2' command is executed.
11:11:59 INFO  : Context for processor 'microblaze_0' is selected.
11:11:59 INFO  : Processor reset is completed for 'microblaze_0'.
11:11:59 INFO  : Context for processor 'microblaze_0' is selected.
11:12:02 INFO  : The application 'C:/Users/Janos/Documents/Vivado/Lab/AXI_DMA_Lab/AXI_DMA_Lab.sdk/Snake/Debug/Snake.elf' is downloaded to processor 'microblaze_0'.
11:12:02 INFO  : ----------------XSDB Script----------------
connect -url tcp:127.0.0.1:3121
configparams mdm-detect-bscan-mask 2
targets -set -nocase -filter {name =~ "microblaze*#0" && bscan=="USER2"  && jtag_cable_name =~ "Digilent Arty 210319754849A"} -index 0
rst -processor
targets -set -nocase -filter {name =~ "microblaze*#0" && bscan=="USER2"  && jtag_cable_name =~ "Digilent Arty 210319754849A"} -index 0
dow C:/Users/Janos/Documents/Vivado/Lab/AXI_DMA_Lab/AXI_DMA_Lab.sdk/Snake/Debug/Snake.elf
----------------End of Script----------------

11:12:02 INFO  : Memory regions updated for context PA
11:12:02 INFO  : Memory regions updated for context PA
11:12:03 INFO  : Context for processor 'microblaze_0' is selected.
11:12:03 INFO  : 'con' command is executed.
11:12:03 INFO  : ----------------XSDB Script (After Launch)----------------
targets -set -nocase -filter {name =~ "microblaze*#0" && bscan=="USER2"  && jtag_cable_name =~ "Digilent Arty 210319754849A"} -index 0
con
----------------End of Script----------------

11:12:03 INFO  : Launch script is exported to file 'C:\Users\Janos\Documents\Vivado\Lab\AXI_DMA_Lab\AXI_DMA_Lab.sdk\.sdk\launch_scripts\xilinx_c-c++_application_(system_debugger)\system_debugger_using_debug_snake.elf_on_local.tcl'
11:19:31 INFO  : Disconnected from the channel tcfchan#2.
11:19:32 INFO  : 'targets -set -filter {jtag_cable_name =~ "Digilent Arty 210319754849A" && level==0} -index 0' command is executed.
11:19:32 INFO  : 'fpga -state' command is executed.
11:19:32 INFO  : Connected to target on host '127.0.0.1' and port '3121'.
11:19:32 INFO  : Jtag cable 'Digilent Arty 210319754849A' is selected.
11:19:32 INFO  : 'jtag frequency' command is executed.
11:19:32 INFO  : 'configparams mdm-detect-bscan-mask 2' command is executed.
11:19:32 INFO  : Context for processor 'microblaze_0' is selected.
11:19:32 INFO  : Processor reset is completed for 'microblaze_0'.
11:19:33 INFO  : Context for processor 'microblaze_0' is selected.
11:19:35 INFO  : The application 'C:/Users/Janos/Documents/Vivado/Lab/AXI_DMA_Lab/AXI_DMA_Lab.sdk/Snake/Debug/Snake.elf' is downloaded to processor 'microblaze_0'.
11:19:35 INFO  : ----------------XSDB Script----------------
connect -url tcp:127.0.0.1:3121
configparams mdm-detect-bscan-mask 2
targets -set -nocase -filter {name =~ "microblaze*#0" && bscan=="USER2"  && jtag_cable_name =~ "Digilent Arty 210319754849A"} -index 0
rst -processor
targets -set -nocase -filter {name =~ "microblaze*#0" && bscan=="USER2"  && jtag_cable_name =~ "Digilent Arty 210319754849A"} -index 0
dow C:/Users/Janos/Documents/Vivado/Lab/AXI_DMA_Lab/AXI_DMA_Lab.sdk/Snake/Debug/Snake.elf
----------------End of Script----------------

11:19:35 INFO  : Memory regions updated for context PA
11:19:35 INFO  : Memory regions updated for context PA
11:19:35 INFO  : Context for processor 'microblaze_0' is selected.
11:19:35 INFO  : 'con' command is executed.
11:19:35 INFO  : ----------------XSDB Script (After Launch)----------------
targets -set -nocase -filter {name =~ "microblaze*#0" && bscan=="USER2"  && jtag_cable_name =~ "Digilent Arty 210319754849A"} -index 0
con
----------------End of Script----------------

11:19:35 INFO  : Launch script is exported to file 'C:\Users\Janos\Documents\Vivado\Lab\AXI_DMA_Lab\AXI_DMA_Lab.sdk\.sdk\launch_scripts\xilinx_c-c++_application_(system_debugger)\system_debugger_using_debug_snake.elf_on_local.tcl'
11:20:13 INFO  : Disconnected from the channel tcfchan#3.
11:20:14 INFO  : 'targets -set -filter {jtag_cable_name =~ "Digilent Arty 210319754849A" && level==0} -index 0' command is executed.
11:20:14 INFO  : 'fpga -state' command is executed.
11:20:14 INFO  : Connected to target on host '127.0.0.1' and port '3121'.
11:20:15 INFO  : Jtag cable 'Digilent Arty 210319754849A' is selected.
11:20:15 INFO  : 'jtag frequency' command is executed.
11:20:15 INFO  : 'configparams mdm-detect-bscan-mask 2' command is executed.
11:20:15 INFO  : Context for processor 'microblaze_0' is selected.
11:20:15 INFO  : Processor reset is completed for 'microblaze_0'.
11:20:15 INFO  : Context for processor 'microblaze_0' is selected.
11:20:17 INFO  : The application 'C:/Users/Janos/Documents/Vivado/Lab/AXI_DMA_Lab/AXI_DMA_Lab.sdk/Snake/Debug/Snake.elf' is downloaded to processor 'microblaze_0'.
11:20:17 INFO  : ----------------XSDB Script----------------
connect -url tcp:127.0.0.1:3121
configparams mdm-detect-bscan-mask 2
targets -set -nocase -filter {name =~ "microblaze*#0" && bscan=="USER2"  && jtag_cable_name =~ "Digilent Arty 210319754849A"} -index 0
rst -processor
targets -set -nocase -filter {name =~ "microblaze*#0" && bscan=="USER2"  && jtag_cable_name =~ "Digilent Arty 210319754849A"} -index 0
dow C:/Users/Janos/Documents/Vivado/Lab/AXI_DMA_Lab/AXI_DMA_Lab.sdk/Snake/Debug/Snake.elf
----------------End of Script----------------

11:20:17 INFO  : Memory regions updated for context PA
11:20:17 INFO  : Memory regions updated for context PA
11:20:18 INFO  : Context for processor 'microblaze_0' is selected.
11:20:18 INFO  : 'con' command is executed.
11:20:18 INFO  : ----------------XSDB Script (After Launch)----------------
targets -set -nocase -filter {name =~ "microblaze*#0" && bscan=="USER2"  && jtag_cable_name =~ "Digilent Arty 210319754849A"} -index 0
con
----------------End of Script----------------

11:20:18 INFO  : Launch script is exported to file 'C:\Users\Janos\Documents\Vivado\Lab\AXI_DMA_Lab\AXI_DMA_Lab.sdk\.sdk\launch_scripts\xilinx_c-c++_application_(system_debugger)\system_debugger_using_debug_snake.elf_on_local.tcl'
11:21:54 INFO  : Disconnected from the channel tcfchan#4.
11:21:56 INFO  : 'targets -set -filter {jtag_cable_name =~ "Digilent Arty 210319754849A" && level==0} -index 0' command is executed.
11:21:56 INFO  : 'fpga -state' command is executed.
11:21:56 INFO  : Connected to target on host '127.0.0.1' and port '3121'.
11:21:56 INFO  : Jtag cable 'Digilent Arty 210319754849A' is selected.
11:21:56 INFO  : 'jtag frequency' command is executed.
11:21:56 INFO  : 'configparams mdm-detect-bscan-mask 2' command is executed.
11:21:56 INFO  : Context for processor 'microblaze_0' is selected.
11:21:56 INFO  : Processor reset is completed for 'microblaze_0'.
11:21:56 INFO  : Context for processor 'microblaze_0' is selected.
11:21:59 INFO  : The application 'C:/Users/Janos/Documents/Vivado/Lab/AXI_DMA_Lab/AXI_DMA_Lab.sdk/Snake/Debug/Snake.elf' is downloaded to processor 'microblaze_0'.
11:21:59 INFO  : ----------------XSDB Script----------------
connect -url tcp:127.0.0.1:3121
configparams mdm-detect-bscan-mask 2
targets -set -nocase -filter {name =~ "microblaze*#0" && bscan=="USER2"  && jtag_cable_name =~ "Digilent Arty 210319754849A"} -index 0
rst -processor
targets -set -nocase -filter {name =~ "microblaze*#0" && bscan=="USER2"  && jtag_cable_name =~ "Digilent Arty 210319754849A"} -index 0
dow C:/Users/Janos/Documents/Vivado/Lab/AXI_DMA_Lab/AXI_DMA_Lab.sdk/Snake/Debug/Snake.elf
----------------End of Script----------------

11:21:59 INFO  : Memory regions updated for context PA
11:21:59 INFO  : Memory regions updated for context PA
11:21:59 INFO  : Context for processor 'microblaze_0' is selected.
11:21:59 INFO  : 'con' command is executed.
11:21:59 INFO  : ----------------XSDB Script (After Launch)----------------
targets -set -nocase -filter {name =~ "microblaze*#0" && bscan=="USER2"  && jtag_cable_name =~ "Digilent Arty 210319754849A"} -index 0
con
----------------End of Script----------------

11:21:59 INFO  : Launch script is exported to file 'C:\Users\Janos\Documents\Vivado\Lab\AXI_DMA_Lab\AXI_DMA_Lab.sdk\.sdk\launch_scripts\xilinx_c-c++_application_(system_debugger)\system_debugger_using_debug_snake.elf_on_local.tcl'
11:22:37 INFO  : Disconnected from the channel tcfchan#5.
11:22:38 INFO  : 'targets -set -filter {jtag_cable_name =~ "Digilent Arty 210319754849A" && level==0} -index 0' command is executed.
11:22:38 INFO  : 'fpga -state' command is executed.
11:22:38 INFO  : Connected to target on host '127.0.0.1' and port '3121'.
11:22:39 INFO  : Jtag cable 'Digilent Arty 210319754849A' is selected.
11:22:39 INFO  : 'jtag frequency' command is executed.
11:22:39 INFO  : 'configparams mdm-detect-bscan-mask 2' command is executed.
11:22:39 INFO  : Context for processor 'microblaze_0' is selected.
11:22:39 INFO  : Processor reset is completed for 'microblaze_0'.
11:22:39 INFO  : Context for processor 'microblaze_0' is selected.
11:22:41 INFO  : The application 'C:/Users/Janos/Documents/Vivado/Lab/AXI_DMA_Lab/AXI_DMA_Lab.sdk/Snake/Debug/Snake.elf' is downloaded to processor 'microblaze_0'.
11:22:41 INFO  : ----------------XSDB Script----------------
connect -url tcp:127.0.0.1:3121
configparams mdm-detect-bscan-mask 2
targets -set -nocase -filter {name =~ "microblaze*#0" && bscan=="USER2"  && jtag_cable_name =~ "Digilent Arty 210319754849A"} -index 0
rst -processor
targets -set -nocase -filter {name =~ "microblaze*#0" && bscan=="USER2"  && jtag_cable_name =~ "Digilent Arty 210319754849A"} -index 0
dow C:/Users/Janos/Documents/Vivado/Lab/AXI_DMA_Lab/AXI_DMA_Lab.sdk/Snake/Debug/Snake.elf
----------------End of Script----------------

11:22:41 INFO  : Memory regions updated for context PA
11:22:41 INFO  : Memory regions updated for context PA
11:22:41 INFO  : Context for processor 'microblaze_0' is selected.
11:22:41 INFO  : 'con' command is executed.
11:22:41 INFO  : ----------------XSDB Script (After Launch)----------------
targets -set -nocase -filter {name =~ "microblaze*#0" && bscan=="USER2"  && jtag_cable_name =~ "Digilent Arty 210319754849A"} -index 0
con
----------------End of Script----------------

11:22:41 INFO  : Launch script is exported to file 'C:\Users\Janos\Documents\Vivado\Lab\AXI_DMA_Lab\AXI_DMA_Lab.sdk\.sdk\launch_scripts\xilinx_c-c++_application_(system_debugger)\system_debugger_using_debug_snake.elf_on_local.tcl'
11:25:51 INFO  : Disconnected from the channel tcfchan#6.
11:26:13 INFO  : 'targets -set -filter {jtag_cable_name =~ "Digilent Arty 210319754849A" && level==0} -index 0' command is executed.
11:26:13 INFO  : 'fpga -state' command is executed.
11:26:13 INFO  : Connected to target on host '127.0.0.1' and port '3121'.
11:26:13 INFO  : Jtag cable 'Digilent Arty 210319754849A' is selected.
11:26:13 INFO  : 'jtag frequency' command is executed.
11:26:13 INFO  : 'configparams mdm-detect-bscan-mask 2' command is executed.
11:26:13 INFO  : Context for processor 'microblaze_0' is selected.
11:26:13 INFO  : Processor reset is completed for 'microblaze_0'.
11:26:13 INFO  : Context for processor 'microblaze_0' is selected.
11:26:16 INFO  : The application 'C:/Users/Janos/Documents/Vivado/Lab/AXI_DMA_Lab/AXI_DMA_Lab.sdk/Snake/Debug/Snake.elf' is downloaded to processor 'microblaze_0'.
11:26:16 INFO  : ----------------XSDB Script----------------
connect -url tcp:127.0.0.1:3121
configparams mdm-detect-bscan-mask 2
targets -set -nocase -filter {name =~ "microblaze*#0" && bscan=="USER2"  && jtag_cable_name =~ "Digilent Arty 210319754849A"} -index 0
rst -processor
targets -set -nocase -filter {name =~ "microblaze*#0" && bscan=="USER2"  && jtag_cable_name =~ "Digilent Arty 210319754849A"} -index 0
dow C:/Users/Janos/Documents/Vivado/Lab/AXI_DMA_Lab/AXI_DMA_Lab.sdk/Snake/Debug/Snake.elf
----------------End of Script----------------

11:26:16 INFO  : Memory regions updated for context PA
11:26:16 INFO  : Memory regions updated for context PA
11:26:16 INFO  : Context for processor 'microblaze_0' is selected.
11:26:16 INFO  : 'con' command is executed.
11:26:16 INFO  : ----------------XSDB Script (After Launch)----------------
targets -set -nocase -filter {name =~ "microblaze*#0" && bscan=="USER2"  && jtag_cable_name =~ "Digilent Arty 210319754849A"} -index 0
con
----------------End of Script----------------

11:26:16 INFO  : Launch script is exported to file 'C:\Users\Janos\Documents\Vivado\Lab\AXI_DMA_Lab\AXI_DMA_Lab.sdk\.sdk\launch_scripts\xilinx_c-c++_application_(system_debugger)\system_debugger_using_debug_snake.elf_on_local.tcl'
11:27:16 INFO  : Disconnected from the channel tcfchan#7.
11:27:17 INFO  : 'targets -set -filter {jtag_cable_name =~ "Digilent Arty 210319754849A" && level==0} -index 0' command is executed.
11:27:17 INFO  : 'fpga -state' command is executed.
11:27:17 INFO  : Connected to target on host '127.0.0.1' and port '3121'.
11:27:18 INFO  : Jtag cable 'Digilent Arty 210319754849A' is selected.
11:27:18 INFO  : 'jtag frequency' command is executed.
11:27:18 INFO  : 'configparams mdm-detect-bscan-mask 2' command is executed.
11:27:18 INFO  : Context for processor 'microblaze_0' is selected.
11:27:18 INFO  : Processor reset is completed for 'microblaze_0'.
11:27:18 INFO  : Context for processor 'microblaze_0' is selected.
11:27:20 INFO  : The application 'C:/Users/Janos/Documents/Vivado/Lab/AXI_DMA_Lab/AXI_DMA_Lab.sdk/Snake/Debug/Snake.elf' is downloaded to processor 'microblaze_0'.
11:27:20 INFO  : ----------------XSDB Script----------------
connect -url tcp:127.0.0.1:3121
configparams mdm-detect-bscan-mask 2
targets -set -nocase -filter {name =~ "microblaze*#0" && bscan=="USER2"  && jtag_cable_name =~ "Digilent Arty 210319754849A"} -index 0
rst -processor
targets -set -nocase -filter {name =~ "microblaze*#0" && bscan=="USER2"  && jtag_cable_name =~ "Digilent Arty 210319754849A"} -index 0
dow C:/Users/Janos/Documents/Vivado/Lab/AXI_DMA_Lab/AXI_DMA_Lab.sdk/Snake/Debug/Snake.elf
----------------End of Script----------------

11:27:20 INFO  : Memory regions updated for context PA
11:27:20 INFO  : Memory regions updated for context PA
11:27:21 INFO  : Context for processor 'microblaze_0' is selected.
11:27:21 INFO  : 'con' command is executed.
11:27:21 INFO  : ----------------XSDB Script (After Launch)----------------
targets -set -nocase -filter {name =~ "microblaze*#0" && bscan=="USER2"  && jtag_cable_name =~ "Digilent Arty 210319754849A"} -index 0
con
----------------End of Script----------------

11:27:21 INFO  : Launch script is exported to file 'C:\Users\Janos\Documents\Vivado\Lab\AXI_DMA_Lab\AXI_DMA_Lab.sdk\.sdk\launch_scripts\xilinx_c-c++_application_(system_debugger)\system_debugger_using_debug_snake.elf_on_local.tcl'
11:28:12 INFO  : Disconnected from the channel tcfchan#8.
11:28:13 INFO  : 'targets -set -filter {jtag_cable_name =~ "Digilent Arty 210319754849A" && level==0} -index 0' command is executed.
11:28:13 INFO  : 'fpga -state' command is executed.
11:28:13 INFO  : Connected to target on host '127.0.0.1' and port '3121'.
11:28:13 INFO  : Jtag cable 'Digilent Arty 210319754849A' is selected.
11:28:13 INFO  : 'jtag frequency' command is executed.
11:28:13 INFO  : 'configparams mdm-detect-bscan-mask 2' command is executed.
11:28:13 INFO  : Context for processor 'microblaze_0' is selected.
11:28:13 INFO  : Processor reset is completed for 'microblaze_0'.
11:28:14 INFO  : Context for processor 'microblaze_0' is selected.
11:28:16 INFO  : The application 'C:/Users/Janos/Documents/Vivado/Lab/AXI_DMA_Lab/AXI_DMA_Lab.sdk/Snake/Debug/Snake.elf' is downloaded to processor 'microblaze_0'.
11:28:16 INFO  : ----------------XSDB Script----------------
connect -url tcp:127.0.0.1:3121
configparams mdm-detect-bscan-mask 2
targets -set -nocase -filter {name =~ "microblaze*#0" && bscan=="USER2"  && jtag_cable_name =~ "Digilent Arty 210319754849A"} -index 0
rst -processor
targets -set -nocase -filter {name =~ "microblaze*#0" && bscan=="USER2"  && jtag_cable_name =~ "Digilent Arty 210319754849A"} -index 0
dow C:/Users/Janos/Documents/Vivado/Lab/AXI_DMA_Lab/AXI_DMA_Lab.sdk/Snake/Debug/Snake.elf
----------------End of Script----------------

11:28:16 INFO  : Memory regions updated for context PA
11:28:16 INFO  : Memory regions updated for context PA
11:28:16 INFO  : Context for processor 'microblaze_0' is selected.
11:28:16 INFO  : 'con' command is executed.
11:28:16 INFO  : ----------------XSDB Script (After Launch)----------------
targets -set -nocase -filter {name =~ "microblaze*#0" && bscan=="USER2"  && jtag_cable_name =~ "Digilent Arty 210319754849A"} -index 0
con
----------------End of Script----------------

11:28:16 INFO  : Launch script is exported to file 'C:\Users\Janos\Documents\Vivado\Lab\AXI_DMA_Lab\AXI_DMA_Lab.sdk\.sdk\launch_scripts\xilinx_c-c++_application_(system_debugger)\system_debugger_using_debug_snake.elf_on_local.tcl'
11:29:30 INFO  : Disconnected from the channel tcfchan#9.
11:29:31 INFO  : 'targets -set -filter {jtag_cable_name =~ "Digilent Arty 210319754849A" && level==0} -index 0' command is executed.
11:29:31 INFO  : 'fpga -state' command is executed.
11:29:31 INFO  : Connected to target on host '127.0.0.1' and port '3121'.
11:29:31 INFO  : Jtag cable 'Digilent Arty 210319754849A' is selected.
11:29:31 INFO  : 'jtag frequency' command is executed.
11:29:31 INFO  : 'configparams mdm-detect-bscan-mask 2' command is executed.
11:29:31 INFO  : Context for processor 'microblaze_0' is selected.
11:29:31 INFO  : Processor reset is completed for 'microblaze_0'.
11:29:31 INFO  : Context for processor 'microblaze_0' is selected.
11:29:34 INFO  : The application 'C:/Users/Janos/Documents/Vivado/Lab/AXI_DMA_Lab/AXI_DMA_Lab.sdk/Snake/Debug/Snake.elf' is downloaded to processor 'microblaze_0'.
11:29:34 INFO  : ----------------XSDB Script----------------
connect -url tcp:127.0.0.1:3121
configparams mdm-detect-bscan-mask 2
targets -set -nocase -filter {name =~ "microblaze*#0" && bscan=="USER2"  && jtag_cable_name =~ "Digilent Arty 210319754849A"} -index 0
rst -processor
targets -set -nocase -filter {name =~ "microblaze*#0" && bscan=="USER2"  && jtag_cable_name =~ "Digilent Arty 210319754849A"} -index 0
dow C:/Users/Janos/Documents/Vivado/Lab/AXI_DMA_Lab/AXI_DMA_Lab.sdk/Snake/Debug/Snake.elf
----------------End of Script----------------

11:29:34 INFO  : Memory regions updated for context PA
11:29:34 INFO  : Memory regions updated for context PA
11:29:34 INFO  : Context for processor 'microblaze_0' is selected.
11:29:34 INFO  : 'con' command is executed.
11:29:34 INFO  : ----------------XSDB Script (After Launch)----------------
targets -set -nocase -filter {name =~ "microblaze*#0" && bscan=="USER2"  && jtag_cable_name =~ "Digilent Arty 210319754849A"} -index 0
con
----------------End of Script----------------

11:29:34 INFO  : Launch script is exported to file 'C:\Users\Janos\Documents\Vivado\Lab\AXI_DMA_Lab\AXI_DMA_Lab.sdk\.sdk\launch_scripts\xilinx_c-c++_application_(system_debugger)\system_debugger_using_debug_snake.elf_on_local.tcl'
11:48:40 INFO  : Disconnected from the channel tcfchan#10.
11:48:41 INFO  : 'targets -set -filter {jtag_cable_name =~ "Digilent Arty 210319754849A" && level==0} -index 0' command is executed.
11:48:41 INFO  : 'fpga -state' command is executed.
11:48:41 INFO  : Connected to target on host '127.0.0.1' and port '3121'.
11:48:41 INFO  : Jtag cable 'Digilent Arty 210319754849A' is selected.
11:48:41 INFO  : 'jtag frequency' command is executed.
11:48:41 INFO  : 'configparams mdm-detect-bscan-mask 2' command is executed.
11:48:41 INFO  : Context for processor 'microblaze_0' is selected.
11:48:41 INFO  : Processor reset is completed for 'microblaze_0'.
11:48:41 INFO  : Context for processor 'microblaze_0' is selected.
11:48:43 INFO  : The application 'C:/Users/Janos/Documents/Vivado/Lab/AXI_DMA_Lab/AXI_DMA_Lab.sdk/Snake/Debug/Snake.elf' is downloaded to processor 'microblaze_0'.
11:48:43 INFO  : ----------------XSDB Script----------------
connect -url tcp:127.0.0.1:3121
configparams mdm-detect-bscan-mask 2
targets -set -nocase -filter {name =~ "microblaze*#0" && bscan=="USER2"  && jtag_cable_name =~ "Digilent Arty 210319754849A"} -index 0
rst -processor
targets -set -nocase -filter {name =~ "microblaze*#0" && bscan=="USER2"  && jtag_cable_name =~ "Digilent Arty 210319754849A"} -index 0
dow C:/Users/Janos/Documents/Vivado/Lab/AXI_DMA_Lab/AXI_DMA_Lab.sdk/Snake/Debug/Snake.elf
----------------End of Script----------------

11:48:44 INFO  : Memory regions updated for context PA
11:48:44 INFO  : Memory regions updated for context PA
11:48:44 INFO  : Context for processor 'microblaze_0' is selected.
11:48:44 INFO  : 'con' command is executed.
11:48:44 INFO  : ----------------XSDB Script (After Launch)----------------
targets -set -nocase -filter {name =~ "microblaze*#0" && bscan=="USER2"  && jtag_cable_name =~ "Digilent Arty 210319754849A"} -index 0
con
----------------End of Script----------------

11:48:44 INFO  : Launch script is exported to file 'C:\Users\Janos\Documents\Vivado\Lab\AXI_DMA_Lab\AXI_DMA_Lab.sdk\.sdk\launch_scripts\xilinx_c-c++_application_(system_debugger)\system_debugger_using_debug_snake.elf_on_local.tcl'
12:00:37 INFO  : Disconnected from the channel tcfchan#11.
19:56:27 INFO  : Registering command handlers for SDK TCF services
19:56:29 INFO  : Launching XSCT server: xsct.bat -interactive C:\Users\Janos\Documents\Vivado\Lab\AXI_DMA_Lab\AXI_DMA_Lab.sdk\temp_xsdb_launch_script.tcl
19:56:43 INFO  : XSCT server has started successfully.
19:56:45 INFO  : Successfully done setting XSCT server connection channel  
19:56:45 INFO  : Processing command line option -hwspec C:/Users/Janos/Documents/Vivado/Lab/AXI_DMA_Lab/AXI_DMA_Lab.sdk/design_1_wrapper.hdf.
19:56:45 INFO  : Checking for hwspec changes in the project design_1_wrapper_hw_platform_0.
19:56:57 INFO  : Successfully done setting SDK workspace  
19:59:14 INFO  : Connected to target on host '127.0.0.1' and port '3121'.
19:59:17 INFO  : 'targets -set -filter {jtag_cable_name =~ "Digilent Arty 210319754849A" && level==0} -index 0' command is executed.
19:59:20 INFO  : FPGA configured successfully with bitstream "C:/Users/Janos/Documents/Vivado/Lab/AXI_DMA_Lab/AXI_DMA_Lab.sdk/design_1_wrapper_hw_platform_0/download.bit"
19:59:39 INFO  : 'targets -set -filter {jtag_cable_name =~ "Digilent Arty 210319754849A" && level==0} -index 0' command is executed.
19:59:39 INFO  : 'fpga -state' command is executed.
19:59:39 INFO  : Connected to target on host '127.0.0.1' and port '3121'.
19:59:39 INFO  : Jtag cable 'Digilent Arty 210319754849A' is selected.
19:59:39 INFO  : 'jtag frequency' command is executed.
19:59:39 INFO  : 'configparams mdm-detect-bscan-mask 2' command is executed.
19:59:40 INFO  : Context for processor 'microblaze_0' is selected.
19:59:40 INFO  : Processor reset is completed for 'microblaze_0'.
19:59:40 INFO  : Context for processor 'microblaze_0' is selected.
19:59:43 INFO  : The application 'C:/Users/Janos/Documents/Vivado/Lab/AXI_DMA_Lab/AXI_DMA_Lab.sdk/Snake/Debug/Snake.elf' is downloaded to processor 'microblaze_0'.
19:59:43 INFO  : ----------------XSDB Script----------------
connect -url tcp:127.0.0.1:3121
configparams mdm-detect-bscan-mask 2
targets -set -nocase -filter {name =~ "microblaze*#0" && bscan=="USER2"  && jtag_cable_name =~ "Digilent Arty 210319754849A"} -index 0
rst -processor
targets -set -nocase -filter {name =~ "microblaze*#0" && bscan=="USER2"  && jtag_cable_name =~ "Digilent Arty 210319754849A"} -index 0
dow C:/Users/Janos/Documents/Vivado/Lab/AXI_DMA_Lab/AXI_DMA_Lab.sdk/Snake/Debug/Snake.elf
----------------End of Script----------------

19:59:44 INFO  : Memory regions updated for context PA
19:59:44 INFO  : Memory regions updated for context PA
19:59:44 INFO  : Context for processor 'microblaze_0' is selected.
19:59:44 INFO  : 'con' command is executed.
19:59:44 INFO  : ----------------XSDB Script (After Launch)----------------
targets -set -nocase -filter {name =~ "microblaze*#0" && bscan=="USER2"  && jtag_cable_name =~ "Digilent Arty 210319754849A"} -index 0
con
----------------End of Script----------------

19:59:44 INFO  : Launch script is exported to file 'C:\Users\Janos\Documents\Vivado\Lab\AXI_DMA_Lab\AXI_DMA_Lab.sdk\.sdk\launch_scripts\xilinx_c-c++_application_(system_debugger)\system_debugger_using_debug_snake.elf_on_local.tcl'
20:15:13 INFO  : Disconnected from the channel tcfchan#1.
17:20:06 INFO  : Registering command handlers for SDK TCF services
17:20:09 INFO  : Launching XSCT server: xsct.bat -interactive D:\D_Strabi\D_Dokumentumai\BME\MikrorendszerekTevezese\HF\CSL\HF\Lab\AXI_DMA_Lab\AXI_DMA_Lab.sdk\temp_xsdb_launch_script.tcl
17:20:17 INFO  : XSCT server has started successfully.
17:20:17 INFO  : Successfully done setting XSCT server connection channel  
17:20:18 INFO  : Successfully done setting SDK workspace  
17:20:18 INFO  : Processing command line option -hwspec D:/D_Strabi/D_Dokumentumai/BME/MikrorendszerekTevezese/HF/CSL/HF/Lab/AXI_DMA_Lab/AXI_DMA_Lab.sdk/design_1_wrapper.hdf.
17:22:05 INFO  : Connected to target on host '127.0.0.1' and port '3121'.
17:22:05 INFO  : 'targets -set -filter {jtag_cable_name =~ "Digilent Arty 210319754849A" && level==0} -index 0' command is executed.
17:22:07 INFO  : FPGA configured successfully with bitstream "D:/D_Strabi/D_Dokumentumai/BME/MikrorendszerekTevezese/HF/CSL/HF/Lab/AXI_DMA_Lab/AXI_DMA_Lab.sdk/design_1_wrapper_hw_platform_0/download.bit"
17:26:12 INFO  : Registering command handlers for SDK TCF services
17:26:14 INFO  : Launching XSCT server: xsct.bat -interactive D:\D_Strabi\D_Dokumentumai\BME\MikrorendszerekTevezese\HF\CSL\HF\Lab\AXI_DMA_Lab\AXI_DMA_Lab.sdk\temp_xsdb_launch_script.tcl
17:26:22 INFO  : XSCT server has started successfully.
17:26:22 INFO  : Successfully done setting XSCT server connection channel  
17:26:23 INFO  : Successfully done setting SDK workspace  
17:26:23 INFO  : Processing command line option -hwspec D:/D_Strabi/D_Dokumentumai/BME/MikrorendszerekTevezese/HF/CSL/HF/Lab/AXI_DMA_Lab/AXI_DMA_Lab.sdk/design_1_wrapper.hdf.
17:26:23 INFO  : Checking for hwspec changes in the project design_1_wrapper_hw_platform_1.
17:28:11 INFO  : Connected to target on host '127.0.0.1' and port '3121'.
17:28:11 INFO  : 'targets -set -filter {jtag_cable_name =~ "Digilent Arty 210319754849A" && level==0} -index 0' command is executed.
17:28:13 INFO  : FPGA configured successfully with bitstream "D:/D_Strabi/D_Dokumentumai/BME/MikrorendszerekTevezese/HF/CSL/HF/Lab/AXI_DMA_Lab/AXI_DMA_Lab.sdk/design_1_wrapper_hw_platform_0/download.bit"
17:29:11 INFO  : Connected to target on host '127.0.0.1' and port '3121'.
17:29:12 INFO  : 'targets -set -filter {jtag_cable_name =~ "Digilent Arty 210319754849A" && level==0} -index 0' command is executed.
17:29:13 INFO  : FPGA configured successfully with bitstream "D:/D_Strabi/D_Dokumentumai/BME/MikrorendszerekTevezese/HF/CSL/HF/Lab/AXI_DMA_Lab/AXI_DMA_Lab.sdk/design_1_wrapper_hw_platform_0/download.bit"
17:56:59 INFO  : Connected to target on host '127.0.0.1' and port '3121'.
17:56:59 INFO  : 'targets -set -filter {jtag_cable_name =~ "Digilent Arty 210319754849A" && level==0} -index 0' command is executed.
17:57:01 INFO  : FPGA configured successfully with bitstream "D:/D_Strabi/D_Dokumentumai/BME/MikrorendszerekTevezese/HF/CSL/HF/Lab/AXI_DMA_Lab/AXI_DMA_Lab.sdk/design_1_wrapper_hw_platform_1/download.bit"
18:04:21 INFO  : Connected to target on host '127.0.0.1' and port '3121'.
18:04:36 INFO  : Connected to target on host '127.0.0.1' and port '3121'.
18:05:52 INFO  : Connected to target on host '127.0.0.1' and port '3121'.
18:05:53 INFO  : 'targets -set -filter {jtag_cable_name =~ "Digilent Arty 210319754849A" && level==0} -index 0' command is executed.
18:05:55 INFO  : FPGA configured successfully with bitstream "D:/D_Strabi/D_Dokumentumai/BME/MikrorendszerekTevezese/HF/CSL/HF/Lab/AXI_DMA_Lab/AXI_DMA_Lab.sdk/design_1_wrapper_hw_platform_1/download.bit"
18:07:56 INFO  : Connected to target on host '127.0.0.1' and port '3121'.
18:07:56 INFO  : 'targets -set -filter {jtag_cable_name =~ "Digilent Arty 210319754849A" && level==0} -index 0' command is executed.
18:07:58 INFO  : FPGA configured successfully with bitstream "D:/D_Strabi/D_Dokumentumai/BME/MikrorendszerekTevezese/HF/CSL/HF/Lab/AXI_DMA_Lab/AXI_DMA_Lab.sdk/design_1_wrapper_hw_platform_0/download.bit"
18:09:33 INFO  : Connected to target on host '127.0.0.1' and port '3121'.
18:09:33 INFO  : 'targets -set -filter {jtag_cable_name =~ "Digilent Arty 210319754849A" && level==0} -index 0' command is executed.
18:09:35 INFO  : FPGA configured successfully with bitstream "D:/D_Strabi/D_Dokumentumai/BME/MikrorendszerekTevezese/HF/CSL/HF/Lab/AXI_DMA_Lab/AXI_DMA_Lab.sdk/design_1_wrapper_hw_platform_0/download.bit"
18:27:55 INFO  : Connected to target on host '127.0.0.1' and port '3121'.
18:27:55 INFO  : 'targets -set -filter {jtag_cable_name =~ "Digilent Arty 210319754849A" && level==0} -index 0' command is executed.
18:27:57 INFO  : FPGA configured successfully with bitstream "D:/D_Strabi/D_Dokumentumai/BME/MikrorendszerekTevezese/HF/CSL/HF/Lab/AXI_DMA_Lab/AXI_DMA_Lab.sdk/design_1_wrapper_hw_platform_0/download.bit"
10:25:31 INFO  : Launching XSCT server: xsct.bat -interactive D:\D_Strabi\D_Dokumentumai\BME\MikrorendszerekTevezese\HF\CSL\HF\Lab\AXI_DMA_Lab\AXI_DMA_Lab.sdk\temp_xsdb_launch_script.tcl
10:25:39 INFO  : XSCT server has started successfully.
10:25:47 INFO  : Successfully done setting XSCT server connection channel  
10:25:47 INFO  : Successfully done setting SDK workspace  
10:25:56 INFO  : Registering command handlers for SDK TCF services
10:25:59 INFO  : Processing command line option -hwspec D:/D_Strabi/D_Dokumentumai/BME/MikrorendszerekTevezese/HF/CSL/HF/Lab/AXI_DMA_Lab/AXI_DMA_Lab.sdk/design_1_wrapper.hdf.
10:26:00 INFO  : Checking for hwspec changes in the project design_1_wrapper_hw_platform_1.
10:26:57 INFO  : Connected to target on host '127.0.0.1' and port '3121'.
10:26:57 INFO  : 'targets -set -filter {jtag_cable_name =~ "Digilent Arty 210319754849A" && level==0} -index 0' command is executed.
10:26:59 INFO  : FPGA configured successfully with bitstream "D:/D_Strabi/D_Dokumentumai/BME/MikrorendszerekTevezese/HF/CSL/HF/Lab/AXI_DMA_Lab/AXI_DMA_Lab.sdk/design_1_wrapper_hw_platform_0/download.bit"
10:27:11 INFO  : 'targets -set -filter {jtag_cable_name =~ "Digilent Arty 210319754849A" && level==0} -index 0' command is executed.
10:27:11 INFO  : 'fpga -state' command is executed.
10:27:11 INFO  : Connected to target on host '127.0.0.1' and port '3121'.
10:27:12 INFO  : Jtag cable 'Digilent Arty 210319754849A' is selected.
10:27:12 INFO  : 'jtag frequency' command is executed.
10:27:12 INFO  : 'configparams mdm-detect-bscan-mask 2' command is executed.
10:27:12 INFO  : Context for processor 'microblaze_0' is selected.
10:27:12 INFO  : Processor reset is completed for 'microblaze_0'.
10:27:12 INFO  : Context for processor 'microblaze_0' is selected.
10:27:16 INFO  : The application 'D:/D_Strabi/D_Dokumentumai/BME/MikrorendszerekTevezese/HF/CSL/HF/Lab/AXI_DMA_Lab/AXI_DMA_Lab.sdk/Snake/Debug/Snake.elf' is downloaded to processor 'microblaze_0'.
10:27:16 INFO  : ----------------XSDB Script----------------
connect -url tcp:127.0.0.1:3121
configparams mdm-detect-bscan-mask 2
targets -set -nocase -filter {name =~ "microblaze*#0" && bscan=="USER2"  && jtag_cable_name =~ "Digilent Arty 210319754849A"} -index 0
rst -processor
targets -set -nocase -filter {name =~ "microblaze*#0" && bscan=="USER2"  && jtag_cable_name =~ "Digilent Arty 210319754849A"} -index 0
dow D:/D_Strabi/D_Dokumentumai/BME/MikrorendszerekTevezese/HF/CSL/HF/Lab/AXI_DMA_Lab/AXI_DMA_Lab.sdk/Snake/Debug/Snake.elf
----------------End of Script----------------

10:27:16 INFO  : Memory regions updated for context PA
10:27:16 INFO  : Memory regions updated for context PA
10:27:16 INFO  : Context for processor 'microblaze_0' is selected.
10:27:16 INFO  : 'con' command is executed.
10:27:16 INFO  : ----------------XSDB Script (After Launch)----------------
targets -set -nocase -filter {name =~ "microblaze*#0" && bscan=="USER2"  && jtag_cable_name =~ "Digilent Arty 210319754849A"} -index 0
con
----------------End of Script----------------

10:27:16 INFO  : Launch script is exported to file 'D:\D_Strabi\D_Dokumentumai\BME\MikrorendszerekTevezese\HF\CSL\HF\Lab\AXI_DMA_Lab\AXI_DMA_Lab.sdk\.sdk\launch_scripts\xilinx_c-c++_application_(system_debugger)\system_debugger_using_debug_snake.elf_on_local.tcl'
10:30:45 INFO  : Disconnected from the channel tcfchan#1.
10:30:46 INFO  : 'targets -set -filter {jtag_cable_name =~ "Digilent Arty 210319754849A" && level==0} -index 0' command is executed.
10:30:46 INFO  : 'fpga -state' command is executed.
10:30:46 INFO  : Connected to target on host '127.0.0.1' and port '3121'.
10:30:46 INFO  : Jtag cable 'Digilent Arty 210319754849A' is selected.
10:30:46 INFO  : 'jtag frequency' command is executed.
10:30:47 INFO  : 'configparams mdm-detect-bscan-mask 2' command is executed.
10:30:47 INFO  : Context for processor 'microblaze_0' is selected.
10:30:47 INFO  : Processor reset is completed for 'microblaze_0'.
10:30:47 INFO  : Context for processor 'microblaze_0' is selected.
10:30:50 INFO  : The application 'D:/D_Strabi/D_Dokumentumai/BME/MikrorendszerekTevezese/HF/CSL/HF/Lab/AXI_DMA_Lab/AXI_DMA_Lab.sdk/Snake/Debug/Snake.elf' is downloaded to processor 'microblaze_0'.
10:30:50 INFO  : ----------------XSDB Script----------------
connect -url tcp:127.0.0.1:3121
configparams mdm-detect-bscan-mask 2
targets -set -nocase -filter {name =~ "microblaze*#0" && bscan=="USER2"  && jtag_cable_name =~ "Digilent Arty 210319754849A"} -index 0
rst -processor
targets -set -nocase -filter {name =~ "microblaze*#0" && bscan=="USER2"  && jtag_cable_name =~ "Digilent Arty 210319754849A"} -index 0
dow D:/D_Strabi/D_Dokumentumai/BME/MikrorendszerekTevezese/HF/CSL/HF/Lab/AXI_DMA_Lab/AXI_DMA_Lab.sdk/Snake/Debug/Snake.elf
----------------End of Script----------------

10:30:50 INFO  : Memory regions updated for context PA
10:30:50 INFO  : Memory regions updated for context PA
10:30:50 INFO  : Context for processor 'microblaze_0' is selected.
10:30:50 INFO  : 'con' command is executed.
10:30:50 INFO  : ----------------XSDB Script (After Launch)----------------
targets -set -nocase -filter {name =~ "microblaze*#0" && bscan=="USER2"  && jtag_cable_name =~ "Digilent Arty 210319754849A"} -index 0
con
----------------End of Script----------------

10:30:50 INFO  : Launch script is exported to file 'D:\D_Strabi\D_Dokumentumai\BME\MikrorendszerekTevezese\HF\CSL\HF\Lab\AXI_DMA_Lab\AXI_DMA_Lab.sdk\.sdk\launch_scripts\xilinx_c-c++_application_(system_debugger)\system_debugger_using_debug_snake.elf_on_local.tcl'
10:31:40 INFO  : Disconnected from the channel tcfchan#2.
