#-----------------------------------------------------------
# Vivado v2017.4 (64-bit)
# SW Build 2086221 on Fri Dec 15 20:55:39 MST 2017
# IP Build 2085800 on Fri Dec 15 22:25:07 MST 2017
# Start of session at: Sat Nov 10 18:59:33 2018
# Process ID: 8420
# Current directory: C:/Users/Janos/Documents/Vivado/Lab/AXI_DMA_Lab
# Command line: vivado.exe -gui_launcher_event rodinguilauncherevent4436 C:\Users\Janos\Documents\Vivado\Lab\AXI_DMA_Lab\AXI_DMA_Lab.xpr
# Log file: C:/Users/Janos/Documents/Vivado/Lab/AXI_DMA_Lab/vivado.log
# Journal file: C:/Users/Janos/Documents/Vivado/Lab/AXI_DMA_Lab\vivado.jou
#-----------------------------------------------------------
start_gui
open_project C:/Users/Janos/Documents/Vivado/Lab/AXI_DMA_Lab/AXI_DMA_Lab.xpr
INFO: [Project 1-313] Project file moved from 'D:/Lab/AXI_DMA_Lab' since last save.
WARNING: [filemgmt 20-922] The BXML file is of a newer version (0.36) then the current supported version (0.33).
Data could be potentially be lost
Scanning sources...
Finished scanning sources
CRITICAL WARNING: [Project 1-192] Failed to load run synth_1. Strategy Vivado Synthesis Defaults (Vivado Synthesis 2018) not recognized by Vivado. 

CRITICAL WARNING: [Project 1-192] Failed to load run design_1_axi_dma_0_0_synth_1. Strategy Vivado Synthesis Defaults (Vivado Synthesis 2018) not recognized by Vivado. 

CRITICAL WARNING: [Project 1-192] Failed to load run design_1_rst_mig_7series_0_100M_0_synth_1. Strategy Vivado Synthesis Defaults (Vivado Synthesis 2018) not recognized by Vivado. 

CRITICAL WARNING: [Project 1-192] Failed to load run design_1_axi_smc_0_synth_1. Strategy Vivado Synthesis Defaults (Vivado Synthesis 2018) not recognized by Vivado. 

CRITICAL WARNING: [Project 1-192] Failed to load run design_1_mdm_1_0_synth_1. Strategy Vivado Synthesis Defaults (Vivado Synthesis 2018) not recognized by Vivado. 

CRITICAL WARNING: [Project 1-192] Failed to load run design_1_mig_7series_0_0_synth_1. Strategy Vivado Synthesis Defaults (Vivado Synthesis 2018) not recognized by Vivado. 

CRITICAL WARNING: [Project 1-192] Failed to load run design_1_axi_uartlite_0_0_synth_1. Strategy Vivado Synthesis Defaults (Vivado Synthesis 2018) not recognized by Vivado. 

CRITICAL WARNING: [Project 1-192] Failed to load run design_1_microblaze_0_0_synth_1. Strategy Vivado Synthesis Defaults (Vivado Synthesis 2018) not recognized by Vivado. 

CRITICAL WARNING: [Project 1-192] Failed to load run design_1_fifo_generator_0_0_synth_1. Strategy Vivado Synthesis Defaults (Vivado Synthesis 2018) not recognized by Vivado. 

CRITICAL WARNING: [Project 1-192] Failed to load run design_1_system_ila_0_0_synth_1. Strategy Vivado Synthesis Defaults (Vivado Synthesis 2018) not recognized by Vivado. 

CRITICAL WARNING: [Project 1-192] Failed to load run design_1_xbar_0_synth_1. Strategy Vivado Synthesis Defaults (Vivado Synthesis 2018) not recognized by Vivado. 

CRITICAL WARNING: [Project 1-192] Failed to load run design_1_ilmb_v10_0_synth_1. Strategy Vivado Synthesis Defaults (Vivado Synthesis 2018) not recognized by Vivado. 

CRITICAL WARNING: [Project 1-192] Failed to load run design_1_dlmb_bram_if_cntlr_0_synth_1. Strategy Vivado Synthesis Defaults (Vivado Synthesis 2018) not recognized by Vivado. 

CRITICAL WARNING: [Project 1-192] Failed to load run design_1_ilmb_bram_if_cntlr_0_synth_1. Strategy Vivado Synthesis Defaults (Vivado Synthesis 2018) not recognized by Vivado. 

CRITICAL WARNING: [Project 1-192] Failed to load run design_1_lmb_bram_0_synth_1. Strategy Vivado Synthesis Defaults (Vivado Synthesis 2018) not recognized by Vivado. 

CRITICAL WARNING: [Project 1-192] Failed to load run design_1_dlmb_v10_0_synth_1. Strategy Vivado Synthesis Defaults (Vivado Synthesis 2018) not recognized by Vivado. 

CRITICAL WARNING: [Project 1-192] Failed to load run impl_1. Strategy Vivado Implementation Defaults (Vivado Implementation 2018) not recognized by Vivado. 

CRITICAL WARNING: [Project 1-192] Failed to load run design_1_axi_dma_0_0_impl_1. Strategy Vivado Implementation Defaults (Vivado Implementation 2018) not recognized by Vivado. 

CRITICAL WARNING: [Project 1-192] Failed to load run design_1_rst_mig_7series_0_100M_0_impl_1. Strategy Vivado Implementation Defaults (Vivado Implementation 2018) not recognized by Vivado. 

CRITICAL WARNING: [Project 1-192] Failed to load run design_1_axi_smc_0_impl_1. Strategy Vivado Implementation Defaults (Vivado Implementation 2018) not recognized by Vivado. 

CRITICAL WARNING: [Project 1-192] Failed to load run design_1_mdm_1_0_impl_1. Strategy Vivado Implementation Defaults (Vivado Implementation 2018) not recognized by Vivado. 

CRITICAL WARNING: [Project 1-192] Failed to load run design_1_mig_7series_0_0_impl_1. Strategy Vivado Implementation Defaults (Vivado Implementation 2018) not recognized by Vivado. 

CRITICAL WARNING: [Project 1-192] Failed to load run design_1_axi_uartlite_0_0_impl_1. Strategy Vivado Implementation Defaults (Vivado Implementation 2018) not recognized by Vivado. 

CRITICAL WARNING: [Project 1-192] Failed to load run design_1_microblaze_0_0_impl_1. Strategy Vivado Implementation Defaults (Vivado Implementation 2018) not recognized by Vivado. 

CRITICAL WARNING: [Project 1-192] Failed to load run design_1_fifo_generator_0_0_impl_1. Strategy Vivado Implementation Defaults (Vivado Implementation 2018) not recognized by Vivado. 

CRITICAL WARNING: [Project 1-192] Failed to load run design_1_system_ila_0_0_impl_1. Strategy Vivado Implementation Defaults (Vivado Implementation 2018) not recognized by Vivado. 

CRITICAL WARNING: [Project 1-192] Failed to load run design_1_xbar_0_impl_1. Strategy Vivado Implementation Defaults (Vivado Implementation 2018) not recognized by Vivado. 

CRITICAL WARNING: [Project 1-192] Failed to load run design_1_ilmb_v10_0_impl_1. Strategy Vivado Implementation Defaults (Vivado Implementation 2018) not recognized by Vivado. 

CRITICAL WARNING: [Project 1-192] Failed to load run design_1_dlmb_bram_if_cntlr_0_impl_1. Strategy Vivado Implementation Defaults (Vivado Implementation 2018) not recognized by Vivado. 

CRITICAL WARNING: [Project 1-192] Failed to load run design_1_ilmb_bram_if_cntlr_0_impl_1. Strategy Vivado Implementation Defaults (Vivado Implementation 2018) not recognized by Vivado. 

CRITICAL WARNING: [Project 1-192] Failed to load run design_1_lmb_bram_0_impl_1. Strategy Vivado Implementation Defaults (Vivado Implementation 2018) not recognized by Vivado. 

CRITICAL WARNING: [Project 1-192] Failed to load run design_1_dlmb_v10_0_impl_1. Strategy Vivado Implementation Defaults (Vivado Implementation 2018) not recognized by Vivado. 

CRITICAL WARNING: [Project 1-505] Unrecognized Option Name MEMEnableMemoryMapGeneration
INFO: [IP_Flow 19-234] Refreshing IP repositories
INFO: [IP_Flow 19-1704] No user IP repositories specified
INFO: [IP_Flow 19-2313] Loaded Vivado IP repository 'C:/Xilinx/Vivado/2017.4/data/ip'.
WARNING: [filemgmt 20-922] The BXML file is of a newer version (0.36) then the current supported version (0.33).
Data could be potentially be lost
WARNING: [filemgmt 20-922] The BXML file is of a newer version (0.36) then the current supported version (0.33).
Data could be potentially be lost
WARNING: [BD 41-1663] The design 'design_1.bd' cannot be modified due to following reason(s):
* Project is read-only. Please run 'save_project_as' before making any change to the bd-design. 

WARNING: [BD 41-1661] One or more IPs have been locked in the design 'design_1.bd'. Please run report_ip_status for more details and recommendations on how to fix this issue.
List of locked IPs:
design_1_mig_7series_0_0
design_1_microblaze_0_0
design_1_mdm_1_0
design_1_axi_uartlite_0_0
design_1_axi_dma_0_0
design_1_axi_smc_0
design_1_rst_mig_7series_0_100M_0
design_1_microblaze_0_axi_periph_0
design_1_fifo_generator_0_0
design_1_system_ila_0_0
design_1_xbar_0
design_1_dlmb_v10_0
design_1_ilmb_v10_0
design_1_dlmb_bram_if_cntlr_0
design_1_ilmb_bram_if_cntlr_0
design_1_lmb_bram_0

WARNING: [Project 1-231] Project 'AXI_DMA_Lab.xpr' was created with a future version and may or may not perform reliably with this version of Vivado. It has been opened in read-only mode for the protection of unrecognized data. Use 'File | Save Project As...' if you wish to alter a copy of the project.
open_project: Time (s): cpu = 00:00:39 ; elapsed = 00:00:30 . Memory (MB): peak = 855.598 ; gain = 149.852
update_compile_order -fileset sources_1
save_project_as Lab_As C:/Users/Janos/Documents/Vivado/Lab/Lab_As -force
WARNING: [IP_Flow 19-2162] IP 'design_1_axi_dma_0_0' is locked:
* Project containing IP 'design_1_axi_dma_0_0' is read-only.
* IP definition 'AXI Direct Memory Access (7.1)' for IP 'design_1_axi_dma_0_0' (customized with software release 2018.2) has a different revision in the IP Catalog.
Please select 'Report IP Status' from the 'Tools/Report' menu or run Tcl command 'report_ip_status' for more information.
WARNING: [IP_Flow 19-2162] IP 'design_1_axi_smc_0' is locked:
* Project containing IP 'design_1_axi_smc_0' is read-only.
* IP definition 'AXI SmartConnect (1.0)' for IP 'design_1_axi_smc_0' (customized with software release 2018.2) has a different revision in the IP Catalog.
* IP 'design_1_axi_smc_0' contains one or more locked subcores.
Please select 'Report IP Status' from the 'Tools/Report' menu or run Tcl command 'report_ip_status' for more information.
WARNING: [IP_Flow 19-2162] IP 'design_1_axi_uartlite_0_0' is locked:
* Project containing IP 'design_1_axi_uartlite_0_0' is read-only.
* IP definition 'AXI Uartlite (2.0)' for IP 'design_1_axi_uartlite_0_0' (customized with software release 2018.2) has a different revision in the IP Catalog.
Please select 'Report IP Status' from the 'Tools/Report' menu or run Tcl command 'report_ip_status' for more information.
WARNING: [IP_Flow 19-2162] IP 'design_1_dlmb_bram_if_cntlr_0' is locked:
* Project containing IP 'design_1_dlmb_bram_if_cntlr_0' is read-only.
* IP definition 'LMB BRAM Controller (4.0)' for IP 'design_1_dlmb_bram_if_cntlr_0' (customized with software release 2018.2) has a different revision in the IP Catalog.
Please select 'Report IP Status' from the 'Tools/Report' menu or run Tcl command 'report_ip_status' for more information.
WARNING: [IP_Flow 19-2162] IP 'design_1_dlmb_v10_0' is locked:
* Project containing IP 'design_1_dlmb_v10_0' is read-only.
Please select 'Report IP Status' from the 'Tools/Report' menu or run Tcl command 'report_ip_status' for more information.
WARNING: [IP_Flow 19-2162] IP 'design_1_fifo_generator_0_0' is locked:
* Project containing IP 'design_1_fifo_generator_0_0' is read-only.
* IP definition 'FIFO Generator (13.2)' for IP 'design_1_fifo_generator_0_0' (customized with software release 2018.2) has a different revision in the IP Catalog.
Please select 'Report IP Status' from the 'Tools/Report' menu or run Tcl command 'report_ip_status' for more information.
WARNING: [IP_Flow 19-2162] IP 'design_1_ilmb_bram_if_cntlr_0' is locked:
* Project containing IP 'design_1_ilmb_bram_if_cntlr_0' is read-only.
* IP definition 'LMB BRAM Controller (4.0)' for IP 'design_1_ilmb_bram_if_cntlr_0' (customized with software release 2018.2) has a different revision in the IP Catalog.
Please select 'Report IP Status' from the 'Tools/Report' menu or run Tcl command 'report_ip_status' for more information.
WARNING: [IP_Flow 19-2162] IP 'design_1_ilmb_v10_0' is locked:
* Project containing IP 'design_1_ilmb_v10_0' is read-only.
Please select 'Report IP Status' from the 'Tools/Report' menu or run Tcl command 'report_ip_status' for more information.
WARNING: [IP_Flow 19-2162] IP 'design_1_lmb_bram_0' is locked:
* Project containing IP 'design_1_lmb_bram_0' is read-only.
Please select 'Report IP Status' from the 'Tools/Report' menu or run Tcl command 'report_ip_status' for more information.
WARNING: [IP_Flow 19-2162] IP 'design_1_mdm_1_0' is locked:
* Project containing IP 'design_1_mdm_1_0' is read-only.
* IP definition 'MicroBlaze Debug Module (MDM) (3.2)' for IP 'design_1_mdm_1_0' (customized with software release 2018.2) has a different revision in the IP Catalog.
Please select 'Report IP Status' from the 'Tools/Report' menu or run Tcl command 'report_ip_status' for more information.
WARNING: [IP_Flow 19-2162] IP 'design_1_microblaze_0_0' is locked:
* Project containing IP 'design_1_microblaze_0_0' is read-only.
* IP definition 'MicroBlaze (10.0)' for IP 'design_1_microblaze_0_0' (customized with software release 2018.2) has a different revision in the IP Catalog.
Please select 'Report IP Status' from the 'Tools/Report' menu or run Tcl command 'report_ip_status' for more information.
WARNING: [IP_Flow 19-2162] IP 'design_1_mig_7series_0_0' is locked:
* Project containing IP 'design_1_mig_7series_0_0' is read-only.
* IP definition 'Memory Interface Generator (MIG 7 Series) (4.1)' for IP 'design_1_mig_7series_0_0' (customized with software release 2018.2) was not found in the IP Catalog.
Please select 'Report IP Status' from the 'Tools/Report' menu or run Tcl command 'report_ip_status' for more information.
WARNING: [IP_Flow 19-2162] IP 'design_1_rst_mig_7series_0_100M_0' is locked:
* Project containing IP 'design_1_rst_mig_7series_0_100M_0' is read-only.
Please select 'Report IP Status' from the 'Tools/Report' menu or run Tcl command 'report_ip_status' for more information.
WARNING: [IP_Flow 19-2162] IP 'design_1_system_ila_0_0' is locked:
* Project containing IP 'design_1_system_ila_0_0' is read-only.
* IP definition 'System ILA (1.1)' for IP 'design_1_system_ila_0_0' (customized with software release 2018.2) has a different revision in the IP Catalog.
* IP 'design_1_system_ila_0_0' contains one or more locked subcores.
Please select 'Report IP Status' from the 'Tools/Report' menu or run Tcl command 'report_ip_status' for more information.
WARNING: [IP_Flow 19-2162] IP 'design_1_xbar_0' is locked:
* Project containing IP 'design_1_xbar_0' is read-only.
* IP definition 'AXI Crossbar (2.1)' for IP 'design_1_xbar_0' (customized with software release 2018.2) has a different revision in the IP Catalog.
Please select 'Report IP Status' from the 'Tools/Report' menu or run Tcl command 'report_ip_status' for more information.
WARNING: [IP_Flow 19-2162] IP 'design_1_mig_7series_0_0' is locked:
* IP definition 'Memory Interface Generator (MIG 7 Series) (4.1)' for IP 'design_1_mig_7series_0_0' (customized with software release 2018.2) was not found in the IP Catalog.
Please select 'Report IP Status' from the 'Tools/Report' menu or run Tcl command 'report_ip_status' for more information.
WARNING: [IP_Flow 19-2162] IP 'design_1_microblaze_0_0' is locked:
* IP definition 'MicroBlaze (10.0)' for IP 'design_1_microblaze_0_0' (customized with software release 2018.2) has a different revision in the IP Catalog.
Please select 'Report IP Status' from the 'Tools/Report' menu or run Tcl command 'report_ip_status' for more information.
WARNING: [IP_Flow 19-2162] IP 'design_1_axi_uartlite_0_0' is locked:
* IP definition 'AXI Uartlite (2.0)' for IP 'design_1_axi_uartlite_0_0' (customized with software release 2018.2) has a different revision in the IP Catalog.
Please select 'Report IP Status' from the 'Tools/Report' menu or run Tcl command 'report_ip_status' for more information.
WARNING: [IP_Flow 19-2162] IP 'design_1_axi_dma_0_0' is locked:
* IP definition 'AXI Direct Memory Access (7.1)' for IP 'design_1_axi_dma_0_0' (customized with software release 2018.2) has a different revision in the IP Catalog.
Please select 'Report IP Status' from the 'Tools/Report' menu or run Tcl command 'report_ip_status' for more information.
WARNING: [IP_Flow 19-2162] IP 'design_1_mdm_1_0' is locked:
* IP definition 'MicroBlaze Debug Module (MDM) (3.2)' for IP 'design_1_mdm_1_0' (customized with software release 2018.2) has a different revision in the IP Catalog.
Please select 'Report IP Status' from the 'Tools/Report' menu or run Tcl command 'report_ip_status' for more information.
WARNING: [IP_Flow 19-2162] IP 'bd_afc3_s00a2s_0' is locked:
* IP definition 'SmartConnect AXI2SC Bridge (1.0)' for IP 'bd_afc3_s00a2s_0' (customized with software release 2018.2) has a different revision in the IP Catalog.
Please select 'Report IP Status' from the 'Tools/Report' menu or run Tcl command 'report_ip_status' for more information.
WARNING: [IP_Flow 19-2162] IP 'bd_afc3_s01a2s_0' is locked:
* IP definition 'SmartConnect AXI2SC Bridge (1.0)' for IP 'bd_afc3_s01a2s_0' (customized with software release 2018.2) has a different revision in the IP Catalog.
Please select 'Report IP Status' from the 'Tools/Report' menu or run Tcl command 'report_ip_status' for more information.
WARNING: [IP_Flow 19-2162] IP 'bd_afc3_s02a2s_0' is locked:
* IP definition 'SmartConnect AXI2SC Bridge (1.0)' for IP 'bd_afc3_s02a2s_0' (customized with software release 2018.2) has a different revision in the IP Catalog.
Please select 'Report IP Status' from the 'Tools/Report' menu or run Tcl command 'report_ip_status' for more information.
WARNING: [IP_Flow 19-2162] IP 'bd_afc3_m00s2a_0' is locked:
* IP definition 'SmartConnect SC2AXI Bridge (1.0)' for IP 'bd_afc3_m00s2a_0' (customized with software release 2018.2) has a different revision in the IP Catalog.
Please select 'Report IP Status' from the 'Tools/Report' menu or run Tcl command 'report_ip_status' for more information.
WARNING: [IP_Flow 19-2162] IP 'bd_afc3_m00e_0' is locked:
* IP definition 'SC EXIT (1.0)' for IP 'bd_afc3_m00e_0' (customized with software release 2018.2) has a different revision in the IP Catalog.
Please select 'Report IP Status' from the 'Tools/Report' menu or run Tcl command 'report_ip_status' for more information.
WARNING: [IP_Flow 19-2162] IP 'bd_afc3_m00arn_0' is locked:
* IP definition 'SmartConnect Node (1.0)' for IP 'bd_afc3_m00arn_0' (customized with software release 2018.2) has a different revision in the IP Catalog.
Please select 'Report IP Status' from the 'Tools/Report' menu or run Tcl command 'report_ip_status' for more information.
WARNING: [IP_Flow 19-2162] IP 'bd_afc3_m00rn_0' is locked:
* IP definition 'SmartConnect Node (1.0)' for IP 'bd_afc3_m00rn_0' (customized with software release 2018.2) has a different revision in the IP Catalog.
Please select 'Report IP Status' from the 'Tools/Report' menu or run Tcl command 'report_ip_status' for more information.
WARNING: [IP_Flow 19-2162] IP 'bd_afc3_m00awn_0' is locked:
* IP definition 'SmartConnect Node (1.0)' for IP 'bd_afc3_m00awn_0' (customized with software release 2018.2) has a different revision in the IP Catalog.
Please select 'Report IP Status' from the 'Tools/Report' menu or run Tcl command 'report_ip_status' for more information.
WARNING: [IP_Flow 19-2162] IP 'bd_afc3_m00wn_0' is locked:
* IP definition 'SmartConnect Node (1.0)' for IP 'bd_afc3_m00wn_0' (customized with software release 2018.2) has a different revision in the IP Catalog.
Please select 'Report IP Status' from the 'Tools/Report' menu or run Tcl command 'report_ip_status' for more information.
WARNING: [IP_Flow 19-2162] IP 'bd_afc3_m00bn_0' is locked:
* IP definition 'SmartConnect Node (1.0)' for IP 'bd_afc3_m00bn_0' (customized with software release 2018.2) has a different revision in the IP Catalog.
Please select 'Report IP Status' from the 'Tools/Report' menu or run Tcl command 'report_ip_status' for more information.
WARNING: [IP_Flow 19-2162] IP 'bd_afc3_sarn_2' is locked:
* IP definition 'SmartConnect Node (1.0)' for IP 'bd_afc3_sarn_2' (customized with software release 2018.2) has a different revision in the IP Catalog.
Please select 'Report IP Status' from the 'Tools/Report' menu or run Tcl command 'report_ip_status' for more information.
WARNING: [IP_Flow 19-2162] IP 'bd_afc3_srn_2' is locked:
* IP definition 'SmartConnect Node (1.0)' for IP 'bd_afc3_srn_2' (customized with software release 2018.2) has a different revision in the IP Catalog.
Please select 'Report IP Status' from the 'Tools/Report' menu or run Tcl command 'report_ip_status' for more information.
WARNING: [IP_Flow 19-2162] IP 'bd_afc3_sawn_1' is locked:
* IP definition 'SmartConnect Node (1.0)' for IP 'bd_afc3_sawn_1' (customized with software release 2018.2) has a different revision in the IP Catalog.
Please select 'Report IP Status' from the 'Tools/Report' menu or run Tcl command 'report_ip_status' for more information.
WARNING: [IP_Flow 19-2162] IP 'bd_afc3_swn_1' is locked:
* IP definition 'SmartConnect Node (1.0)' for IP 'bd_afc3_swn_1' (customized with software release 2018.2) has a different revision in the IP Catalog.
Please select 'Report IP Status' from the 'Tools/Report' menu or run Tcl command 'report_ip_status' for more information.
WARNING: [IP_Flow 19-2162] IP 'bd_afc3_sbn_1' is locked:
* IP definition 'SmartConnect Node (1.0)' for IP 'bd_afc3_sbn_1' (customized with software release 2018.2) has a different revision in the IP Catalog.
Please select 'Report IP Status' from the 'Tools/Report' menu or run Tcl command 'report_ip_status' for more information.
WARNING: [IP_Flow 19-2162] IP 'bd_afc3_s02mmu_0' is locked:
* IP definition 'SC MMU (1.0)' for IP 'bd_afc3_s02mmu_0' (customized with software release 2018.2) has a different revision in the IP Catalog.
Please select 'Report IP Status' from the 'Tools/Report' menu or run Tcl command 'report_ip_status' for more information.
WARNING: [IP_Flow 19-2162] IP 'bd_afc3_s02tr_0' is locked:
* IP definition 'SC TRANSACTION_REGULATOR (1.0)' for IP 'bd_afc3_s02tr_0' (customized with software release 2018.2) has a different revision in the IP Catalog.
Please select 'Report IP Status' from the 'Tools/Report' menu or run Tcl command 'report_ip_status' for more information.
WARNING: [IP_Flow 19-2162] IP 'bd_afc3_s02sic_0' is locked:
* IP definition 'SC SI_CONVERTER (1.0)' for IP 'bd_afc3_s02sic_0' (customized with software release 2018.2) has a different revision in the IP Catalog.
Please select 'Report IP Status' from the 'Tools/Report' menu or run Tcl command 'report_ip_status' for more information.
WARNING: [IP_Flow 19-2162] IP 'bd_afc3_sarn_1' is locked:
* IP definition 'SmartConnect Node (1.0)' for IP 'bd_afc3_sarn_1' (customized with software release 2018.2) has a different revision in the IP Catalog.
Please select 'Report IP Status' from the 'Tools/Report' menu or run Tcl command 'report_ip_status' for more information.
WARNING: [IP_Flow 19-2162] IP 'bd_afc3_srn_1' is locked:
* IP definition 'SmartConnect Node (1.0)' for IP 'bd_afc3_srn_1' (customized with software release 2018.2) has a different revision in the IP Catalog.
Please select 'Report IP Status' from the 'Tools/Report' menu or run Tcl command 'report_ip_status' for more information.
WARNING: [IP_Flow 19-2162] IP 'bd_afc3_s01mmu_0' is locked:
* IP definition 'SC MMU (1.0)' for IP 'bd_afc3_s01mmu_0' (customized with software release 2018.2) has a different revision in the IP Catalog.
Please select 'Report IP Status' from the 'Tools/Report' menu or run Tcl command 'report_ip_status' for more information.
WARNING: [IP_Flow 19-2162] IP 'bd_afc3_s01tr_0' is locked:
* IP definition 'SC TRANSACTION_REGULATOR (1.0)' for IP 'bd_afc3_s01tr_0' (customized with software release 2018.2) has a different revision in the IP Catalog.
Please select 'Report IP Status' from the 'Tools/Report' menu or run Tcl command 'report_ip_status' for more information.
WARNING: [IP_Flow 19-2162] IP 'bd_afc3_s01sic_0' is locked:
* IP definition 'SC SI_CONVERTER (1.0)' for IP 'bd_afc3_s01sic_0' (customized with software release 2018.2) has a different revision in the IP Catalog.
Please select 'Report IP Status' from the 'Tools/Report' menu or run Tcl command 'report_ip_status' for more information.
WARNING: [IP_Flow 19-2162] IP 'bd_afc3_sarn_0' is locked:
* IP definition 'SmartConnect Node (1.0)' for IP 'bd_afc3_sarn_0' (customized with software release 2018.2) has a different revision in the IP Catalog.
Please select 'Report IP Status' from the 'Tools/Report' menu or run Tcl command 'report_ip_status' for more information.
WARNING: [IP_Flow 19-2162] IP 'bd_afc3_srn_0' is locked:
* IP definition 'SmartConnect Node (1.0)' for IP 'bd_afc3_srn_0' (customized with software release 2018.2) has a different revision in the IP Catalog.
Please select 'Report IP Status' from the 'Tools/Report' menu or run Tcl command 'report_ip_status' for more information.
WARNING: [IP_Flow 19-2162] IP 'bd_afc3_sawn_0' is locked:
* IP definition 'SmartConnect Node (1.0)' for IP 'bd_afc3_sawn_0' (customized with software release 2018.2) has a different revision in the IP Catalog.
Please select 'Report IP Status' from the 'Tools/Report' menu or run Tcl command 'report_ip_status' for more information.
WARNING: [IP_Flow 19-2162] IP 'bd_afc3_swn_0' is locked:
* IP definition 'SmartConnect Node (1.0)' for IP 'bd_afc3_swn_0' (customized with software release 2018.2) has a different revision in the IP Catalog.
Please select 'Report IP Status' from the 'Tools/Report' menu or run Tcl command 'report_ip_status' for more information.
WARNING: [IP_Flow 19-2162] IP 'bd_afc3_sbn_0' is locked:
* IP definition 'SmartConnect Node (1.0)' for IP 'bd_afc3_sbn_0' (customized with software release 2018.2) has a different revision in the IP Catalog.
Please select 'Report IP Status' from the 'Tools/Report' menu or run Tcl command 'report_ip_status' for more information.
WARNING: [IP_Flow 19-2162] IP 'bd_afc3_s00mmu_0' is locked:
* IP definition 'SC MMU (1.0)' for IP 'bd_afc3_s00mmu_0' (customized with software release 2018.2) has a different revision in the IP Catalog.
Please select 'Report IP Status' from the 'Tools/Report' menu or run Tcl command 'report_ip_status' for more information.
WARNING: [IP_Flow 19-2162] IP 'bd_afc3_s00tr_0' is locked:
* IP definition 'SC TRANSACTION_REGULATOR (1.0)' for IP 'bd_afc3_s00tr_0' (customized with software release 2018.2) has a different revision in the IP Catalog.
Please select 'Report IP Status' from the 'Tools/Report' menu or run Tcl command 'report_ip_status' for more information.
WARNING: [IP_Flow 19-2162] IP 'bd_afc3_s00sic_0' is locked:
* IP definition 'SC SI_CONVERTER (1.0)' for IP 'bd_afc3_s00sic_0' (customized with software release 2018.2) has a different revision in the IP Catalog.
Please select 'Report IP Status' from the 'Tools/Report' menu or run Tcl command 'report_ip_status' for more information.
WARNING: [IP_Flow 19-2162] IP 'bd_afc3_arsw_0' is locked:
* IP definition 'SmartConnect Switchboard (1.0)' for IP 'bd_afc3_arsw_0' (customized with software release 2018.2) has a different revision in the IP Catalog.
Please select 'Report IP Status' from the 'Tools/Report' menu or run Tcl command 'report_ip_status' for more information.
WARNING: [IP_Flow 19-2162] IP 'bd_afc3_rsw_0' is locked:
* IP definition 'SmartConnect Switchboard (1.0)' for IP 'bd_afc3_rsw_0' (customized with software release 2018.2) has a different revision in the IP Catalog.
Please select 'Report IP Status' from the 'Tools/Report' menu or run Tcl command 'report_ip_status' for more information.
WARNING: [IP_Flow 19-2162] IP 'bd_afc3_awsw_0' is locked:
* IP definition 'SmartConnect Switchboard (1.0)' for IP 'bd_afc3_awsw_0' (customized with software release 2018.2) has a different revision in the IP Catalog.
Please select 'Report IP Status' from the 'Tools/Report' menu or run Tcl command 'report_ip_status' for more information.
WARNING: [IP_Flow 19-2162] IP 'bd_afc3_wsw_0' is locked:
* IP definition 'SmartConnect Switchboard (1.0)' for IP 'bd_afc3_wsw_0' (customized with software release 2018.2) has a different revision in the IP Catalog.
Please select 'Report IP Status' from the 'Tools/Report' menu or run Tcl command 'report_ip_status' for more information.
WARNING: [IP_Flow 19-2162] IP 'bd_afc3_bsw_0' is locked:
* IP definition 'SmartConnect Switchboard (1.0)' for IP 'bd_afc3_bsw_0' (customized with software release 2018.2) has a different revision in the IP Catalog.
Please select 'Report IP Status' from the 'Tools/Report' menu or run Tcl command 'report_ip_status' for more information.
WARNING: [IP_Flow 19-2162] IP 'bd_afc3_one_0' is locked:
* IP definition 'Constant (1.1)' for IP 'bd_afc3_one_0' (customized with software release 2018.2) has a different revision in the IP Catalog.
Please select 'Report IP Status' from the 'Tools/Report' menu or run Tcl command 'report_ip_status' for more information.
WARNING: [IP_Flow 19-2162] IP 'design_1_axi_smc_0' is locked:
* IP definition 'AXI SmartConnect (1.0)' for IP 'design_1_axi_smc_0' (customized with software release 2018.2) has a different revision in the IP Catalog.
* IP 'design_1_axi_smc_0' contains one or more locked subcores.
Please select 'Report IP Status' from the 'Tools/Report' menu or run Tcl command 'report_ip_status' for more information.
WARNING: [IP_Flow 19-2162] IP 'design_1_microblaze_0_axi_periph_0' is locked:
* IP definition 'AXI Interconnect (2.1)' for IP 'design_1_microblaze_0_axi_periph_0' (customized with software release 2018.2) has a different revision in the IP Catalog.
Please select 'Report IP Status' from the 'Tools/Report' menu or run Tcl command 'report_ip_status' for more information.
WARNING: [IP_Flow 19-2162] IP 'design_1_fifo_generator_0_0' is locked:
* IP definition 'FIFO Generator (13.2)' for IP 'design_1_fifo_generator_0_0' (customized with software release 2018.2) has a different revision in the IP Catalog.
Please select 'Report IP Status' from the 'Tools/Report' menu or run Tcl command 'report_ip_status' for more information.
WARNING: [IP_Flow 19-2162] IP 'bd_f60c_ila_lib_0' is locked:
* IP definition 'ILA (Integrated Logic Analyzer) (6.2)' for IP 'bd_f60c_ila_lib_0' (customized with software release 2018.2) has a different revision in the IP Catalog.
Please select 'Report IP Status' from the 'Tools/Report' menu or run Tcl command 'report_ip_status' for more information.
WARNING: [IP_Flow 19-2162] IP 'design_1_system_ila_0_0' is locked:
* IP definition 'System ILA (1.1)' for IP 'design_1_system_ila_0_0' (customized with software release 2018.2) has a different revision in the IP Catalog.
* IP 'design_1_system_ila_0_0' contains one or more locked subcores.
Please select 'Report IP Status' from the 'Tools/Report' menu or run Tcl command 'report_ip_status' for more information.
WARNING: [IP_Flow 19-2162] IP 'design_1_xbar_0' is locked:
* IP definition 'AXI Crossbar (2.1)' for IP 'design_1_xbar_0' (customized with software release 2018.2) has a different revision in the IP Catalog.
Please select 'Report IP Status' from the 'Tools/Report' menu or run Tcl command 'report_ip_status' for more information.
WARNING: [IP_Flow 19-2162] IP 'design_1_dlmb_bram_if_cntlr_0' is locked:
* IP definition 'LMB BRAM Controller (4.0)' for IP 'design_1_dlmb_bram_if_cntlr_0' (customized with software release 2018.2) has a different revision in the IP Catalog.
Please select 'Report IP Status' from the 'Tools/Report' menu or run Tcl command 'report_ip_status' for more information.
WARNING: [IP_Flow 19-2162] IP 'design_1_ilmb_bram_if_cntlr_0' is locked:
* IP definition 'LMB BRAM Controller (4.0)' for IP 'design_1_ilmb_bram_if_cntlr_0' (customized with software release 2018.2) has a different revision in the IP Catalog.
Please select 'Report IP Status' from the 'Tools/Report' menu or run Tcl command 'report_ip_status' for more information.
WARNING: [BD 41-1661] One or more IPs have been locked in the design 'design_1.bd'. Please run report_ip_status for more details and recommendations on how to fix this issue.
List of locked IPs:
design_1_mig_7series_0_0
design_1_system_ila_0_0
design_1_microblaze_0_0
design_1_mdm_1_0
design_1_axi_uartlite_0_0
design_1_axi_dma_0_0
design_1_axi_smc_0
design_1_microblaze_0_axi_periph_0
design_1_fifo_generator_0_0
design_1_xbar_0
design_1_dlmb_bram_if_cntlr_0
design_1_ilmb_bram_if_cntlr_0

save_project_as: Time (s): cpu = 00:00:33 ; elapsed = 00:00:20 . Memory (MB): peak = 882.719 ; gain = 13.563
open_bd_design {C:/Users/Janos/Documents/Vivado/Lab/Lab_As/Lab_As.srcs/sources_1/bd/design_1/design_1.bd}
Adding cell -- xilinx.com:ip:mig_7series:4.1 - mig_7series_0
Adding cell -- xilinx.com:ip:microblaze:10.0 - microblaze_0
Adding cell -- xilinx.com:ip:axi_uartlite:2.0 - axi_uartlite_0
Adding cell -- xilinx.com:ip:axi_dma:7.1 - axi_dma_0
Adding cell -- xilinx.com:ip:mdm:3.2 - mdm_1
Adding cell -- xilinx.com:ip:proc_sys_reset:5.0 - rst_mig_7series_0_100M
Adding cell -- xilinx.com:ip:smartconnect:1.0 - axi_smc
Adding cell -- xilinx.com:ip:fifo_generator:13.2 - fifo_generator_0
Adding cell -- xilinx.com:ip:system_ila:1.1 - system_ila_0
Adding cell -- xilinx.com:ip:axi_crossbar:2.1 - xbar
Adding cell -- xilinx.com:ip:lmb_v10:3.0 - dlmb_v10
Adding cell -- xilinx.com:ip:lmb_v10:3.0 - ilmb_v10
Adding cell -- xilinx.com:ip:lmb_bram_if_cntlr:4.0 - dlmb_bram_if_cntlr
Adding cell -- xilinx.com:ip:lmb_bram_if_cntlr:4.0 - ilmb_bram_if_cntlr
Adding cell -- xilinx.com:ip:blk_mem_gen:8.4 - lmb_bram
Successfully read diagram <design_1> from BD file <C:/Users/Janos/Documents/Vivado/Lab/Lab_As/Lab_As.srcs/sources_1/bd/design_1/design_1.bd>
open_bd_design: Time (s): cpu = 00:00:13 ; elapsed = 00:00:12 . Memory (MB): peak = 962.828 ; gain = 78.246
report_ip_status -name ip_status 
report_ip_status -name ip_status 
exit
INFO: [Common 17-206] Exiting Vivado at Sat Nov 10 19:03:46 2018...
