#-----------------------------------------------------------
# Vivado v2018.2 (64-bit)
# SW Build 2258646 on Thu Jun 14 20:03:12 MDT 2018
# IP Build 2256618 on Thu Jun 14 22:10:49 MDT 2018
# Start of session at: Fri Dec  7 17:14:00 2018
# Process ID: 15616
# Current directory: D:/D_Strabi/D_Dokumentumai/BME/MikrorendszerekTevezese/HF/CSL/HF/Lab/AXI_DMA_Lab
# Command line: vivado.exe -gui_launcher_event rodinguilauncherevent2392 D:\D_Strabi\D_Dokumentumai\BME\MikrorendszerekTevezese\HF\CSL\HF\Lab\AXI_DMA_Lab\AXI_DMA_Lab.xpr
# Log file: D:/D_Strabi/D_Dokumentumai/BME/MikrorendszerekTevezese/HF/CSL/HF/Lab/AXI_DMA_Lab/vivado.log
# Journal file: D:/D_Strabi/D_Dokumentumai/BME/MikrorendszerekTevezese/HF/CSL/HF/Lab/AXI_DMA_Lab\vivado.jou
#-----------------------------------------------------------
start_gui
open_project D:/D_Strabi/D_Dokumentumai/BME/MikrorendszerekTevezese/HF/CSL/HF/Lab/AXI_DMA_Lab/AXI_DMA_Lab.xpr
INFO: [Project 1-313] Project file moved from 'C:/Users/Janos/Documents/Vivado/Lab/AXI_DMA_Lab' since last save.
Scanning sources...
Finished scanning sources
INFO: [IP_Flow 19-234] Refreshing IP repositories
INFO: [IP_Flow 19-1700] Loaded user IP repository 'd:/D_Strabi/D_Dokumentumai/BME/MikrorendszerekTevezese/HF/CSL/HF/Lab/ip_repo/SevenSegmentDriver_1.0'.
INFO: [IP_Flow 19-1700] Loaded user IP repository 'd:/D_Strabi/D_Dokumentumai/BME/MikrorendszerekTevezese/HF/CSL/HF/Lab/ip_repo/AXI4S_VGA_1.1'.
INFO: [IP_Flow 19-2313] Loaded Vivado IP repository 'G:/Programok/Vivado2018.2/Vivado/2018.2/data/ip'.
CRITICAL WARNING: [IP_Flow 19-1663] Duplicate IP found for 'xilinx.com:module_ref:AXI4S_VGA_v1_0_AXI4S_In:1.0'. The one found in IP location 'd:/D_Strabi/D_Dokumentumai/BME/MikrorendszerekTevezese/HF/CSL/HF/Lab/AXI_DMA_Lab/AXI_DMA_Lab.srcs/sources_1/bd/mref/AXI4S_VGA_v1_0_AXI4S_In' will take precedence over the same IP in location d:/D_Strabi/D_Dokumentumai/BME/MikrorendszerekTevezese/HF/CSL/HF/Lab/AXI_DMA_Lab/AXI_DMA_Lab.srcs/sources_1/bd/mref/AXI4S_VGA_v1_0_AXI4S_In_1
open_project: Time (s): cpu = 00:01:35 ; elapsed = 00:01:12 . Memory (MB): peak = 986.871 ; gain = 242.973
update_compile_order -fileset sources_1
open_bd_design {D:/D_Strabi/D_Dokumentumai/BME/MikrorendszerekTevezese/HF/CSL/HF/Lab/AXI_DMA_Lab/AXI_DMA_Lab.srcs/sources_1/bd/design_1/design_1.bd}
Adding cell -- xilinx.com:ip:mig_7series:4.1 - mig_7series_0
Adding cell -- xilinx.com:ip:microblaze:10.0 - microblaze_0
Adding cell -- xilinx.com:ip:axi_uartlite:2.0 - axi_uartlite_0
Adding cell -- xilinx.com:ip:axi_dma:7.1 - axi_dma_0
Adding cell -- xilinx.com:ip:mdm:3.2 - mdm_1
Adding cell -- xilinx.com:ip:proc_sys_reset:5.0 - rst_mig_7series_0_100M
Adding cell -- xilinx.com:ip:smartconnect:1.0 - axi_smc
Adding cell -- xilinx.com:ip:fifo_generator:13.2 - fifo_generator_0
INFO: [xilinx.com:ip:fifo_generator:13.2-5968] /fifo_generator_0Executing the post_config_ip from bd
Adding cell -- xilinx.com:ip:system_ila:1.1 - system_ila_0
Adding cell -- xilinx.com:module_ref:AXI4S_VGA_v1_0_AXI4S_In:1.0 - AXI4S_VGA_v1_0_AXI4S_0
Adding cell -- xilinx.com:ip:axi_timer:2.0 - axi_timer_0
Adding cell -- xilinx.com:ip:axi_gpio:2.0 - axi_gpio_0
Adding cell -- xilinx.com:user:SevenSegmentDriver:1.0 - SevenSegmentDriver_0
Adding cell -- xilinx.com:ip:axi_crossbar:2.1 - xbar
Adding cell -- xilinx.com:ip:lmb_v10:3.0 - dlmb_v10
Adding cell -- xilinx.com:ip:lmb_v10:3.0 - ilmb_v10
Adding cell -- xilinx.com:ip:lmb_bram_if_cntlr:4.0 - dlmb_bram_if_cntlr
Adding cell -- xilinx.com:ip:lmb_bram_if_cntlr:4.0 - ilmb_bram_if_cntlr
Adding cell -- xilinx.com:ip:blk_mem_gen:8.4 - lmb_bram
Successfully read diagram <design_1> from BD file <D:/D_Strabi/D_Dokumentumai/BME/MikrorendszerekTevezese/HF/CSL/HF/Lab/AXI_DMA_Lab/AXI_DMA_Lab.srcs/sources_1/bd/design_1/design_1.bd>
open_bd_design: Time (s): cpu = 00:00:20 ; elapsed = 00:00:18 . Memory (MB): peak = 1036.285 ; gain = 42.191
launch_sdk -workspace D:/D_Strabi/D_Dokumentumai/BME/MikrorendszerekTevezese/HF/CSL/HF/Lab/AXI_DMA_Lab/AXI_DMA_Lab.sdk -hwspec D:/D_Strabi/D_Dokumentumai/BME/MikrorendszerekTevezese/HF/CSL/HF/Lab/AXI_DMA_Lab/AXI_DMA_Lab.sdk/design_1_wrapper.hdf
INFO: [Vivado 12-393] Launching SDK...
INFO: [Vivado 12-417] Running xsdk -workspace D:/D_Strabi/D_Dokumentumai/BME/MikrorendszerekTevezese/HF/CSL/HF/Lab/AXI_DMA_Lab/AXI_DMA_Lab.sdk -hwspec D:/D_Strabi/D_Dokumentumai/BME/MikrorendszerekTevezese/HF/CSL/HF/Lab/AXI_DMA_Lab/AXI_DMA_Lab.sdk/design_1_wrapper.hdf
INFO: [Vivado 12-3157] SDK launch initiated. Please check console for any further messages.
file copy -force D:/D_Strabi/D_Dokumentumai/BME/MikrorendszerekTevezese/HF/CSL/HF/Lab/AXI_DMA_Lab/AXI_DMA_Lab.runs/impl_1/design_1_wrapper.sysdef D:/D_Strabi/D_Dokumentumai/BME/MikrorendszerekTevezese/HF/CSL/HF/Lab/AXI_DMA_Lab/AXI_DMA_Lab.sdk/design_1_wrapper.hdf

launch_sdk -workspace D:/D_Strabi/D_Dokumentumai/BME/MikrorendszerekTevezese/HF/CSL/HF/Lab/AXI_DMA_Lab/AXI_DMA_Lab.sdk -hwspec D:/D_Strabi/D_Dokumentumai/BME/MikrorendszerekTevezese/HF/CSL/HF/Lab/AXI_DMA_Lab/AXI_DMA_Lab.sdk/design_1_wrapper.hdf
INFO: [Vivado 12-393] Launching SDK...
INFO: [Vivado 12-417] Running xsdk -workspace D:/D_Strabi/D_Dokumentumai/BME/MikrorendszerekTevezese/HF/CSL/HF/Lab/AXI_DMA_Lab/AXI_DMA_Lab.sdk -hwspec D:/D_Strabi/D_Dokumentumai/BME/MikrorendszerekTevezese/HF/CSL/HF/Lab/AXI_DMA_Lab/AXI_DMA_Lab.sdk/design_1_wrapper.hdf
INFO: [Vivado 12-3157] SDK launch initiated. Please check console for any further messages.
exit
INFO: [Common 17-206] Exiting Vivado at Fri Dec  7 20:31:48 2018...
