#-----------------------------------------------------------
# Vivado v2018.2 (64-bit)
# SW Build 2258646 on Thu Jun 14 20:03:12 MDT 2018
# IP Build 2256618 on Thu Jun 14 22:10:49 MDT 2018
# Start of session at: Thu Nov 22 13:28:35 2018
# Process ID: 11236
# Current directory: D:/D_Strabi/D Dokumentumai/BME/MikrorendszerekTevezese/HF/K-gy-j-t-k/vga_jatekkal/vga_jatekkal_teszt
# Command line: vivado.exe -gui_launcher_event rodinguilauncherevent12508 D:\D_Strabi\D Dokumentumai\BME\MikrorendszerekTevezese\HF\K-gy-j-t-k\vga_jatekkal\vga_jatekkal_teszt\vga_jatekkal_teszt.xpr
# Log file: D:/D_Strabi/D Dokumentumai/BME/MikrorendszerekTevezese/HF/K-gy-j-t-k/vga_jatekkal/vga_jatekkal_teszt/vivado.log
# Journal file: D:/D_Strabi/D Dokumentumai/BME/MikrorendszerekTevezese/HF/K-gy-j-t-k/vga_jatekkal/vga_jatekkal_teszt\vivado.jou
#-----------------------------------------------------------
start_gui
open_project {D:/D_Strabi/D Dokumentumai/BME/MikrorendszerekTevezese/HF/K-gy-j-t-k/vga_jatekkal/vga_jatekkal_teszt/vga_jatekkal_teszt.xpr}
INFO: [ProjectBase 1-489] The host OS only allows 260 characters in a normal path. The project is stored in a path with more than 80 characters. If you experience issues with IP, Block Designs, or files not being found, please consider moving the project to a location with a shorter path. Alternately consider using the OS subst command to map part of the path to a drive letter.
Current project path is 'D:/D_Strabi/D Dokumentumai/BME/MikrorendszerekTevezese/HF/K-gy-j-t-k/vga_jatekkal/vga_jatekkal_teszt'
Scanning sources...
Finished scanning sources
INFO: [IP_Flow 19-234] Refreshing IP repositories
INFO: [IP_Flow 19-1704] No user IP repositories specified
INFO: [IP_Flow 19-2313] Loaded Vivado IP repository 'G:/Programok/Vivado2018.2/Vivado/2018.2/data/ip'.
open_project: Time (s): cpu = 00:00:40 ; elapsed = 00:00:24 . Memory (MB): peak = 824.320 ; gain = 89.594
update_compile_order -fileset sources_1
reset_run synth_1
launch_runs impl_1 -to_step write_bitstream -jobs 8
[Thu Nov 22 13:39:38 2018] Launched synth_1...
Run output will be captured here: D:/D_Strabi/D Dokumentumai/BME/MikrorendszerekTevezese/HF/K-gy-j-t-k/vga_jatekkal/vga_jatekkal_teszt/vga_jatekkal_teszt.runs/synth_1/runme.log
[Thu Nov 22 13:39:38 2018] Launched impl_1...
Run output will be captured here: D:/D_Strabi/D Dokumentumai/BME/MikrorendszerekTevezese/HF/K-gy-j-t-k/vga_jatekkal/vga_jatekkal_teszt/vga_jatekkal_teszt.runs/impl_1/runme.log
open_hw
connect_hw_server
INFO: [Labtools 27-2285] Connecting to hw_server url TCP:localhost:3121
INFO: [Labtools 27-2222] Launching hw_server...
INFO: [Labtools 27-2221] Launch Output:

****** Xilinx hw_server v2018.2
  **** Build date : Jun 14 2018-20:42:52
    ** Copyright 1986-2018 Xilinx, Inc. All Rights Reserved.


connect_hw_server: Time (s): cpu = 00:00:01 ; elapsed = 00:00:07 . Memory (MB): peak = 861.930 ; gain = 0.000
open_hw_target
INFO: [Labtoolstcl 44-466] Opening hw_target localhost:3121/xilinx_tcf/Digilent/210319754849A
open_hw_target: Time (s): cpu = 00:00:08 ; elapsed = 00:00:09 . Memory (MB): peak = 1529.582 ; gain = 667.652
set_property PROGRAM.FILE {D:/D_Strabi/D Dokumentumai/BME/MikrorendszerekTevezese/HF/K-gy-j-t-k/vga_jatekkal/vga_jatekkal_teszt/vga_jatekkal_teszt.runs/impl_1/vga_top.bit} [get_hw_devices xc7k70t_0]
current_hw_device [get_hw_devices xc7k70t_0]
refresh_hw_device -update_hw_probes false [lindex [get_hw_devices xc7k70t_0] 0]
INFO: [Labtools 27-1435] Device xc7k70t (JTAG device index = 0) is not programmed (DONE status = 0).
set_property PROBES.FILE {} [get_hw_devices xc7k70t_0]
set_property FULL_PROBES.FILE {} [get_hw_devices xc7k70t_0]
set_property PROGRAM.FILE {D:/D_Strabi/D Dokumentumai/BME/MikrorendszerekTevezese/HF/K-gy-j-t-k/vga_jatekkal/vga_jatekkal_teszt/vga_jatekkal_teszt.runs/impl_1/vga_top.bit} [get_hw_devices xc7k70t_0]
program_hw_devices [get_hw_devices xc7k70t_0]
INFO: [Labtools 27-3164] End of startup status: HIGH
refresh_hw_device [lindex [get_hw_devices xc7k70t_0] 0]
INFO: [Labtools 27-1434] Device xc7k70t (JTAG device index = 0) is programmed with a design that has no supported debug core(s) in it.
WARNING: [Labtools 27-3361] The debug hub core was not detected.
Resolution: 
1. Make sure the clock connected to the debug hub (dbg_hub) core is a free running clock and is active.
2. Make sure the BSCAN_SWITCH_USER_MASK device property in Vivado Hardware Manager reflects the user scan chain setting in the design and refresh the device.  To determine the user scan chain setting in the design, open the implemented design and use 'get_property C_USER_SCAN_CHAIN [get_debug_cores dbg_hub]'.
For more details on setting the scan chain property, consult the Vivado Debug and Programming User Guide (UG908).
set_property PROBES.FILE {} [get_hw_devices xc7k70t_0]
set_property FULL_PROBES.FILE {} [get_hw_devices xc7k70t_0]
set_property PROGRAM.FILE {D:/D_Strabi/D Dokumentumai/BME/MikrorendszerekTevezese/HF/K-gy-j-t-k/vga_jatekkal/vga_jatekkal_teszt/vga_jatekkal_teszt.runs/impl_1/vga_top.bit} [get_hw_devices xc7k70t_0]
program_hw_devices [get_hw_devices xc7k70t_0]
INFO: [Labtools 27-3164] End of startup status: HIGH
refresh_hw_device [lindex [get_hw_devices xc7k70t_0] 0]
INFO: [Labtools 27-1434] Device xc7k70t (JTAG device index = 0) is programmed with a design that has no supported debug core(s) in it.
WARNING: [Labtools 27-3361] The debug hub core was not detected.
Resolution: 
1. Make sure the clock connected to the debug hub (dbg_hub) core is a free running clock and is active.
2. Make sure the BSCAN_SWITCH_USER_MASK device property in Vivado Hardware Manager reflects the user scan chain setting in the design and refresh the device.  To determine the user scan chain setting in the design, open the implemented design and use 'get_property C_USER_SCAN_CHAIN [get_debug_cores dbg_hub]'.
For more details on setting the scan chain property, consult the Vivado Debug and Programming User Guide (UG908).
reset_run synth_1
launch_runs impl_1 -to_step write_bitstream -jobs 8
[Thu Nov 22 13:48:14 2018] Launched synth_1...
Run output will be captured here: D:/D_Strabi/D Dokumentumai/BME/MikrorendszerekTevezese/HF/K-gy-j-t-k/vga_jatekkal/vga_jatekkal_teszt/vga_jatekkal_teszt.runs/synth_1/runme.log
[Thu Nov 22 13:48:14 2018] Launched impl_1...
Run output will be captured here: D:/D_Strabi/D Dokumentumai/BME/MikrorendszerekTevezese/HF/K-gy-j-t-k/vga_jatekkal/vga_jatekkal_teszt/vga_jatekkal_teszt.runs/impl_1/runme.log
set_property PROBES.FILE {} [get_hw_devices xc7k70t_0]
set_property FULL_PROBES.FILE {} [get_hw_devices xc7k70t_0]
set_property PROGRAM.FILE {D:/D_Strabi/D Dokumentumai/BME/MikrorendszerekTevezese/HF/K-gy-j-t-k/vga_jatekkal/vga_jatekkal_teszt/vga_jatekkal_teszt.runs/impl_1/vga_top.bit} [get_hw_devices xc7k70t_0]
program_hw_devices [get_hw_devices xc7k70t_0]
INFO: [Labtools 27-3164] End of startup status: HIGH
refresh_hw_device [lindex [get_hw_devices xc7k70t_0] 0]
INFO: [Labtools 27-1434] Device xc7k70t (JTAG device index = 0) is programmed with a design that has no supported debug core(s) in it.
WARNING: [Labtools 27-3361] The debug hub core was not detected.
Resolution: 
1. Make sure the clock connected to the debug hub (dbg_hub) core is a free running clock and is active.
2. Make sure the BSCAN_SWITCH_USER_MASK device property in Vivado Hardware Manager reflects the user scan chain setting in the design and refresh the device.  To determine the user scan chain setting in the design, open the implemented design and use 'get_property C_USER_SCAN_CHAIN [get_debug_cores dbg_hub]'.
For more details on setting the scan chain property, consult the Vivado Debug and Programming User Guide (UG908).
refresh_hw_device [lindex [get_hw_devices xc7k70t_0] 0]
INFO: [Labtools 27-1434] Device xc7k70t (JTAG device index = 0) is programmed with a design that has no supported debug core(s) in it.
WARNING: [Labtools 27-3361] The debug hub core was not detected.
Resolution: 
1. Make sure the clock connected to the debug hub (dbg_hub) core is a free running clock and is active.
2. Make sure the BSCAN_SWITCH_USER_MASK device property in Vivado Hardware Manager reflects the user scan chain setting in the design and refresh the device.  To determine the user scan chain setting in the design, open the implemented design and use 'get_property C_USER_SCAN_CHAIN [get_debug_cores dbg_hub]'.
For more details on setting the scan chain property, consult the Vivado Debug and Programming User Guide (UG908).
set_property PROBES.FILE {} [get_hw_devices xc7k70t_0]
set_property FULL_PROBES.FILE {} [get_hw_devices xc7k70t_0]
set_property PROGRAM.FILE {D:/D_Strabi/D Dokumentumai/BME/MikrorendszerekTevezese/HF/K-gy-j-t-k/vga_jatekkal/vga_jatekkal_teszt/vga_jatekkal_teszt.runs/impl_1/vga_top.bit} [get_hw_devices xc7k70t_0]
program_hw_devices [get_hw_devices xc7k70t_0]
INFO: [Labtools 27-3164] End of startup status: HIGH
refresh_hw_device [lindex [get_hw_devices xc7k70t_0] 0]
INFO: [Labtools 27-1434] Device xc7k70t (JTAG device index = 0) is programmed with a design that has no supported debug core(s) in it.
WARNING: [Labtools 27-3361] The debug hub core was not detected.
Resolution: 
1. Make sure the clock connected to the debug hub (dbg_hub) core is a free running clock and is active.
2. Make sure the BSCAN_SWITCH_USER_MASK device property in Vivado Hardware Manager reflects the user scan chain setting in the design and refresh the device.  To determine the user scan chain setting in the design, open the implemented design and use 'get_property C_USER_SCAN_CHAIN [get_debug_cores dbg_hub]'.
For more details on setting the scan chain property, consult the Vivado Debug and Programming User Guide (UG908).
reset_run synth_1
launch_runs impl_1 -to_step write_bitstream -jobs 8
[Thu Nov 22 13:58:55 2018] Launched synth_1...
Run output will be captured here: D:/D_Strabi/D Dokumentumai/BME/MikrorendszerekTevezese/HF/K-gy-j-t-k/vga_jatekkal/vga_jatekkal_teszt/vga_jatekkal_teszt.runs/synth_1/runme.log
[Thu Nov 22 13:58:55 2018] Launched impl_1...
Run output will be captured here: D:/D_Strabi/D Dokumentumai/BME/MikrorendszerekTevezese/HF/K-gy-j-t-k/vga_jatekkal/vga_jatekkal_teszt/vga_jatekkal_teszt.runs/impl_1/runme.log
reset_run synth_1
launch_runs impl_1 -to_step write_bitstream -jobs 8
[Thu Nov 22 14:00:17 2018] Launched synth_1...
Run output will be captured here: D:/D_Strabi/D Dokumentumai/BME/MikrorendszerekTevezese/HF/K-gy-j-t-k/vga_jatekkal/vga_jatekkal_teszt/vga_jatekkal_teszt.runs/synth_1/runme.log
[Thu Nov 22 14:00:17 2018] Launched impl_1...
Run output will be captured here: D:/D_Strabi/D Dokumentumai/BME/MikrorendszerekTevezese/HF/K-gy-j-t-k/vga_jatekkal/vga_jatekkal_teszt/vga_jatekkal_teszt.runs/impl_1/runme.log
set_property PROBES.FILE {} [get_hw_devices xc7k70t_0]
set_property FULL_PROBES.FILE {} [get_hw_devices xc7k70t_0]
set_property PROGRAM.FILE {D:/D_Strabi/D Dokumentumai/BME/MikrorendszerekTevezese/HF/K-gy-j-t-k/vga_jatekkal/vga_jatekkal_teszt/vga_jatekkal_teszt.runs/impl_1/vga_top.bit} [get_hw_devices xc7k70t_0]
program_hw_devices [get_hw_devices xc7k70t_0]
INFO: [Labtools 27-3164] End of startup status: HIGH
refresh_hw_device [lindex [get_hw_devices xc7k70t_0] 0]
INFO: [Labtools 27-1434] Device xc7k70t (JTAG device index = 0) is programmed with a design that has no supported debug core(s) in it.
WARNING: [Labtools 27-3361] The debug hub core was not detected.
Resolution: 
1. Make sure the clock connected to the debug hub (dbg_hub) core is a free running clock and is active.
2. Make sure the BSCAN_SWITCH_USER_MASK device property in Vivado Hardware Manager reflects the user scan chain setting in the design and refresh the device.  To determine the user scan chain setting in the design, open the implemented design and use 'get_property C_USER_SCAN_CHAIN [get_debug_cores dbg_hub]'.
For more details on setting the scan chain property, consult the Vivado Debug and Programming User Guide (UG908).
set_property PROBES.FILE {} [get_hw_devices xc7k70t_0]
set_property FULL_PROBES.FILE {} [get_hw_devices xc7k70t_0]
set_property PROGRAM.FILE {D:/D_Strabi/D Dokumentumai/BME/MikrorendszerekTevezese/HF/K-gy-j-t-k/vga_jatekkal/vga_jatekkal_teszt/vga_jatekkal_teszt.runs/impl_1/vga_top.bit} [get_hw_devices xc7k70t_0]
program_hw_devices [get_hw_devices xc7k70t_0]
INFO: [Labtools 27-3164] End of startup status: HIGH
refresh_hw_device [lindex [get_hw_devices xc7k70t_0] 0]
INFO: [Labtools 27-1434] Device xc7k70t (JTAG device index = 0) is programmed with a design that has no supported debug core(s) in it.
WARNING: [Labtools 27-3361] The debug hub core was not detected.
Resolution: 
1. Make sure the clock connected to the debug hub (dbg_hub) core is a free running clock and is active.
2. Make sure the BSCAN_SWITCH_USER_MASK device property in Vivado Hardware Manager reflects the user scan chain setting in the design and refresh the device.  To determine the user scan chain setting in the design, open the implemented design and use 'get_property C_USER_SCAN_CHAIN [get_debug_cores dbg_hub]'.
For more details on setting the scan chain property, consult the Vivado Debug and Programming User Guide (UG908).
reset_run synth_1
launch_runs impl_1 -to_step write_bitstream -jobs 8
[Thu Nov 22 14:09:57 2018] Launched synth_1...
Run output will be captured here: D:/D_Strabi/D Dokumentumai/BME/MikrorendszerekTevezese/HF/K-gy-j-t-k/vga_jatekkal/vga_jatekkal_teszt/vga_jatekkal_teszt.runs/synth_1/runme.log
[Thu Nov 22 14:09:57 2018] Launched impl_1...
Run output will be captured here: D:/D_Strabi/D Dokumentumai/BME/MikrorendszerekTevezese/HF/K-gy-j-t-k/vga_jatekkal/vga_jatekkal_teszt/vga_jatekkal_teszt.runs/impl_1/runme.log
set_property PROBES.FILE {} [get_hw_devices xc7k70t_0]
set_property FULL_PROBES.FILE {} [get_hw_devices xc7k70t_0]
set_property PROGRAM.FILE {D:/D_Strabi/D Dokumentumai/BME/MikrorendszerekTevezese/HF/K-gy-j-t-k/vga_jatekkal/vga_jatekkal_teszt/vga_jatekkal_teszt.runs/impl_1/vga_top.bit} [get_hw_devices xc7k70t_0]
program_hw_devices [get_hw_devices xc7k70t_0]
INFO: [Labtools 27-3164] End of startup status: HIGH
refresh_hw_device [lindex [get_hw_devices xc7k70t_0] 0]
INFO: [Labtools 27-1434] Device xc7k70t (JTAG device index = 0) is programmed with a design that has no supported debug core(s) in it.
WARNING: [Labtools 27-3361] The debug hub core was not detected.
Resolution: 
1. Make sure the clock connected to the debug hub (dbg_hub) core is a free running clock and is active.
2. Make sure the BSCAN_SWITCH_USER_MASK device property in Vivado Hardware Manager reflects the user scan chain setting in the design and refresh the device.  To determine the user scan chain setting in the design, open the implemented design and use 'get_property C_USER_SCAN_CHAIN [get_debug_cores dbg_hub]'.
For more details on setting the scan chain property, consult the Vivado Debug and Programming User Guide (UG908).
reset_run synth_1
launch_runs impl_1 -to_step write_bitstream -jobs 8
[Thu Nov 22 14:21:34 2018] Launched synth_1...
Run output will be captured here: D:/D_Strabi/D Dokumentumai/BME/MikrorendszerekTevezese/HF/K-gy-j-t-k/vga_jatekkal/vga_jatekkal_teszt/vga_jatekkal_teszt.runs/synth_1/runme.log
[Thu Nov 22 14:21:34 2018] Launched impl_1...
Run output will be captured here: D:/D_Strabi/D Dokumentumai/BME/MikrorendszerekTevezese/HF/K-gy-j-t-k/vga_jatekkal/vga_jatekkal_teszt/vga_jatekkal_teszt.runs/impl_1/runme.log
set_property PROBES.FILE {} [get_hw_devices xc7k70t_0]
set_property FULL_PROBES.FILE {} [get_hw_devices xc7k70t_0]
set_property PROGRAM.FILE {D:/D_Strabi/D Dokumentumai/BME/MikrorendszerekTevezese/HF/K-gy-j-t-k/vga_jatekkal/vga_jatekkal_teszt/vga_jatekkal_teszt.runs/impl_1/vga_top.bit} [get_hw_devices xc7k70t_0]
program_hw_devices [get_hw_devices xc7k70t_0]
INFO: [Labtools 27-3164] End of startup status: HIGH
refresh_hw_device [lindex [get_hw_devices xc7k70t_0] 0]
INFO: [Labtools 27-1434] Device xc7k70t (JTAG device index = 0) is programmed with a design that has no supported debug core(s) in it.
WARNING: [Labtools 27-3361] The debug hub core was not detected.
Resolution: 
1. Make sure the clock connected to the debug hub (dbg_hub) core is a free running clock and is active.
2. Make sure the BSCAN_SWITCH_USER_MASK device property in Vivado Hardware Manager reflects the user scan chain setting in the design and refresh the device.  To determine the user scan chain setting in the design, open the implemented design and use 'get_property C_USER_SCAN_CHAIN [get_debug_cores dbg_hub]'.
For more details on setting the scan chain property, consult the Vivado Debug and Programming User Guide (UG908).
reset_run synth_1
launch_runs impl_1 -to_step write_bitstream -jobs 8
[Thu Nov 22 14:30:23 2018] Launched synth_1...
Run output will be captured here: D:/D_Strabi/D Dokumentumai/BME/MikrorendszerekTevezese/HF/K-gy-j-t-k/vga_jatekkal/vga_jatekkal_teszt/vga_jatekkal_teszt.runs/synth_1/runme.log
[Thu Nov 22 14:30:24 2018] Launched impl_1...
Run output will be captured here: D:/D_Strabi/D Dokumentumai/BME/MikrorendszerekTevezese/HF/K-gy-j-t-k/vga_jatekkal/vga_jatekkal_teszt/vga_jatekkal_teszt.runs/impl_1/runme.log
set_property PROBES.FILE {} [get_hw_devices xc7k70t_0]
set_property FULL_PROBES.FILE {} [get_hw_devices xc7k70t_0]
set_property PROGRAM.FILE {D:/D_Strabi/D Dokumentumai/BME/MikrorendszerekTevezese/HF/K-gy-j-t-k/vga_jatekkal/vga_jatekkal_teszt/vga_jatekkal_teszt.runs/impl_1/vga_top.bit} [get_hw_devices xc7k70t_0]
program_hw_devices [get_hw_devices xc7k70t_0]
INFO: [Labtools 27-3164] End of startup status: HIGH
refresh_hw_device [lindex [get_hw_devices xc7k70t_0] 0]
INFO: [Labtools 27-1434] Device xc7k70t (JTAG device index = 0) is programmed with a design that has no supported debug core(s) in it.
WARNING: [Labtools 27-3361] The debug hub core was not detected.
Resolution: 
1. Make sure the clock connected to the debug hub (dbg_hub) core is a free running clock and is active.
2. Make sure the BSCAN_SWITCH_USER_MASK device property in Vivado Hardware Manager reflects the user scan chain setting in the design and refresh the device.  To determine the user scan chain setting in the design, open the implemented design and use 'get_property C_USER_SCAN_CHAIN [get_debug_cores dbg_hub]'.
For more details on setting the scan chain property, consult the Vivado Debug and Programming User Guide (UG908).
reset_run synth_1
launch_runs impl_1 -to_step write_bitstream -jobs 8
[Thu Nov 22 14:44:45 2018] Launched synth_1...
Run output will be captured here: D:/D_Strabi/D Dokumentumai/BME/MikrorendszerekTevezese/HF/K-gy-j-t-k/vga_jatekkal/vga_jatekkal_teszt/vga_jatekkal_teszt.runs/synth_1/runme.log
[Thu Nov 22 14:44:45 2018] Launched impl_1...
Run output will be captured here: D:/D_Strabi/D Dokumentumai/BME/MikrorendszerekTevezese/HF/K-gy-j-t-k/vga_jatekkal/vga_jatekkal_teszt/vga_jatekkal_teszt.runs/impl_1/runme.log
set_property PROBES.FILE {} [get_hw_devices xc7k70t_0]
set_property FULL_PROBES.FILE {} [get_hw_devices xc7k70t_0]
set_property PROGRAM.FILE {D:/D_Strabi/D Dokumentumai/BME/MikrorendszerekTevezese/HF/K-gy-j-t-k/vga_jatekkal/vga_jatekkal_teszt/vga_jatekkal_teszt.runs/impl_1/vga_top.bit} [get_hw_devices xc7k70t_0]
program_hw_devices [get_hw_devices xc7k70t_0]
INFO: [Labtools 27-3164] End of startup status: HIGH
refresh_hw_device [lindex [get_hw_devices xc7k70t_0] 0]
INFO: [Labtools 27-1434] Device xc7k70t (JTAG device index = 0) is programmed with a design that has no supported debug core(s) in it.
WARNING: [Labtools 27-3361] The debug hub core was not detected.
Resolution: 
1. Make sure the clock connected to the debug hub (dbg_hub) core is a free running clock and is active.
2. Make sure the BSCAN_SWITCH_USER_MASK device property in Vivado Hardware Manager reflects the user scan chain setting in the design and refresh the device.  To determine the user scan chain setting in the design, open the implemented design and use 'get_property C_USER_SCAN_CHAIN [get_debug_cores dbg_hub]'.
For more details on setting the scan chain property, consult the Vivado Debug and Programming User Guide (UG908).
reset_run synth_1
launch_runs impl_1 -to_step write_bitstream -jobs 8
[Thu Nov 22 14:53:25 2018] Launched synth_1...
Run output will be captured here: D:/D_Strabi/D Dokumentumai/BME/MikrorendszerekTevezese/HF/K-gy-j-t-k/vga_jatekkal/vga_jatekkal_teszt/vga_jatekkal_teszt.runs/synth_1/runme.log
[Thu Nov 22 14:53:26 2018] Launched impl_1...
Run output will be captured here: D:/D_Strabi/D Dokumentumai/BME/MikrorendszerekTevezese/HF/K-gy-j-t-k/vga_jatekkal/vga_jatekkal_teszt/vga_jatekkal_teszt.runs/impl_1/runme.log
set_property PROBES.FILE {} [get_hw_devices xc7k70t_0]
set_property FULL_PROBES.FILE {} [get_hw_devices xc7k70t_0]
set_property PROGRAM.FILE {D:/D_Strabi/D Dokumentumai/BME/MikrorendszerekTevezese/HF/K-gy-j-t-k/vga_jatekkal/vga_jatekkal_teszt/vga_jatekkal_teszt.runs/impl_1/vga_top.bit} [get_hw_devices xc7k70t_0]
program_hw_devices [get_hw_devices xc7k70t_0]
INFO: [Labtools 27-3164] End of startup status: HIGH
refresh_hw_device [lindex [get_hw_devices xc7k70t_0] 0]
INFO: [Labtools 27-1434] Device xc7k70t (JTAG device index = 0) is programmed with a design that has no supported debug core(s) in it.
WARNING: [Labtools 27-3361] The debug hub core was not detected.
Resolution: 
1. Make sure the clock connected to the debug hub (dbg_hub) core is a free running clock and is active.
2. Make sure the BSCAN_SWITCH_USER_MASK device property in Vivado Hardware Manager reflects the user scan chain setting in the design and refresh the device.  To determine the user scan chain setting in the design, open the implemented design and use 'get_property C_USER_SCAN_CHAIN [get_debug_cores dbg_hub]'.
For more details on setting the scan chain property, consult the Vivado Debug and Programming User Guide (UG908).
reset_run synth_1
launch_runs impl_1 -to_step write_bitstream -jobs 8
[Thu Nov 22 14:59:36 2018] Launched synth_1...
Run output will be captured here: D:/D_Strabi/D Dokumentumai/BME/MikrorendszerekTevezese/HF/K-gy-j-t-k/vga_jatekkal/vga_jatekkal_teszt/vga_jatekkal_teszt.runs/synth_1/runme.log
[Thu Nov 22 14:59:36 2018] Launched impl_1...
Run output will be captured here: D:/D_Strabi/D Dokumentumai/BME/MikrorendszerekTevezese/HF/K-gy-j-t-k/vga_jatekkal/vga_jatekkal_teszt/vga_jatekkal_teszt.runs/impl_1/runme.log
reset_run synth_1
launch_runs impl_1 -to_step write_bitstream -jobs 8
[Thu Nov 22 15:00:16 2018] Launched synth_1...
Run output will be captured here: D:/D_Strabi/D Dokumentumai/BME/MikrorendszerekTevezese/HF/K-gy-j-t-k/vga_jatekkal/vga_jatekkal_teszt/vga_jatekkal_teszt.runs/synth_1/runme.log
[Thu Nov 22 15:00:16 2018] Launched impl_1...
Run output will be captured here: D:/D_Strabi/D Dokumentumai/BME/MikrorendszerekTevezese/HF/K-gy-j-t-k/vga_jatekkal/vga_jatekkal_teszt/vga_jatekkal_teszt.runs/impl_1/runme.log
set_property PROBES.FILE {} [get_hw_devices xc7k70t_0]
set_property FULL_PROBES.FILE {} [get_hw_devices xc7k70t_0]
set_property PROGRAM.FILE {D:/D_Strabi/D Dokumentumai/BME/MikrorendszerekTevezese/HF/K-gy-j-t-k/vga_jatekkal/vga_jatekkal_teszt/vga_jatekkal_teszt.runs/impl_1/vga_top.bit} [get_hw_devices xc7k70t_0]
program_hw_devices [get_hw_devices xc7k70t_0]
INFO: [Labtools 27-3164] End of startup status: HIGH
refresh_hw_device [lindex [get_hw_devices xc7k70t_0] 0]
INFO: [Labtools 27-1434] Device xc7k70t (JTAG device index = 0) is programmed with a design that has no supported debug core(s) in it.
WARNING: [Labtools 27-3361] The debug hub core was not detected.
Resolution: 
1. Make sure the clock connected to the debug hub (dbg_hub) core is a free running clock and is active.
2. Make sure the BSCAN_SWITCH_USER_MASK device property in Vivado Hardware Manager reflects the user scan chain setting in the design and refresh the device.  To determine the user scan chain setting in the design, open the implemented design and use 'get_property C_USER_SCAN_CHAIN [get_debug_cores dbg_hub]'.
For more details on setting the scan chain property, consult the Vivado Debug and Programming User Guide (UG908).
reset_run synth_1
launch_runs impl_1 -to_step write_bitstream -jobs 8
[Thu Nov 22 15:07:50 2018] Launched synth_1...
Run output will be captured here: D:/D_Strabi/D Dokumentumai/BME/MikrorendszerekTevezese/HF/K-gy-j-t-k/vga_jatekkal/vga_jatekkal_teszt/vga_jatekkal_teszt.runs/synth_1/runme.log
[Thu Nov 22 15:07:50 2018] Launched impl_1...
Run output will be captured here: D:/D_Strabi/D Dokumentumai/BME/MikrorendszerekTevezese/HF/K-gy-j-t-k/vga_jatekkal/vga_jatekkal_teszt/vga_jatekkal_teszt.runs/impl_1/runme.log
set_property PROBES.FILE {} [get_hw_devices xc7k70t_0]
set_property FULL_PROBES.FILE {} [get_hw_devices xc7k70t_0]
set_property PROGRAM.FILE {D:/D_Strabi/D Dokumentumai/BME/MikrorendszerekTevezese/HF/K-gy-j-t-k/vga_jatekkal/vga_jatekkal_teszt/vga_jatekkal_teszt.runs/impl_1/vga_top.bit} [get_hw_devices xc7k70t_0]
program_hw_devices [get_hw_devices xc7k70t_0]
INFO: [Labtools 27-3164] End of startup status: HIGH
refresh_hw_device [lindex [get_hw_devices xc7k70t_0] 0]
INFO: [Labtools 27-1434] Device xc7k70t (JTAG device index = 0) is programmed with a design that has no supported debug core(s) in it.
WARNING: [Labtools 27-3361] The debug hub core was not detected.
Resolution: 
1. Make sure the clock connected to the debug hub (dbg_hub) core is a free running clock and is active.
2. Make sure the BSCAN_SWITCH_USER_MASK device property in Vivado Hardware Manager reflects the user scan chain setting in the design and refresh the device.  To determine the user scan chain setting in the design, open the implemented design and use 'get_property C_USER_SCAN_CHAIN [get_debug_cores dbg_hub]'.
For more details on setting the scan chain property, consult the Vivado Debug and Programming User Guide (UG908).
reset_run synth_1
launch_runs impl_1 -to_step write_bitstream -jobs 8
[Thu Nov 22 15:16:57 2018] Launched synth_1...
Run output will be captured here: D:/D_Strabi/D Dokumentumai/BME/MikrorendszerekTevezese/HF/K-gy-j-t-k/vga_jatekkal/vga_jatekkal_teszt/vga_jatekkal_teszt.runs/synth_1/runme.log
[Thu Nov 22 15:16:57 2018] Launched impl_1...
Run output will be captured here: D:/D_Strabi/D Dokumentumai/BME/MikrorendszerekTevezese/HF/K-gy-j-t-k/vga_jatekkal/vga_jatekkal_teszt/vga_jatekkal_teszt.runs/impl_1/runme.log
set_property PROBES.FILE {} [get_hw_devices xc7k70t_0]
set_property FULL_PROBES.FILE {} [get_hw_devices xc7k70t_0]
set_property PROGRAM.FILE {D:/D_Strabi/D Dokumentumai/BME/MikrorendszerekTevezese/HF/K-gy-j-t-k/vga_jatekkal/vga_jatekkal_teszt/vga_jatekkal_teszt.runs/impl_1/vga_top.bit} [get_hw_devices xc7k70t_0]
program_hw_devices [get_hw_devices xc7k70t_0]
INFO: [Labtools 27-3164] End of startup status: HIGH
refresh_hw_device [lindex [get_hw_devices xc7k70t_0] 0]
INFO: [Labtools 27-1434] Device xc7k70t (JTAG device index = 0) is programmed with a design that has no supported debug core(s) in it.
WARNING: [Labtools 27-3361] The debug hub core was not detected.
Resolution: 
1. Make sure the clock connected to the debug hub (dbg_hub) core is a free running clock and is active.
2. Make sure the BSCAN_SWITCH_USER_MASK device property in Vivado Hardware Manager reflects the user scan chain setting in the design and refresh the device.  To determine the user scan chain setting in the design, open the implemented design and use 'get_property C_USER_SCAN_CHAIN [get_debug_cores dbg_hub]'.
For more details on setting the scan chain property, consult the Vivado Debug and Programming User Guide (UG908).
ERROR: [Labtoolstcl 44-513] HW Target shutdown. Closing target: localhost:3121/xilinx_tcf/Digilent/210319754849A
exit
INFO: [Common 17-206] Exiting Vivado at Thu Nov 22 16:16:41 2018...
