#-----------------------------------------------------------
# Vivado v2018.2 (64-bit)
# SW Build 2258646 on Thu Jun 14 20:03:12 MDT 2018
# IP Build 2256618 on Thu Jun 14 22:10:49 MDT 2018
# Start of session at: Tue Nov 27 15:23:23 2018
# Process ID: 1316
# Current directory: D:/D_Strabi/D Dokumentumai/BME/MikrorendszerekTevezese/HF/K-gy-j-t-k/vga_jatekkal/vga_jatekkal_teszt
# Command line: vivado.exe -gui_launcher_event rodinguilauncherevent1932 D:\D_Strabi\D Dokumentumai\BME\MikrorendszerekTevezese\HF\K-gy-j-t-k\vga_jatekkal\vga_jatekkal_teszt\vga_jatekkal_teszt.xpr
# Log file: D:/D_Strabi/D Dokumentumai/BME/MikrorendszerekTevezese/HF/K-gy-j-t-k/vga_jatekkal/vga_jatekkal_teszt/vivado.log
# Journal file: D:/D_Strabi/D Dokumentumai/BME/MikrorendszerekTevezese/HF/K-gy-j-t-k/vga_jatekkal/vga_jatekkal_teszt\vivado.jou
#-----------------------------------------------------------
start_gui
open_project {D:/D_Strabi/D Dokumentumai/BME/MikrorendszerekTevezese/HF/K-gy-j-t-k/vga_jatekkal/vga_jatekkal_teszt/vga_jatekkal_teszt.xpr}
INFO: [ProjectBase 1-489] The host OS only allows 260 characters in a normal path. The project is stored in a path with more than 80 characters. If you experience issues with IP, Block Designs, or files not being found, please consider moving the project to a location with a shorter path. Alternately consider using the OS subst command to map part of the path to a drive letter.
Current project path is 'D:/D_Strabi/D Dokumentumai/BME/MikrorendszerekTevezese/HF/K-gy-j-t-k/vga_jatekkal/vga_jatekkal_teszt'
Scanning sources...
Finished scanning sources
INFO: [IP_Flow 19-234] Refreshing IP repositories
INFO: [IP_Flow 19-1704] No user IP repositories specified
INFO: [IP_Flow 19-2313] Loaded Vivado IP repository 'G:/Programok/Vivado2018.2/Vivado/2018.2/data/ip'.
open_project: Time (s): cpu = 00:00:48 ; elapsed = 00:00:25 . Memory (MB): peak = 785.402 ; gain = 119.902
update_compile_order -fileset sources_1
