#-----------------------------------------------------------
# Vivado v2018.2 (64-bit)
# SW Build 2258646 on Thu Jun 14 20:03:12 MDT 2018
# IP Build 2256618 on Thu Jun 14 22:10:49 MDT 2018
# Start of session at: Tue Nov 20 18:37:51 2018
# Process ID: 7104
# Current directory: D:/D_Strabi/D Dokumentumai/BME/MikrorendszerekTevezese/Laborok/lab4_orai/ddr3_dma
# Command line: vivado.exe -gui_launcher_event rodinguilauncherevent5048 D:\D_Strabi\D Dokumentumai\BME\MikrorendszerekTevezese\Laborok\lab4_orai\ddr3_dma\ddr3_dma.xpr
# Log file: D:/D_Strabi/D Dokumentumai/BME/MikrorendszerekTevezese/Laborok/lab4_orai/ddr3_dma/vivado.log
# Journal file: D:/D_Strabi/D Dokumentumai/BME/MikrorendszerekTevezese/Laborok/lab4_orai/ddr3_dma\vivado.jou
#-----------------------------------------------------------
start_gui
open_project {D:/D_Strabi/D Dokumentumai/BME/MikrorendszerekTevezese/Laborok/lab4_orai/ddr3_dma/ddr3_dma.xpr}
INFO: [ProjectBase 1-489] The host OS only allows 260 characters in a normal path. The project is stored in a path with more than 80 characters. If you experience issues with IP, Block Designs, or files not being found, please consider moving the project to a location with a shorter path. Alternately consider using the OS subst command to map part of the path to a drive letter.
Current project path is 'D:/D_Strabi/D Dokumentumai/BME/MikrorendszerekTevezese/Laborok/lab4_orai/ddr3_dma'
INFO: [Project 1-313] Project file moved from 'F:/Egyetem/mikrorendszerek/ddr3_dma' since last save.
Scanning sources...
Finished scanning sources
INFO: [IP_Flow 19-234] Refreshing IP repositories
INFO: [IP_Flow 19-1704] No user IP repositories specified
INFO: [IP_Flow 19-2313] Loaded Vivado IP repository 'G:/Programok/Vivado2018.2/Vivado/2018.2/data/ip'.
open_project: Time (s): cpu = 00:01:40 ; elapsed = 00:01:22 . Memory (MB): peak = 1040.512 ; gain = 305.547
update_compile_order -fileset sources_1
import_files -norecurse {{D:/D_Strabi/D Dokumentumai/BME/MikrorendszerekTevezese/HF/K-gy-j-t-k/vga_jatekkal/vga_jatekkal_teszt/VGA_Control.v}}
update_compile_order -fileset sources_1
open_bd_design {D:/D_Strabi/D Dokumentumai/BME/MikrorendszerekTevezese/Laborok/lab4_orai/ddr3_dma/ddr3_dma.srcs/sources_1/bd/cpu_system/cpu_system.bd}
Adding cell -- xilinx.com:ip:microblaze:10.0 - microblaze_0
Adding cell -- xilinx.com:ip:mig_7series:4.1 - mig_7series_0
Adding cell -- xilinx.com:ip:axi_uartlite:2.0 - axi_uartlite_0
Adding cell -- xilinx.com:ip:mdm:3.2 - mdm_1
Adding cell -- xilinx.com:ip:proc_sys_reset:5.0 - rst_mig_7series_0_100M
Adding cell -- xilinx.com:ip:smartconnect:1.0 - axi_smc
Adding cell -- xilinx.com:ip:axi_dma:7.1 - axi_dma_0
Adding cell -- xilinx.com:ip:system_ila:1.1 - system_ila_0
Adding cell -- xilinx.com:ip:fifo_generator:13.2 - fifo_generator_0
INFO: [xilinx.com:ip:fifo_generator:13.2-5968] /fifo_generator_0Executing the post_config_ip from bd
Adding cell -- xilinx.com:ip:axi_crossbar:2.1 - xbar
Adding cell -- xilinx.com:ip:lmb_v10:3.0 - dlmb_v10
Adding cell -- xilinx.com:ip:lmb_v10:3.0 - ilmb_v10
Adding cell -- xilinx.com:ip:lmb_bram_if_cntlr:4.0 - dlmb_bram_if_cntlr
Adding cell -- xilinx.com:ip:lmb_bram_if_cntlr:4.0 - ilmb_bram_if_cntlr
Adding cell -- xilinx.com:ip:blk_mem_gen:8.4 - lmb_bram
Successfully read diagram <cpu_system> from BD file <D:/D_Strabi/D Dokumentumai/BME/MikrorendszerekTevezese/Laborok/lab4_orai/ddr3_dma/ddr3_dma.srcs/sources_1/bd/cpu_system/cpu_system.bd>
open_bd_design: Time (s): cpu = 00:00:19 ; elapsed = 00:00:17 . Memory (MB): peak = 1116.129 ; gain = 58.430
create_bd_cell -type module -reference vgaSync vgaSync_0
INFO: [IP_Flow 19-5107] Inferred bus interface 'clk' of definition 'xilinx.com:signal:clock:1.0' (from Xilinx Repository).
WARNING: [IP_Flow 19-3153] Bus Interface 'clk': ASSOCIATED_BUSIF bus parameter is missing.
INFO: [IP_Flow 19-234] Refreshing IP repositories
INFO: [IP_Flow 19-1704] No user IP repositories specified
save_bd_design
Wrote  : <D:/D_Strabi/D Dokumentumai/BME/MikrorendszerekTevezese/Laborok/lab4_orai/ddr3_dma/ddr3_dma.srcs/sources_1/bd/cpu_system/cpu_system.bd> 
Wrote  : <D:/D_Strabi/D Dokumentumai/BME/MikrorendszerekTevezese/Laborok/lab4_orai/ddr3_dma/ddr3_dma.srcs/sources_1/bd/cpu_system/ui/bd_210c4206.ui> 
exit
INFO: [Common 17-206] Exiting Vivado at Tue Nov 20 19:08:23 2018...
