#-----------------------------------------------------------
# Vivado v2018.2 (64-bit)
# SW Build 2258646 on Thu Jun 14 20:03:12 MDT 2018
# IP Build 2256618 on Thu Jun 14 22:10:49 MDT 2018
# Start of session at: Thu Dec  6 13:08:08 2018
# Process ID: 11224
# Current directory: D:/D_Strabi/D_Dokumentumai/BME/MikrorendszerekTevezese/HF/K-gy-j-t-k/ddr3_dma
# Command line: vivado.exe -gui_launcher_event rodinguilauncherevent7312 D:\D_Strabi\D_Dokumentumai\BME\MikrorendszerekTevezese\HF\K-gy-j-t-k\ddr3_dma\ddr3_dma.xpr
# Log file: D:/D_Strabi/D_Dokumentumai/BME/MikrorendszerekTevezese/HF/K-gy-j-t-k/ddr3_dma/vivado.log
# Journal file: D:/D_Strabi/D_Dokumentumai/BME/MikrorendszerekTevezese/HF/K-gy-j-t-k/ddr3_dma\vivado.jou
#-----------------------------------------------------------
start_gui
open_project D:/D_Strabi/D_Dokumentumai/BME/MikrorendszerekTevezese/HF/K-gy-j-t-k/ddr3_dma/ddr3_dma.xpr
Scanning sources...
Finished scanning sources
INFO: [IP_Flow 19-234] Refreshing IP repositories
INFO: [IP_Flow 19-1700] Loaded user IP repository 'd:/D_Strabi/D_Dokumentumai/BME/MikrorendszerekTevezese/HF/K-gy-j-t-k/ip_repo/myVGA_1.0'.
INFO: [IP_Flow 19-2313] Loaded Vivado IP repository 'G:/Programok/Vivado2018.2/Vivado/2018.2/data/ip'.
open_project: Time (s): cpu = 00:01:45 ; elapsed = 00:01:37 . Memory (MB): peak = 973.824 ; gain = 229.492
update_compile_order -fileset sources_1
reset_run impl_1
WARNING: [Vivado 12-1017] Problems encountered:
1. Couldn't access process for termination

launch_runs impl_1 -jobs 6
[Thu Dec  6 13:22:29 2018] Launched impl_1...
Run output will be captured here: D:/D_Strabi/D_Dokumentumai/BME/MikrorendszerekTevezese/HF/K-gy-j-t-k/ddr3_dma/ddr3_dma.runs/impl_1/runme.log
launch_runs impl_1 -to_step write_bitstream -jobs 6
[Thu Dec  6 13:54:01 2018] Launched impl_1...
Run output will be captured here: D:/D_Strabi/D_Dokumentumai/BME/MikrorendszerekTevezese/HF/K-gy-j-t-k/ddr3_dma/ddr3_dma.runs/impl_1/runme.log
INFO: [Vivado 12-4158] Exported Hardware file is out of date. Exported hardware information may be inconsistent with respect to the current state of the design. It is recommended that you re-export the design and launch SDK otherwise SDK is launched with out of date hardware system file.
launch_sdk -workspace D:/D_Strabi/D_Dokumentumai/BME/MikrorendszerekTevezese/HF/K-gy-j-t-k/ddr3_dma/ddr3_dma.sdk -hwspec D:/D_Strabi/D_Dokumentumai/BME/MikrorendszerekTevezese/HF/K-gy-j-t-k/ddr3_dma/ddr3_dma.sdk/cpu_system_wrapper.hdf
INFO: [Vivado 12-393] Launching SDK...
INFO: [Vivado 12-417] Running xsdk -workspace D:/D_Strabi/D_Dokumentumai/BME/MikrorendszerekTevezese/HF/K-gy-j-t-k/ddr3_dma/ddr3_dma.sdk -hwspec D:/D_Strabi/D_Dokumentumai/BME/MikrorendszerekTevezese/HF/K-gy-j-t-k/ddr3_dma/ddr3_dma.sdk/cpu_system_wrapper.hdf
INFO: [Vivado 12-3157] SDK launch initiated. Please check console for any further messages.
file copy -force D:/D_Strabi/D_Dokumentumai/BME/MikrorendszerekTevezese/HF/K-gy-j-t-k/ddr3_dma/ddr3_dma.runs/impl_1/cpu_system_wrapper.sysdef D:/D_Strabi/D_Dokumentumai/BME/MikrorendszerekTevezese/HF/K-gy-j-t-k/ddr3_dma/ddr3_dma.sdk/cpu_system_wrapper.hdf

file copy -force D:/D_Strabi/D_Dokumentumai/BME/MikrorendszerekTevezese/HF/K-gy-j-t-k/ddr3_dma/ddr3_dma.runs/impl_1/cpu_system_wrapper.bit D:/D_Strabi/D_Dokumentumai/BME/MikrorendszerekTevezese/HF/K-gy-j-t-k/ddr3_dma/ddr3_dma.srcs/sources_1/bd/cpu_system/hdl/myBit.bit
file copy -force D:/D_Strabi/D_Dokumentumai/BME/MikrorendszerekTevezese/HF/K-gy-j-t-k/ddr3_dma/ddr3_dma.runs/impl_1/cpu_system_wrapper.sysdef D:/D_Strabi/D_Dokumentumai/BME/MikrorendszerekTevezese/HF/K-gy-j-t-k/ddr3_dma/ddr3_dma.sdk/cpu_system_wrapper.hdf

launch_sdk -workspace D:/D_Strabi/D_Dokumentumai/BME/MikrorendszerekTevezese/HF/K-gy-j-t-k/ddr3_dma/ddr3_dma.sdk -hwspec D:/D_Strabi/D_Dokumentumai/BME/MikrorendszerekTevezese/HF/K-gy-j-t-k/ddr3_dma/ddr3_dma.sdk/cpu_system_wrapper.hdf
INFO: [Vivado 12-393] Launching SDK...
INFO: [Vivado 12-417] Running xsdk -workspace D:/D_Strabi/D_Dokumentumai/BME/MikrorendszerekTevezese/HF/K-gy-j-t-k/ddr3_dma/ddr3_dma.sdk -hwspec D:/D_Strabi/D_Dokumentumai/BME/MikrorendszerekTevezese/HF/K-gy-j-t-k/ddr3_dma/ddr3_dma.sdk/cpu_system_wrapper.hdf
INFO: [Vivado 12-3157] SDK launch initiated. Please check console for any further messages.
