#-----------------------------------------------------------
# Vivado v2018.2 (64-bit)
# SW Build 2258646 on Thu Jun 14 20:03:12 MDT 2018
# IP Build 2256618 on Thu Jun 14 22:10:49 MDT 2018
# Start of session at: Tue Nov 27 15:35:43 2018
# Process ID: 3912
# Current directory: D:/D_Strabi/D Dokumentumai/BME/MikrorendszerekTevezese/HF/K-gy-j-t-k/ddr3_dma
# Command line: vivado.exe -gui_launcher_event rodinguilauncherevent4964 D:\D_Strabi\D Dokumentumai\BME\MikrorendszerekTevezese\HF\K-gy-j-t-k\ddr3_dma\ddr3_dma.xpr
# Log file: D:/D_Strabi/D Dokumentumai/BME/MikrorendszerekTevezese/HF/K-gy-j-t-k/ddr3_dma/vivado.log
# Journal file: D:/D_Strabi/D Dokumentumai/BME/MikrorendszerekTevezese/HF/K-gy-j-t-k/ddr3_dma\vivado.jou
#-----------------------------------------------------------
start_gui
open_project {D:/D_Strabi/D Dokumentumai/BME/MikrorendszerekTevezese/HF/K-gy-j-t-k/ddr3_dma/ddr3_dma.xpr}
INFO: [Project 1-313] Project file moved from 'D:/D_Strabi/D Dokumentumai/BME/MikrorendszerekTevezese/Laborok/lab4_orai/ddr3_dma' since last save.
Scanning sources...
Finished scanning sources
INFO: [IP_Flow 19-234] Refreshing IP repositories
INFO: [IP_Flow 19-1704] No user IP repositories specified
INFO: [IP_Flow 19-2313] Loaded Vivado IP repository 'G:/Programok/Vivado2018.2/Vivado/2018.2/data/ip'.
open_project: Time (s): cpu = 00:01:57 ; elapsed = 00:01:23 . Memory (MB): peak = 1043.277 ; gain = 314.703
update_compile_order -fileset sources_1
CRITICAL WARNING: [HDL 9-806] Syntax error near ")". [D:/D_Strabi/D Dokumentumai/BME/MikrorendszerekTevezese/HF/K-gy-j-t-k/ddr3_dma/ddr3_dma.srcs/sources_1/imports/vga_jatekkal_teszt/VGA_Control.v:19]
CRITICAL WARNING: [HDL 9-806] Syntax error near ")". [D:/D_Strabi/D Dokumentumai/BME/MikrorendszerekTevezese/HF/K-gy-j-t-k/ddr3_dma/ddr3_dma.srcs/sources_1/imports/vga_jatekkal_teszt/VGA_Control.v:19]
update_compile_order -fileset sources_1
update_compile_order -fileset sources_1
exit
INFO: [Common 17-206] Exiting Vivado at Tue Nov 27 16:29:03 2018...
