#-----------------------------------------------------------
# Webtalk v2018.2 (64-bit)
# SW Build 2258646 on Thu Jun 14 20:03:12 MDT 2018
# 
# Start of session at: Fri Nov  9 23:37:36 2018
# Process ID: 7676
# Current directory: F:/Egyetem/mikrorendszerek/ddr3_dma/ddr3_dma.sdk/webtalk
# Command line: wbtcv.exe -mode batch -source sdk_webtalk.tcl
# Log file: F:/Egyetem/mikrorendszerek/ddr3_dma/ddr3_dma.sdk/webtalk/webtalk.log
# Journal file: F:/Egyetem/mikrorendszerek/ddr3_dma/ddr3_dma.sdk/webtalk\webtalk.jou
#-----------------------------------------------------------
source sdk_webtalk.tcl
# webtalk_init -webtalk_dir F:\\Egyetem\\mikrorendszerek\\ddr3_dma\\ddr3_dma.sdk\\webtalk
# webtalk_register_client -client project
# webtalk_add_data -client project -key date_generated -value "2018-11-09 23:37:35" -context "software_version_and_target_device"
# webtalk_add_data -client project -key product_version -value "SDK v2018.2" -context "software_version_and_target_device"
# webtalk_add_data -client project -key build_version -value "2018.2" -context "software_version_and_target_device"
# webtalk_add_data -client project -key os_platform -value "amd64" -context "software_version_and_target_device"
# webtalk_add_data -client project -key registration_id -value "" -context "software_version_and_target_device"
# webtalk_add_data -client project -key tool_flow -value "SDK" -context "software_version_and_target_device"
# webtalk_add_data -client project -key beta -value "false" -context "software_version_and_target_device"
# webtalk_add_data -client project -key route_design -value "NA" -context "software_version_and_target_device"
# webtalk_add_data -client project -key target_family -value "NA" -context "software_version_and_target_device"
# webtalk_add_data -client project -key target_device -value "NA" -context "software_version_and_target_device"
# webtalk_add_data -client project -key target_package -value "NA" -context "software_version_and_target_device"
# webtalk_add_data -client project -key target_speed -value "NA" -context "software_version_and_target_device"
# webtalk_add_data -client project -key random_id -value "1vdm3262gf4tpk5og7pskmn8c4" -context "software_version_and_target_device"
# webtalk_add_data -client project -key project_id -value "2018.2_2" -context "software_version_and_target_device"
# webtalk_add_data -client project -key project_iteration -value "2" -context "software_version_and_target_device"
# webtalk_add_data -client project -key os_name -value "Microsoft Windows 8 or later , 64-bit" -context "user_environment"
# webtalk_add_data -client project -key os_release -value "major release  (build 9200)" -context "user_environment"
# webtalk_add_data -client project -key cpu_name -value "Intel(R) Core(TM) i7-4770 CPU @ 3.40GHz" -context "user_environment"
# webtalk_add_data -client project -key cpu_speed -value "3400 MHz" -context "user_environment"
# webtalk_add_data -client project -key total_processors -value "1" -context "user_environment"
# webtalk_add_data -client project -key system_ram -value "17.115 GB" -context "user_environment"
# webtalk_register_client -client sdk
# webtalk_add_data -client sdk -key uid -value "1541800894227" -context "sdk\\\\hardware/1541800894227"
# webtalk_add_data -client sdk -key isZynq -value "false" -context "sdk\\\\hardware/1541800894227"
# webtalk_add_data -client sdk -key isZynqMP -value "false" -context "sdk\\\\hardware/1541800894227"
# webtalk_add_data -client sdk -key Processors -value "1" -context "sdk\\\\hardware/1541800894227"
# webtalk_add_data -client sdk -key VivadoVersion -value "2018.2" -context "sdk\\\\hardware/1541800894227"
# webtalk_add_data -client sdk -key Arch -value "kintex7" -context "sdk\\\\hardware/1541800894227"
# webtalk_add_data -client sdk -key Device -value "7k70t" -context "sdk\\\\hardware/1541800894227"
# webtalk_add_data -client sdk -key IsHandoff -value "true" -context "sdk\\\\hardware/1541800894227"
# webtalk_add_data -client sdk -key os -value "NA" -context "sdk\\\\hardware/1541800894227"
# webtalk_add_data -client sdk -key apptemplate -value "NA" -context "sdk\\\\hardware/1541800894227"
# webtalk_add_data -client sdk -key RecordType -value "HWCreation" -context "sdk\\\\hardware/1541800894227"
# webtalk_add_data -client sdk -key uid -value "1541801002053" -context "sdk\\\\bsp/1541801002053"
# webtalk_add_data -client sdk -key hwid -value "1541800894227" -context "sdk\\\\bsp/1541801002053"
# webtalk_add_data -client sdk -key os -value "standalone" -context "sdk\\\\bsp/1541801002053"
# webtalk_add_data -client sdk -key apptemplate -value "null" -context "sdk\\\\bsp/1541801002053"
# webtalk_add_data -client sdk -key RecordType -value "BSPCreation" -context "sdk\\\\bsp/1541801002053"
# webtalk_add_data -client sdk -key uid -value "1541801056035" -context "sdk\\\\application/1541801056035"
# webtalk_add_data -client sdk -key hwid -value "1541800894227" -context "sdk\\\\application/1541801056035"
# webtalk_add_data -client sdk -key bspid -value "1541801002053" -context "sdk\\\\application/1541801056035"
# webtalk_add_data -client sdk -key newbsp -value "false" -context "sdk\\\\application/1541801056035"
# webtalk_add_data -client sdk -key os -value "standalone" -context "sdk\\\\application/1541801056035"
# webtalk_add_data -client sdk -key apptemplate -value "empty_application" -context "sdk\\\\application/1541801056035"
# webtalk_add_data -client sdk -key RecordType -value "APPCreation" -context "sdk\\\\application/1541801056035"
# webtalk_add_data -client sdk -key LangUsed -value "C" -context "sdk\\\\application/1541801056035"
# webtalk_add_data -client sdk -key Procused -value "microblaze" -context "sdk\\\\application/1541801056035"
# webtalk_add_data -client sdk -key projSize -value "2137.5078125" -context "sdk\\\\application/1541801056035"
# webtalk_add_data -client sdk -key uid -value "NA" -context "sdk\\\\bsp/1541803055776"
# webtalk_add_data -client sdk -key RecordType -value "ToolUsage" -context "sdk\\\\bsp/1541803055776"
# webtalk_add_data -client sdk -key BootgenCount -value "0" -context "sdk\\\\bsp/1541803055776"
# webtalk_add_data -client sdk -key DebugCount -value "3" -context "sdk\\\\bsp/1541803055776"
# webtalk_add_data -client sdk -key PerfCount -value "0" -context "sdk\\\\bsp/1541803055776"
# webtalk_add_data -client sdk -key FlashCount -value "0" -context "sdk\\\\bsp/1541803055776"
# webtalk_add_data -client sdk -key CrossTriggCount -value "0" -context "sdk\\\\bsp/1541803055776"
# webtalk_add_data -client sdk -key QemuDebugCount -value "0" -context "sdk\\\\bsp/1541803055776"
# webtalk_transmit -clientid 368364359 -regid "" -xml F:\\Egyetem\\mikrorendszerek\\ddr3_dma\\ddr3_dma.sdk\\webtalk\\usage_statistics_ext_sdk.xml -html F:\\Egyetem\\mikrorendszerek\\ddr3_dma\\ddr3_dma.sdk\\webtalk\\usage_statistics_ext_sdk.html -wdm F:\\Egyetem\\mikrorendszerek\\ddr3_dma\\ddr3_dma.sdk\\webtalk\\sdk_webtalk.wdm -intro "<H3>SDK Usage Report</H3><BR>"
# webtalk_terminate
INFO: [Common 17-206] Exiting Webtalk at Fri Nov  9 23:37:38 2018...
