#-----------------------------------------------------------
# Vivado v2017.4 (64-bit)
# SW Build 2086221 on Fri Dec 15 20:55:39 MST 2017
# IP Build 2085800 on Fri Dec 15 22:25:07 MST 2017
# Start of session at: Sun Nov 25 16:05:37 2018
# Process ID: 9380
# Current directory: C:/Egyetem/MSc/2. félév/Mikrorendszerek/HF/Lab/project_1
# Command line: vivado.exe -gui_launcher_event rodinguilauncherevent7144 C:\Egyetem\MSc\2. félév\Mikrorendszerek\HF\Lab\project_1\project_1.xpr
# Log file: C:/Egyetem/MSc/2. félév/Mikrorendszerek/HF/Lab/project_1/vivado.log
# Journal file: C:/Egyetem/MSc/2. félév/Mikrorendszerek/HF/Lab/project_1\vivado.jou
#-----------------------------------------------------------
start_gui
open_project {C:/Egyetem/MSc/2. félév/Mikrorendszerek/HF/Lab/project_1/project_1.xpr}
INFO: [Project 1-313] Project file moved from 'C:/Users/Janos/Documents/Vivado/Lab/project_1' since last save.
Scanning sources...
Finished scanning sources
CRITICAL WARNING: [Project 1-192] Failed to load run synth_1. Strategy Vivado Synthesis Defaults (Vivado Synthesis 2018) not recognized by Vivado. 

CRITICAL WARNING: [Project 1-192] Failed to load run impl_1. Strategy Vivado Implementation Defaults (Vivado Implementation 2018) not recognized by Vivado. 

CRITICAL WARNING: [Project 1-505] Unrecognized Option Name MEMEnableMemoryMapGeneration
WARNING: [Project 1-231] Project 'project_1.xpr' was created with a future version and may or may not perform reliably with this version of Vivado. It has been opened in read-only mode for the protection of unrecognized data. Use 'File | Save Project As...' if you wish to alter a copy of the project.
INFO: [IP_Flow 19-234] Refreshing IP repositories
INFO: [IP_Flow 19-1704] No user IP repositories specified
INFO: [IP_Flow 19-2313] Loaded Vivado IP repository 'C:/Xilinx/Vivado/2017.4/data/ip'.
update_compile_order -fileset sources_1
exit
INFO: [Common 17-206] Exiting Vivado at Sun Nov 25 16:06:30 2018...
