MIG: 14:28:02 : Running customizer.xit
MIG: 14:28:03 : ################# RUNNING MIG INTERACTIVE ###################
MIG: 14:28:03 : Writing IN file for 'design_1_mig_7series_0_0'...compDirPath: c:/Xilinx/Vivado/2018.2/data/ip/xilinx/mig_7series_v4_1... instDirPath: c:/Users/Student/AppData/Roaming/Xilinx/Vivado/.Xil/Vivado-9704-fpga106/coregen/design_1_mig_7series_0_0
MIG: 14:28:03 : synp_flow:  -- synthesis_mode: Other
MIG: 14:28:03 : outputDirectory: c:/Users/Student/AppData/Roaming/Xilinx/Vivado/.Xil/Vivado-9704-fpga106/coregen/design_1_mig_7series_0_0/_tmp/
MIG: 14:28:03 : vivado_mode: xpg_bd
MIG: 14:28:03 :  locked false  
MIG: 14:28:03 : HDL Language: Verilog
MIG: 14:28:03 : compInfo: false
MIG: 14:28:03 : relative mig path: coregen/ip/xilinx/other/com/xilinx/ip/mig_7series_v4_1/bin/nt64/mig.exe
MIG: 14:28:03 : xilinx_path: C:/Xilinx/Vivado/2018.2/ids_lite/ISE
MIG: 14:28:03 : I am in catch area
MIG: 14:28:03 : Running C:/Xilinx/Vivado/2018.2/ids_lite/ISE/coregen/ip/xilinx/other/com/xilinx/ip/mig_7series_v4_1/bin/nt64/mig.exe -cg_exc_inp c:/Users/Student/AppData/Roaming/Xilinx/Vivado/.Xil/Vivado-9704-fpga106/coregen/design_1_mig_7series_0_0/xil_txt.in -cg_exc_out c:/Users/Student/AppData/Roaming/Xilinx/Vivado/.Xil/Vivado-9704-fpga106/coregen/design_1_mig_7series_0_0/xil_txt.out ... 
MIG: 14:38:07 : Prasad before: xmlPropertyPrj -- .prj
MIG: 14:38:07 : Prasad After: xmlPropertyPrj -- mig_a.prj
MIG: 14:38:07 : XML_INPUT_FILE: c:/Users/Student/AppData/Roaming/Xilinx/Vivado/.Xil/Vivado-9704-fpga106/coregen/design_1_mig_7series_0_0/mig_a.prj
MIG: 14:38:07 : Component_Name: design_1_mig_7series_0_0
MIG: 14:38:07 : Moving design_1_mig_7series_0_0 ...
MIG: 14:38:07 : Moving design_1_mig_7series_0_0.veo ...
MIG: 14:38:07 : Moving design_1_mig_7series_0_0_xmdf.tcl ...
MIG: 14:38:07 : Sending back 0
MIG: 14:38:09 : xml_input_file: mig_a.prj
MIG: 14:38:09 : Absolute path of xml_input_file: d:/Lab/AXI_DMA_Lab/AXI_DMA_Lab.srcs/sources_1/bd/design_1/ip/design_1_mig_7series_0_0/mig_a.prj
MIG: 14:38:09 : xml_input_file: mig_a.prj
MIG: 14:38:09 : Absolute path of xml_input_file: d:/Lab/AXI_DMA_Lab/AXI_DMA_Lab.srcs/sources_1/bd/design_1/ip/design_1_mig_7series_0_0/mig_a.prj
MIG: 14:38:09 : In updateAllModelParams
MIG: 14:38:09 : IGN:     <ModuleName>design_1_mig_7series_0_0</ModuleName> <==>     <ModuleName>design_1_mig_7series_0_0</ModuleName> 
MIG: 14:38:09 : IGN:         <InputClkFreq>100</InputClkFreq> <==>         <InputClkFreq>100</InputClkFreq> 
MIG: 14:38:09 : XGUI hdlLanguage: Verilog
MIG: 14:38:09 : xgui vivado_mode: xpg_bd
MIG: 14:38:09 : xgui hdlLanguage: Verilog -- hdlExt: v
MIG: 14:38:09 : Reading D:/Lab/AXI_DMA_Lab/AXI_DMA_Lab.srcs/sources_1/bd/design_1/ip/design_1_mig_7series_0_0/design_1_mig_7series_0_0/user_design/rtl/design_1_mig_7series_0_0_mig.v ...
MIG: 14:38:11 : 1
MIG: 14:38:11 : Inside fn mem: DDR3
MIG: 14:38:11 : detect_uiclk: 100000000
MIG: 14:38:11 : cntrl:  memtype: DDR3
MIG: 14:38:11 : 800
MIG: 14:38:11 :  MMCM_VCO single ctrl param_name: MMCM_VCO --  possibleMaxVcoVal: 800 
MIG: 14:38:11 : 
MIG: 14:38:11 : 1
MIG: 14:38:11 : 100000000
MIG: 14:38:11 : 
MIG: 14:38:11 :  polarity_value: 0
MIG: 14:38:11 : ACTIVE_HIGH
MIG: 14:38:11 : 
MIG: 14:38:11 : cntrl:  memtype: DDR3
MIG: 14:38:11 : Prasad ----: isMMCMExtraClkParam:: MMCM_CLKOUT0_EN --- "TRUE"
MIG: 14:38:11 : TRUE
MIG: 14:38:11 :  MMCM Enable Param: MMCM_CLKOUT0_EN ==> TRUE
MIG: 14:38:11 : Prasad ----: isMMCMExtraClkParam:: MMCM_CLKOUT1_EN --- "FALSE"
MIG: 14:38:11 : 
MIG: 14:38:11 :  MMCM Enable Param: MMCM_CLKOUT1_EN ==> FALSE
MIG: 14:38:11 : Prasad ----: isMMCMExtraClkParam:: MMCM_CLKOUT2_EN --- "FALSE"
MIG: 14:38:11 : 
MIG: 14:38:11 :  MMCM Enable Param: MMCM_CLKOUT2_EN ==> FALSE
MIG: 14:38:11 : Prasad ----: isMMCMExtraClkParam:: MMCM_CLKOUT3_EN --- "FALSE"
MIG: 14:38:11 : 
MIG: 14:38:11 :  MMCM Enable Param: MMCM_CLKOUT3_EN ==> FALSE
MIG: 14:38:11 : Prasad ----: isMMCMExtraClkParam:: MMCM_CLKOUT4_EN --- "FALSE"
MIG: 14:38:11 : 
MIG: 14:38:11 :  MMCM Enable Param: MMCM_CLKOUT4_EN ==> FALSE
MIG: 14:38:11 : Prasad ----: isMMCMExtraClkParam:: MMCM_CLKOUT0_DIVIDE --- 4.000
MIG: 14:38:11 : possibleMaxVcoVal:: 800 ---- paramName: MMCM_CLKOUT0_DIVIDE
MIG: 14:38:11 : 200000000
MIG: 14:38:11 :  MMCM Extra Param: MMCM_CLKOUT0_FREQ ==> 200000000
MIG: 14:38:11 : Prasad ----: isMMCMExtraClkParam:: MMCM_CLKOUT1_DIVIDE --- 1
MIG: 14:38:11 : possibleMaxVcoVal:: 800 ---- paramName: MMCM_CLKOUT1_DIVIDE
MIG: 14:38:11 : 800000000
MIG: 14:38:11 :  MMCM Extra Param: MMCM_CLKOUT1_FREQ ==> 800000000
MIG: 14:38:11 : Prasad ----: isMMCMExtraClkParam:: MMCM_CLKOUT2_DIVIDE --- 1
MIG: 14:38:11 : possibleMaxVcoVal:: 800 ---- paramName: MMCM_CLKOUT2_DIVIDE
MIG: 14:38:11 : 800000000
MIG: 14:38:11 :  MMCM Extra Param: MMCM_CLKOUT2_FREQ ==> 800000000
MIG: 14:38:11 : Prasad ----: isMMCMExtraClkParam:: MMCM_CLKOUT3_DIVIDE --- 1
MIG: 14:38:11 : possibleMaxVcoVal:: 800 ---- paramName: MMCM_CLKOUT3_DIVIDE
MIG: 14:38:11 : 800000000
MIG: 14:38:11 :  MMCM Extra Param: MMCM_CLKOUT3_FREQ ==> 800000000
MIG: 14:38:11 : Prasad ----: isMMCMExtraClkParam:: MMCM_CLKOUT4_DIVIDE --- 1
MIG: 14:38:11 : possibleMaxVcoVal:: 800 ---- paramName: MMCM_CLKOUT4_DIVIDE
MIG: 14:38:11 : 800000000
MIG: 14:38:11 :  MMCM Extra Param: MMCM_CLKOUT4_FREQ ==> 800000000
MIG: 14:38:11 : 
MIG: 14:38:11 :  Valid Param: DDR3_BANK_WIDTH ==> 3
MIG: 14:38:11 : 
MIG: 14:38:11 :  Valid Param: DDR3_CK_WIDTH ==> 1
MIG: 14:38:11 :  Invalid Param: DDR3_COL_WIDTH ==> 10
MIG: 14:38:11 : 
MIG: 14:38:11 :  Valid Param: DDR3_CS_WIDTH ==> 1
MIG: 14:38:11 : 
MIG: 14:38:11 :  Valid Param: DDR3_nCS_PER_RANK ==> 1
MIG: 14:38:11 : 
MIG: 14:38:11 :  Valid Param: DDR3_CKE_WIDTH ==> 1
MIG: 14:38:11 :  Invalid Param: DDR3_DATA_BUF_ADDR_WIDTH ==> 5
MIG: 14:38:11 :  Invalid Param: DDR3_DQ_CNT_WIDTH ==> 5
MIG: 14:38:11 :  Invalid Param: DDR3_DQ_PER_DM ==> 8
MIG: 14:38:11 : 4
MIG: 14:38:11 :  Valid Param: DDR3_DM_WIDTH ==> 4
MIG: 14:38:11 : 32
MIG: 14:38:11 :  Valid Param: DDR3_DQ_WIDTH ==> 32
MIG: 14:38:11 : 4
MIG: 14:38:11 :  Valid Param: DDR3_DQS_WIDTH ==> 4
MIG: 14:38:11 : 2
MIG: 14:38:11 :  Valid Param: DDR3_DQS_CNT_WIDTH ==> 2
MIG: 14:38:11 :  Invalid Param: DDR3_DRAM_WIDTH ==> 8
MIG: 14:38:11 : 
MIG: 14:38:11 :  Valid Param: ECC ==> OFF
MIG: 14:38:11 : 32
MIG: 14:38:11 :  Valid Param: DDR3_DATA_WIDTH ==> 32
MIG: 14:38:11 :  Invalid Param: ECC_TEST ==> "OFF"
MIG: 14:38:11 :  Invalid Param: DDR3_PAYLOAD_WIDTH ==> (ECC_TEST == "OFF") ? DATA_WIDTH : DQ_WIDTH
MIG: 14:38:11 :  Invalid Param: DDR3_MEM_ADDR_ORDER ==> "ROW_BANK_COLUMN"
MIG: 14:38:11 :  Invalid Param: DDR3_nBANK_MACHS ==> 4
MIG: 14:38:11 :  Invalid Param: DDR3_RANKS ==> 1
MIG: 14:38:11 : 
MIG: 14:38:11 :  Valid Param: DDR3_ODT_WIDTH ==> 1
MIG: 14:38:11 : 15
MIG: 14:38:11 :  Valid Param: DDR3_ROW_WIDTH ==> 15
MIG: 14:38:11 : 29
MIG: 14:38:11 :  Valid Param: DDR3_ADDR_WIDTH ==> 29
MIG: 14:38:11 : 
MIG: 14:38:11 :  Valid Param: DDR3_USE_CS_PORT ==> 1
MIG: 14:38:11 : 
MIG: 14:38:11 :  Valid Param: DDR3_USE_DM_PORT ==> 1
MIG: 14:38:11 : 
MIG: 14:38:11 :  Valid Param: DDR3_USE_ODT_PORT ==> 1
MIG: 14:38:11 :  Invalid Param: DDR3_IS_CLK_SHARED ==> "FALSE"
MIG: 14:38:11 :  Invalid Param: DDR3_PHY_CONTROL_MASTER_BANK ==> 0
MIG: 14:38:11 :  Invalid Param: DDR3_MEM_DENSITY ==> "4Gb"
MIG: 14:38:11 :  Invalid Param: DDR3_MEM_SPEEDGRADE ==> "107E"
MIG: 14:38:11 :  Invalid Param: DDR3_MEM_DEVICE_WIDTH ==> 16
MIG: 14:38:11 :  Invalid Param: DDR3_AL ==> "0"
MIG: 14:38:11 :  Invalid Param: DDR3_nAL ==> 0
MIG: 14:38:11 :  Invalid Param: DDR3_BURST_MODE ==> "8"
MIG: 14:38:11 :  Invalid Param: DDR3_BURST_TYPE ==> "SEQ"
MIG: 14:38:11 :  Invalid Param: DDR3_CL ==> 6
MIG: 14:38:11 :  Invalid Param: DDR3_CWL ==> 5
MIG: 14:38:11 :  Invalid Param: DDR3_OUTPUT_DRV ==> "LOW"
MIG: 14:38:11 :  Invalid Param: DDR3_RTT_NOM ==> "40"
MIG: 14:38:11 :  Invalid Param: DDR3_RTT_WR ==> "OFF"
MIG: 14:38:11 :  Invalid Param: DDR3_ADDR_CMD_MODE ==> "1T"
MIG: 14:38:11 : 
MIG: 14:38:11 :  Valid Param: DDR3_REG_CTRL ==> OFF
MIG: 14:38:11 :  Invalid Param: DDR3_CA_MIRROR ==> "OFF"
MIG: 14:38:11 :  Invalid Param: DDR3_VDD_OP_VOLT ==> "150"
MIG: 14:38:11 :  Invalid Param: DDR3_CLKIN_PERIOD ==> 10000
MIG: 14:38:11 :  Invalid Param: DDR3_CLKFBOUT_MULT ==> 8
MIG: 14:38:11 :  Invalid Param: DDR3_DIVCLK_DIVIDE ==> 1
MIG: 14:38:11 :  Invalid Param: DDR3_CLKOUT0_PHASE ==> 315.0
MIG: 14:38:11 :  Invalid Param: DDR3_CLKOUT0_DIVIDE ==> 1
MIG: 14:38:11 :  Invalid Param: DDR3_CLKOUT1_DIVIDE ==> 2
MIG: 14:38:11 :  Invalid Param: DDR3_CLKOUT2_DIVIDE ==> 32
MIG: 14:38:11 :  Invalid Param: DDR3_CLKOUT3_DIVIDE ==> 8
MIG: 14:38:11 :  Invalid Param: DDR3_MMCM_VCO ==> 800
MIG: 14:38:11 :  Invalid Param: DDR3_MMCM_MULT_F ==> 8
MIG: 14:38:11 :  Invalid Param: DDR3_MMCM_DIVCLK_DIVIDE ==> 1
MIG: 14:38:11 :  Invalid Param: DDR3_MMCM_CLKOUT0_EN ==> "TRUE"
MIG: 14:38:11 :  Invalid Param: DDR3_MMCM_CLKOUT1_EN ==> "FALSE"
MIG: 14:38:11 :  Invalid Param: DDR3_MMCM_CLKOUT2_EN ==> "FALSE"
MIG: 14:38:11 :  Invalid Param: DDR3_MMCM_CLKOUT3_EN ==> "FALSE"
MIG: 14:38:11 :  Invalid Param: DDR3_MMCM_CLKOUT4_EN ==> "FALSE"
MIG: 14:38:11 :  Invalid Param: DDR3_MMCM_CLKOUT0_DIVIDE ==> 4.000
MIG: 14:38:11 :  Invalid Param: DDR3_MMCM_CLKOUT1_DIVIDE ==> 1
MIG: 14:38:11 :  Invalid Param: DDR3_MMCM_CLKOUT2_DIVIDE ==> 1
MIG: 14:38:11 :  Invalid Param: DDR3_MMCM_CLKOUT3_DIVIDE ==> 1
MIG: 14:38:11 :  Invalid Param: DDR3_MMCM_CLKOUT4_DIVIDE ==> 1
MIG: 14:38:11 :  Invalid Param: DDR3_tCKE ==> 5000
MIG: 14:38:11 :  Invalid Param: DDR3_tFAW ==> 35000
MIG: 14:38:11 :  Invalid Param: DDR3_tPRDI ==> 1_000_000
MIG: 14:38:11 :  Invalid Param: DDR3_tRAS ==> 34000
MIG: 14:38:11 :  Invalid Param: DDR3_tRCD ==> 13910
MIG: 14:38:11 :  Invalid Param: DDR3_tREFI ==> 7800000
MIG: 14:38:11 :  Invalid Param: DDR3_tRFC ==> 260000
MIG: 14:38:11 :  Invalid Param: DDR3_tRP ==> 13910
MIG: 14:38:11 :  Invalid Param: DDR3_tRRD ==> 6000
MIG: 14:38:11 :  Invalid Param: DDR3_tRTP ==> 7500
MIG: 14:38:11 :  Invalid Param: DDR3_tWTR ==> 7500
MIG: 14:38:11 :  Invalid Param: DDR3_tZQI ==> 128_000_000
MIG: 14:38:11 :  Invalid Param: DDR3_tZQCS ==> 64
MIG: 14:38:11 :  Invalid Param: DDR3_SIM_BYPASS_INIT_CAL ==> "OFF"
MIG: 14:38:11 :  Invalid Param: DDR3_SIMULATION ==> "FALSE"
MIG: 14:38:11 :  Invalid Param: DDR3_BYTE_LANES_B0 ==> 4'b1111
MIG: 14:38:11 :  Invalid Param: DDR3_BYTE_LANES_B1 ==> 4'b0111
MIG: 14:38:11 :  Invalid Param: DDR3_BYTE_LANES_B2 ==> 4'b0000
MIG: 14:38:11 :  Invalid Param: DDR3_BYTE_LANES_B3 ==> 4'b0000
MIG: 14:38:11 :  Invalid Param: DDR3_BYTE_LANES_B4 ==> 4'b0000
MIG: 14:38:11 :  Invalid Param: DDR3_DATA_CTL_B0 ==> 4'b0001
MIG: 14:38:11 :  Invalid Param: DDR3_DATA_CTL_B1 ==> 4'b0111
MIG: 14:38:11 :  Invalid Param: DDR3_DATA_CTL_B2 ==> 4'b0000
MIG: 14:38:11 :  Invalid Param: DDR3_DATA_CTL_B3 ==> 4'b0000
MIG: 14:38:11 :  Invalid Param: DDR3_DATA_CTL_B4 ==> 4'b0000
MIG: 14:38:11 :  Invalid Param: DDR3_PHY_0_BITLANES ==> 48'h4F3_FEF_EC4_3FB
MIG: 14:38:11 :  Invalid Param: DDR3_PHY_1_BITLANES ==> 48'h000_3F7_3FD_1FF
MIG: 14:38:11 :  Invalid Param: DDR3_PHY_2_BITLANES ==> 48'h000_000_000_000
MIG: 14:38:11 :  Invalid Param: DDR3_CK_BYTE_MAP ==> 144'h00_00_00_00_00_00_00_00_00_00_00_00_00_00_00_00_00_01
MIG: 14:38:11 :  Invalid Param: DDR3_ADDR_MAP ==> 192'h000_036_037_021_030_016_031_035_026_027_03A_012_034_025_029_028
MIG: 14:38:11 :  Invalid Param: DDR3_BANK_MAP ==> 36'h020_019_01B
MIG: 14:38:11 :  Invalid Param: DDR3_CAS_MAP ==> 12'h023
MIG: 14:38:11 :  Invalid Param: DDR3_CKE_ODT_BYTE_MAP ==> 8'h00
MIG: 14:38:11 :  Invalid Param: DDR3_CKE_MAP ==> 96'h000_000_000_000_000_000_000_017
MIG: 14:38:11 :  Invalid Param: DDR3_ODT_MAP ==> 96'h000_000_000_000_000_000_000_02A
MIG: 14:38:11 :  Invalid Param: DDR3_CS_MAP ==> 120'h000_000_000_000_000_000_000_000_000_02B
MIG: 14:38:11 :  Invalid Param: DDR3_PARITY_MAP ==> 12'h000
MIG: 14:38:11 :  Invalid Param: DDR3_RAS_MAP ==> 12'h022
MIG: 14:38:11 :  Invalid Param: DDR3_WE_MAP ==> 12'h01A
MIG: 14:38:11 :  Invalid Param: DDR3_DQS_BYTE_MAP ==> 144'h00_00_00_00_00_00_00_00_00_00_00_00_00_00_10_11_00_12
MIG: 14:38:11 :  Invalid Param: DDR3_DATA0_MAP ==> 96'h127_128_125_124_122_121_129_126
MIG: 14:38:11 :  Invalid Param: DDR3_DATA1_MAP ==> 96'h009_001_006_003_008_005_004_000
MIG: 14:38:11 :  Invalid Param: DDR3_DATA2_MAP ==> 96'h110_117_119_113_112_116_114_118
MIG: 14:38:11 :  Invalid Param: DDR3_DATA3_MAP ==> 96'h107_102_104_103_100_108_106_101
MIG: 14:38:11 :  Invalid Param: DDR3_DATA4_MAP ==> 96'h000_000_000_000_000_000_000_000
MIG: 14:38:11 :  Invalid Param: DDR3_DATA5_MAP ==> 96'h000_000_000_000_000_000_000_000
MIG: 14:38:11 :  Invalid Param: DDR3_DATA6_MAP ==> 96'h000_000_000_000_000_000_000_000
MIG: 14:38:11 :  Invalid Param: DDR3_DATA7_MAP ==> 96'h000_000_000_000_000_000_000_000
MIG: 14:38:11 :  Invalid Param: DDR3_DATA8_MAP ==> 96'h000_000_000_000_000_000_000_000
MIG: 14:38:11 :  Invalid Param: DDR3_DATA9_MAP ==> 96'h000_000_000_000_000_000_000_000
MIG: 14:38:11 :  Invalid Param: DDR3_DATA10_MAP ==> 96'h000_000_000_000_000_000_000_000
MIG: 14:38:11 :  Invalid Param: DDR3_DATA11_MAP ==> 96'h000_000_000_000_000_000_000_000
MIG: 14:38:11 :  Invalid Param: DDR3_DATA12_MAP ==> 96'h000_000_000_000_000_000_000_000
MIG: 14:38:11 :  Invalid Param: DDR3_DATA13_MAP ==> 96'h000_000_000_000_000_000_000_000
MIG: 14:38:11 :  Invalid Param: DDR3_DATA14_MAP ==> 96'h000_000_000_000_000_000_000_000
MIG: 14:38:11 :  Invalid Param: DDR3_DATA15_MAP ==> 96'h000_000_000_000_000_000_000_000
MIG: 14:38:11 :  Invalid Param: DDR3_DATA16_MAP ==> 96'h000_000_000_000_000_000_000_000
MIG: 14:38:11 :  Invalid Param: DDR3_DATA17_MAP ==> 96'h000_000_000_000_000_000_000_000
MIG: 14:38:11 :  Invalid Param: DDR3_MASK0_MAP ==> 108'h000_000_000_000_000_105_115_007_120
MIG: 14:38:11 :  Invalid Param: DDR3_MASK1_MAP ==> 108'h000_000_000_000_000_000_000_000_000
MIG: 14:38:11 :  Invalid Param: DDR3_SLOT_0_CONFIG ==> 8'b0000_0001
MIG: 14:38:11 :  Invalid Param: DDR3_SLOT_1_CONFIG ==> 8'b0000_0000
MIG: 14:38:11 :  Invalid Param: DDR3_IBUF_LPWR_MODE ==> "OFF"
MIG: 14:38:11 :  Invalid Param: DDR3_DATA_IO_IDLE_PWRDWN ==> "ON"
MIG: 14:38:11 :  Invalid Param: DDR3_BANK_TYPE ==> "HP_IO"
MIG: 14:38:11 :  Invalid Param: DDR3_DATA_IO_PRIM_TYPE ==> "HP_LP"
MIG: 14:38:11 :  Invalid Param: DDR3_CKE_ODT_AUX ==> "FALSE"
MIG: 14:38:11 :  Invalid Param: DDR3_USER_REFRESH ==> "OFF"
MIG: 14:38:11 :  Invalid Param: DDR3_WRLVL ==> "ON"
MIG: 14:38:11 :  Invalid Param: DDR3_ORDERING ==> "NORM"
MIG: 14:38:11 :  Invalid Param: DDR3_CALIB_ROW_ADD ==> 16'h0000
MIG: 14:38:11 :  Invalid Param: DDR3_CALIB_COL_ADD ==> 12'h000
MIG: 14:38:11 :  Invalid Param: DDR3_CALIB_BA_ADD ==> 3'h0
MIG: 14:38:11 :  Invalid Param: DDR3_TCQ ==> 100
MIG: 14:38:11 :  Invalid Param: DDR3_IDELAY_ADJ ==> "OFF"
MIG: 14:38:11 :  Invalid Param: DDR3_FINE_PER_BIT ==> "OFF"
MIG: 14:38:11 :  Invalid Param: DDR3_CENTER_COMP_MODE ==> "OFF"
MIG: 14:38:11 :  Invalid Param: DDR3_PI_VAL_ADJ ==> "OFF"
MIG: 14:38:11 :  Invalid Param: DDR3_IODELAY_GRP0 ==> "DESIGN_1_MIG_7SERIES_0_0_IODELAY_MIG0"
MIG: 14:38:11 :  Invalid Param: DDR3_IODELAY_GRP1 ==> "DESIGN_1_MIG_7SERIES_0_0_IODELAY_MIG1"
MIG: 14:38:11 :  Invalid Param: DDR3_SYSCLK_TYPE ==> "NO_BUFFER"
MIG: 14:38:11 :  Invalid Param: DDR3_REFCLK_TYPE ==> "NO_BUFFER"
MIG: 14:38:11 :  Invalid Param: DDR3_SYS_RST_PORT ==> "FALSE"
MIG: 14:38:11 :  Invalid Param: DDR3_FPGA_SPEED_GRADE ==> 1
MIG: 14:38:11 :  Invalid Param: DDR3_CMD_PIPE_PLUS1 ==> "ON"
MIG: 14:38:11 :  Invalid Param: DDR3_DRAM_TYPE ==> "DDR3"
MIG: 14:38:11 :  Invalid Param: DDR3_CAL_WIDTH ==> "HALF"
MIG: 14:38:11 :  Invalid Param: DDR3_STARVE_LIMIT ==> 2
MIG: 14:38:11 :  Invalid Param: DDR3_REF_CLK_MMCM_IODELAY_CTRL ==> "FALSE"
MIG: 14:38:11 :  Invalid Param: DDR3_REFCLK_FREQ ==> 200.0
MIG: 14:38:11 :  Invalid Param: DDR3_DIFF_TERM_REFCLK ==> "TRUE"
MIG: 14:38:11 :  Invalid Param: DDR3_tCK ==> 2500
MIG: 14:38:11 : 4
MIG: 14:38:12 :  Valid Param: DDR3_nCK_PER_CLK ==> 4
MIG: 14:38:12 :  Invalid Param: DDR3_DIFF_TERM_SYSCLK ==> "TRUE"
MIG: 14:38:12 : TRUE
MIG: 14:38:12 :  Valid Param: UI_EXTRA_CLOCKS ==> TRUE
MIG: 14:38:12 : 
MIG: 14:38:12 :  Valid Param: C_S_AXI_ID_WIDTH ==> 4
MIG: 14:38:12 : 1073741824
MIG: 14:38:12 :  Valid Param: C_S_AXI_MEM_SIZE ==> 1073741824
MIG: 14:38:12 : 30
MIG: 14:38:12 :  Valid Param: C_S_AXI_ADDR_WIDTH ==> 30
MIG: 14:38:12 : 
MIG: 14:38:12 :  Valid Param: C_S_AXI_DATA_WIDTH ==> 32
MIG: 14:38:12 :  Invalid Param: DDR3_C_MC_nCK_PER_CLK ==> 4
MIG: 14:38:12 :  Invalid Param: C_S_AXI_SUPPORTS_NARROW_BURST ==> 0
MIG: 14:38:12 :  Invalid Param: DDR3_C_RD_WR_ARB_ALGORITHM ==> "ROUND_ROBIN"
MIG: 14:38:12 :  Invalid Param: C_S_AXI_REG_EN0 ==> 20'h00000
MIG: 14:38:12 :  Invalid Param: C_S_AXI_REG_EN1 ==> 20'h00000
MIG: 14:38:12 : 
MIG: 14:38:12 :  Valid Param: C_S_AXI_CTRL_ADDR_WIDTH ==> 32
MIG: 14:38:12 : 
MIG: 14:38:12 :  Valid Param: C_S_AXI_CTRL_DATA_WIDTH ==> 32
MIG: 14:38:12 :  Invalid Param: C_S_AXI_BASEADDR ==> 32'h0000_0000
MIG: 14:38:12 :  Invalid Param: C_ECC_ONOFF_RESET_VALUE ==> 1
MIG: 14:38:12 :  Invalid Param: C_ECC_CE_COUNTER_WIDTH ==> 8
MIG: 14:38:12 : 
MIG: 14:38:12 :  Valid Param: DDR3_DEBUG_PORT ==> OFF
MIG: 14:38:12 : 
MIG: 14:38:12 :  Invalid Param: DDR3_TEMP_MON_CONTROL ==> "INTERNAL"
MIG: 14:38:12 :  Invalid Param: DDR3_FPGA_VOLT_TYPE ==> "N"
MIG: 14:38:12 :  Invalid Param: DDR3_RST_ACT_LOW ==> 0
MIG: 14:38:12 : NOBUF
MIG: 14:38:12 : NOBUF
MIG: 14:38:12 : 
MIG: 14:38:12 : Same Interface
MIG: 15:08:32 : Running synthesis.xit
MIG: 15:08:32 : IGN:     <ModuleName>design_1_mig_7series_0_0</ModuleName> <==>     <ModuleName>design_1_mig_7series_0_0</ModuleName> 
MIG: 15:08:32 : IGN:         <InputClkFreq>100</InputClkFreq> <==>         <InputClkFreq>100</InputClkFreq> 
MIG: 15:08:32 : Running vlog_synth_rpr.xit
MIG: 15:08:32 : IGN:     <ModuleName>design_1_mig_7series_0_0</ModuleName> <==>     <ModuleName>design_1_mig_7series_0_0</ModuleName> 
MIG: 15:08:32 : IGN:         <InputClkFreq>100</InputClkFreq> <==>         <InputClkFreq>100</InputClkFreq> 
MIG: 15:08:32 : Running simulation.xit
MIG: 15:08:33 : IGN:     <ModuleName>design_1_mig_7series_0_0</ModuleName> <==>     <ModuleName>design_1_mig_7series_0_0</ModuleName> 
MIG: 15:08:33 : IGN:         <InputClkFreq>100</InputClkFreq> <==>         <InputClkFreq>100</InputClkFreq> 
MIG: 15:08:33 : Running vlog_sim_rpr.xit .. PRASAD DBG1
MIG: 15:08:33 : IGN:     <ModuleName>design_1_mig_7series_0_0</ModuleName> <==>     <ModuleName>design_1_mig_7series_0_0</ModuleName> 
MIG: 15:08:33 : IGN:         <InputClkFreq>100</InputClkFreq> <==>         <InputClkFreq>100</InputClkFreq> 
MIG: 15:08:33 : Running implementation.xit
MIG: 15:08:33 : IGN:     <ModuleName>design_1_mig_7series_0_0</ModuleName> <==>     <ModuleName>design_1_mig_7series_0_0</ModuleName> 
MIG: 15:08:33 : IGN:         <InputClkFreq>100</InputClkFreq> <==>         <InputClkFreq>100</InputClkFreq> 
